[2019-12-08 10:54:27] local.ERROR: SQLSTATE[HY000] [2002] Kan geen verbinding maken omdat de doelcomputer de verbinding actief heeft geweigerd.
 (SQL: select * from `pizza_ingredients`) {"exception":"[object] (Illuminate\\Database\\QueryException(code: 2002): SQLSTATE[HY000] [2002] Kan geen verbinding maken omdat de doelcomputer de verbinding actief heeft geweigerd.
 (SQL: select * from `pizza_ingredients`) at C:\\web\\Pizza_Builder_FinalProject_v3\\Pizza_Builder_Development\\vendor\\laravel\\framework\\src\\Illuminate\\Database\\Connection.php:665)
[stacktrace]
#0 C:\\web\\Pizza_Builder_FinalProject_v3\\Pizza_Builder_Development\\vendor\\laravel\\framework\\src\\Illuminate\\Database\\Connection.php(625): Illuminate\\Database\\Connection->runQueryCallback('select * from `...', Array, Object(Closure))
#1 C:\\web\\Pizza_Builder_FinalProject_v3\\Pizza_Builder_Development\\vendor\\laravel\\framework\\src\\Illuminate\\Database\\Connection.php(334): Illuminate\\Database\\Connection->run('select * from `...', Array, Object(Closure))
#2 C:\\web\\Pizza_Builder_FinalProject_v3\\Pizza_Builder_Development\\vendor\\laravel\\framework\\src\\Illuminate\\Database\\Query\\Builder.php(2130): Illuminate\\Database\\Connection->select('select * from `...', Array, true)
#3 C:\\web\\Pizza_Builder_FinalProject_v3\\Pizza_Builder_Development\\vendor\\laravel\\framework\\src\\Illuminate\\Database\\Query\\Builder.php(2118): Illuminate\\Database\\Query\\Builder->runSelect()
#4 C:\\web\\Pizza_Builder_FinalProject_v3\\Pizza_Builder_Development\\vendor\\laravel\\framework\\src\\Illuminate\\Database\\Query\\Builder.php(2562): Illuminate\\Database\\Query\\Builder->Illuminate\\Database\\Query\\{closure}()
#5 C:\\web\\Pizza_Builder_FinalProject_v3\\Pizza_Builder_Development\\vendor\\laravel\\framework\\src\\Illuminate\\Database\\Query\\Builder.php(2119): Illuminate\\Database\\Query\\Builder->onceWithColumns(Array, Object(Closure))
#6 C:\\web\\Pizza_Builder_FinalProject_v3\\Pizza_Builder_Development\\vendor\\laravel\\framework\\src\\Illuminate\\Database\\Eloquent\\Builder.php(521): Illuminate\\Database\\Query\\Builder->get(Array)
#7 C:\\web\\Pizza_Builder_FinalProject_v3\\Pizza_Builder_Development\\vendor\\laravel\\framework\\src\\Illuminate\\Database\\Eloquent\\Builder.php(505): Illuminate\\Database\\Eloquent\\Builder->getModels(Array)
#8 C:\\web\\Pizza_Builder_FinalProject_v3\\Pizza_Builder_Development\\vendor\\laravel\\framework\\src\\Illuminate\\Support\\Traits\\ForwardsCalls.php(23): Illuminate\\Database\\Eloquent\\Builder->get()
#9 C:\\web\\Pizza_Builder_FinalProject_v3\\Pizza_Builder_Development\\vendor\\laravel\\framework\\src\\Illuminate\\Database\\Eloquent\\Model.php(1618): Illuminate\\Database\\Eloquent\\Model->forwardCallTo(Object(Illuminate\\Database\\Eloquent\\Builder), 'get', Array)
#10 C:\\web\\Pizza_Builder_FinalProject_v3\\Pizza_Builder_Development\\vendor\\laravel\\framework\\src\\Illuminate\\Database\\Eloquent\\Model.php(1630): Illuminate\\Database\\Eloquent\\Model->__call('get', Array)
#11 C:\\web\\Pizza_Builder_FinalProject_v3\\Pizza_Builder_Development\\app\\Http\\Controllers\\PizzaIngredientController.php(15): Illuminate\\Database\\Eloquent\\Model::__callStatic('get', Array)
#12 [internal function]: App\\Http\\Controllers\\PizzaIngredientController->index()
#13 C:\\web\\Pizza_Builder_FinalProject_v3\\Pizza_Builder_Development\\vendor\\laravel\\framework\\src\\Illuminate\\Routing\\Controller.php(54): call_user_func_array(Array, Array)
#14 C:\\web\\Pizza_Builder_FinalProject_v3\\Pizza_Builder_Development\\vendor\\laravel\\framework\\src\\Illuminate\\Routing\\ControllerDispatcher.php(45): Illuminate\\Routing\\Controller->callAction('index', Array)
#15 C:\\web\\Pizza_Builder_FinalProject_v3\\Pizza_Builder_Development\\vendor\\laravel\\framework\\src\\Illuminate\\Routing\\Route.php(219): Illuminate\\Routing\\ControllerDispatcher->dispatch(Object(Illuminate\\Routing\\Route), Object(App\\Http\\Controllers\\PizzaIngredientController), 'index')
#16 C:\\web\\Pizza_Builder_FinalProject_v3\\Pizza_Builder_Development\\vendor\\laravel\\framework\\src\\Illuminate\\Routing\\Route.php(176): Illuminate\\Routing\\Route->runController()
#17 C:\\web\\Pizza_Builder_FinalProject_v3\\Pizza_Builder_Development\\vendor\\laravel\\framework\\src\\Illuminate\\Routing\\Router.php(680): Illuminate\\Routing\\Route->run()
#18 C:\\web\\Pizza_Builder_FinalProject_v3\\Pizza_Builder_Development\\vendor\\laravel\\framework\\src\\Illuminate\\Pipeline\\Pipeline.php(130): Illuminate\\Routing\\Router->Illuminate\\Routing\\{closure}(Object(Illuminate\\Http\\Request))
#19 C:\\web\\Pizza_Builder_FinalProject_v3\\Pizza_Builder_Development\\vendor\\laravel\\framework\\src\\Illuminate\\Routing\\Middleware\\SubstituteBindings.php(41): Illuminate\\Pipeline\\Pipeline->Illuminate\\Pipeline\\{closure}(Object(Illuminate\\Http\\Request))
#20 C:\\web\\Pizza_Builder_FinalProject_v3\\Pizza_Builder_Development\\vendor\\laravel\\framework\\src\\Illuminate\\Pipeline\\Pipeline.php(171): Illuminate\\Routing\\Middleware\\SubstituteBindings->handle(Object(Illuminate\\Http\\Request), Object(Closure))
#21 C:\\web\\Pizza_Builder_FinalProject_v3\\Pizza_Builder_Development\\vendor\\laravel\\framework\\src\\Illuminate\\Routing\\Middleware\\ThrottleRequests.php(59): Illuminate\\Pipeline\\Pipeline->Illuminate\\Pipeline\\{closure}(Object(Illuminate\\Http\\Request))
#22 C:\\web\\Pizza_Builder_FinalProject_v3\\Pizza_Builder_Development\\vendor\\laravel\\framework\\src\\Illuminate\\Pipeline\\Pipeline.php(171): Illuminate\\Routing\\Middleware\\ThrottleRequests->handle(Object(Illuminate\\Http\\Request), Object(Closure), 60, '1')
#23 C:\\web\\Pizza_Builder_FinalProject_v3\\Pizza_Builder_Development\\vendor\\laravel\\framework\\src\\Illuminate\\Pipeline\\Pipeline.php(105): Illuminate\\Pipeline\\Pipeline->Illuminate\\Pipeline\\{closure}(Object(Illuminate\\Http\\Request))
#24 C:\\web\\Pizza_Builder_FinalProject_v3\\Pizza_Builder_Development\\vendor\\laravel\\framework\\src\\Illuminate\\Routing\\Router.php(682): Illuminate\\Pipeline\\Pipeline->then(Object(Closure))
#25 C:\\web\\Pizza_Builder_FinalProject_v3\\Pizza_Builder_Development\\vendor\\laravel\\framework\\src\\Illuminate\\Routing\\Router.php(657): Illuminate\\Routing\\Router->runRouteWithinStack(Object(Illuminate\\Routing\\Route), Object(Illuminate\\Http\\Request))
#26 C:\\web\\Pizza_Builder_FinalProject_v3\\Pizza_Builder_Development\\vendor\\laravel\\framework\\src\\Illuminate\\Routing\\Router.php(623): Illuminate\\Routing\\Router->runRoute(Object(Illuminate\\Http\\Request), Object(Illuminate\\Routing\\Route))
#27 C:\\web\\Pizza_Builder_FinalProject_v3\\Pizza_Builder_Development\\vendor\\laravel\\framework\\src\\Illuminate\\Routing\\Router.php(612): Illuminate\\Routing\\Router->dispatchToRoute(Object(Illuminate\\Http\\Request))
#28 C:\\web\\Pizza_Builder_FinalProject_v3\\Pizza_Builder_Development\\vendor\\laravel\\framework\\src\\Illuminate\\Foundation\\Http\\Kernel.php(176): Illuminate\\Routing\\Router->dispatch(Object(Illuminate\\Http\\Request))
#29 C:\\web\\Pizza_Builder_FinalProject_v3\\Pizza_Builder_Development\\vendor\\laravel\\framework\\src\\Illuminate\\Pipeline\\Pipeline.php(130): Illuminate\\Foundation\\Http\\Kernel->Illuminate\\Foundation\\Http\\{closure}(Object(Illuminate\\Http\\Request))
#30 C:\\web\\Pizza_Builder_FinalProject_v3\\Pizza_Builder_Development\\vendor\\laravel\\framework\\src\\Illuminate\\Foundation\\Http\\Middleware\\TransformsRequest.php(21): Illuminate\\Pipeline\\Pipeline->Illuminate\\Pipeline\\{closure}(Object(Illuminate\\Http\\Request))
#31 C:\\web\\Pizza_Builder_FinalProject_v3\\Pizza_Builder_Development\\vendor\\laravel\\framework\\src\\Illuminate\\Pipeline\\Pipeline.php(171): Illuminate\\Foundation\\Http\\Middleware\\TransformsRequest->handle(Object(Illuminate\\Http\\Request), Object(Closure))
#32 C:\\web\\Pizza_Builder_FinalProject_v3\\Pizza_Builder_Development\\vendor\\laravel\\framework\\src\\Illuminate\\Foundation\\Http\\Middleware\\TransformsRequest.php(21): Illuminate\\Pipeline\\Pipeline->Illuminate\\Pipeline\\{closure}(Object(Illuminate\\Http\\Request))
#33 C:\\web\\Pizza_Builder_FinalProject_v3\\Pizza_Builder_Development\\vendor\\laravel\\framework\\src\\Illuminate\\Pipeline\\Pipeline.php(171): Illuminate\\Foundation\\Http\\Middleware\\TransformsRequest->handle(Object(Illuminate\\Http\\Request), Object(Closure))
#34 C:\\web\\Pizza_Builder_FinalProject_v3\\Pizza_Builder_Development\\vendor\\laravel\\framework\\src\\Illuminate\\Foundation\\Http\\Middleware\\ValidatePostSize.php(27): Illuminate\\Pipeline\\Pipeline->Illuminate\\Pipeline\\{closure}(Object(Illuminate\\Http\\Request))
#35 C:\\web\\Pizza_Builder_FinalProject_v3\\Pizza_Builder_Development\\vendor\\laravel\\framework\\src\\Illuminate\\Pipeline\\Pipeline.php(171): Illuminate\\Foundation\\Http\\Middleware\\ValidatePostSize->handle(Object(Illuminate\\Http\\Request), Object(Closure))
#36 C:\\web\\Pizza_Builder_FinalProject_v3\\Pizza_Builder_Development\\vendor\\laravel\\framework\\src\\Illuminate\\Foundation\\Http\\Middleware\\CheckForMaintenanceMode.php(62): Illuminate\\Pipeline\\Pipeline->Illuminate\\Pipeline\\{closure}(Object(Illuminate\\Http\\Request))
#37 C:\\web\\Pizza_Builder_FinalProject_v3\\Pizza_Builder_Development\\vendor\\laravel\\framework\\src\\Illuminate\\Pipeline\\Pipeline.php(171): Illuminate\\Foundation\\Http\\Middleware\\CheckForMaintenanceMode->handle(Object(Illuminate\\Http\\Request), Object(Closure))
#38 C:\\web\\Pizza_Builder_FinalProject_v3\\Pizza_Builder_Development\\vendor\\fideloper\\proxy\\src\\TrustProxies.php(57): Illuminate\\Pipeline\\Pipeline->Illuminate\\Pipeline\\{closure}(Object(Illuminate\\Http\\Request))
#39 C:\\web\\Pizza_Builder_FinalProject_v3\\Pizza_Builder_Development\\vendor\\laravel\\framework\\src\\Illuminate\\Pipeline\\Pipeline.php(171): Fideloper\\Proxy\\TrustProxies->handle(Object(Illuminate\\Http\\Request), Object(Closure))
#40 C:\\web\\Pizza_Builder_FinalProject_v3\\Pizza_Builder_Development\\vendor\\laravel\\framework\\src\\Illuminate\\Pipeline\\Pipeline.php(105): Illuminate\\Pipeline\\Pipeline->Illuminate\\Pipeline\\{closure}(Object(Illuminate\\Http\\Request))
#41 C:\\web\\Pizza_Builder_FinalProject_v3\\Pizza_Builder_Development\\vendor\\laravel\\framework\\src\\Illuminate\\Foundation\\Http\\Kernel.php(151): Illuminate\\Pipeline\\Pipeline->then(Object(Closure))
#42 C:\\web\\Pizza_Builder_FinalProject_v3\\Pizza_Builder_Development\\vendor\\laravel\\framework\\src\\Illuminate\\Foundation\\Http\\Kernel.php(116): Illuminate\\Foundation\\Http\\Kernel->sendRequestThroughRouter(Object(Illuminate\\Http\\Request))
#43 C:\\web\\Pizza_Builder_FinalProject_v3\\Pizza_Builder_Development\\public\\index.php(55): Illuminate\\Foundation\\Http\\Kernel->handle(Object(Illuminate\\Http\\Request))
#44 C:\\web\\Pizza_Builder_FinalProject_v3\\Pizza_Builder_Development\\server.php(21): require_once('C:\\\\web\\\\Pizza_Bu...')
#45 {main}

[previous exception] [object] (PDOException(code: 2002): SQLSTATE[HY000] [2002] Kan geen verbinding maken omdat de doelcomputer de verbinding actief heeft geweigerd.
 at C:\\web\\Pizza_Builder_FinalProject_v3\\Pizza_Builder_Development\\vendor\\laravel\\framework\\src\\Illuminate\\Database\\Connectors\\Connector.php:70)
[stacktrace]
#0 C:\\web\\Pizza_Builder_FinalProject_v3\\Pizza_Builder_Development\\vendor\\laravel\\framework\\src\\Illuminate\\Database\\Connectors\\Connector.php(70): PDO->__construct('mysql:host=127....', 'root', '', Array)
#1 C:\\web\\Pizza_Builder_FinalProject_v3\\Pizza_Builder_Development\\vendor\\laravel\\framework\\src\\Illuminate\\Database\\Connectors\\Connector.php(46): Illuminate\\Database\\Connectors\\Connector->createPdoConnection('mysql:host=127....', 'root', '', Array)
#2 C:\\web\\Pizza_Builder_FinalProject_v3\\Pizza_Builder_Development\\vendor\\laravel\\framework\\src\\Illuminate\\Database\\Connectors\\MySqlConnector.php(24): Illuminate\\Database\\Connectors\\Connector->createConnection('mysql:host=127....', Array, Array)
#3 C:\\web\\Pizza_Builder_FinalProject_v3\\Pizza_Builder_Development\\vendor\\laravel\\framework\\src\\Illuminate\\Database\\Connectors\\ConnectionFactory.php(182): Illuminate\\Database\\Connectors\\MySqlConnector->connect(Array)
#4 [internal function]: Illuminate\\Database\\Connectors\\ConnectionFactory->Illuminate\\Database\\Connectors\\{closure}()
#5 C:\\web\\Pizza_Builder_FinalProject_v3\\Pizza_Builder_Development\\vendor\\laravel\\framework\\src\\Illuminate\\Database\\Connection.php(920): call_user_func(Object(Closure))
#6 C:\\web\\Pizza_Builder_FinalProject_v3\\Pizza_Builder_Development\\vendor\\laravel\\framework\\src\\Illuminate\\Database\\Connection.php(945): Illuminate\\Database\\Connection->getPdo()
#7 C:\\web\\Pizza_Builder_FinalProject_v3\\Pizza_Builder_Development\\vendor\\laravel\\framework\\src\\Illuminate\\Database\\Connection.php(400): Illuminate\\Database\\Connection->getReadPdo()
#8 C:\\web\\Pizza_Builder_FinalProject_v3\\Pizza_Builder_Development\\vendor\\laravel\\framework\\src\\Illuminate\\Database\\Connection.php(326): Illuminate\\Database\\Connection->getPdoForSelect(true)
#9 C:\\web\\Pizza_Builder_FinalProject_v3\\Pizza_Builder_Development\\vendor\\laravel\\framework\\src\\Illuminate\\Database\\Connection.php(658): Illuminate\\Database\\Connection->Illuminate\\Database\\{closure}('select * from `...', Array)
#10 C:\\web\\Pizza_Builder_FinalProject_v3\\Pizza_Builder_Development\\vendor\\laravel\\framework\\src\\Illuminate\\Database\\Connection.php(625): Illuminate\\Database\\Connection->runQueryCallback('select * from `...', Array, Object(Closure))
#11 C:\\web\\Pizza_Builder_FinalProject_v3\\Pizza_Builder_Development\\vendor\\laravel\\framework\\src\\Illuminate\\Database\\Connection.php(334): Illuminate\\Database\\Connection->run('select * from `...', Array, Object(Closure))
#12 C:\\web\\Pizza_Builder_FinalProject_v3\\Pizza_Builder_Development\\vendor\\laravel\\framework\\src\\Illuminate\\Database\\Query\\Builder.php(2130): Illuminate\\Database\\Connection->select('select * from `...', Array, true)
#13 C:\\web\\Pizza_Builder_FinalProject_v3\\Pizza_Builder_Development\\vendor\\laravel\\framework\\src\\Illuminate\\Database\\Query\\Builder.php(2118): Illuminate\\Database\\Query\\Builder->runSelect()
#14 C:\\web\\Pizza_Builder_FinalProject_v3\\Pizza_Builder_Development\\vendor\\laravel\\framework\\src\\Illuminate\\Database\\Query\\Builder.php(2562): Illuminate\\Database\\Query\\Builder->Illuminate\\Database\\Query\\{closure}()
#15 C:\\web\\Pizza_Builder_FinalProject_v3\\Pizza_Builder_Development\\vendor\\laravel\\framework\\src\\Illuminate\\Database\\Query\\Builder.php(2119): Illuminate\\Database\\Query\\Builder->onceWithColumns(Array, Object(Closure))
#16 C:\\web\\Pizza_Builder_FinalProject_v3\\Pizza_Builder_Development\\vendor\\laravel\\framework\\src\\Illuminate\\Database\\Eloquent\\Builder.php(521): Illuminate\\Database\\Query\\Builder->get(Array)
#17 C:\\web\\Pizza_Builder_FinalProject_v3\\Pizza_Builder_Development\\vendor\\laravel\\framework\\src\\Illuminate\\Database\\Eloquent\\Builder.php(505): Illuminate\\Database\\Eloquent\\Builder->getModels(Array)
#18 C:\\web\\Pizza_Builder_FinalProject_v3\\Pizza_Builder_Development\\vendor\\laravel\\framework\\src\\Illuminate\\Support\\Traits\\ForwardsCalls.php(23): Illuminate\\Database\\Eloquent\\Builder->get()
#19 C:\\web\\Pizza_Builder_FinalProject_v3\\Pizza_Builder_Development\\vendor\\laravel\\framework\\src\\Illuminate\\Database\\Eloquent\\Model.php(1618): Illuminate\\Database\\Eloquent\\Model->forwardCallTo(Object(Illuminate\\Database\\Eloquent\\Builder), 'get', Array)
#20 C:\\web\\Pizza_Builder_FinalProject_v3\\Pizza_Builder_Development\\vendor\\laravel\\framework\\src\\Illuminate\\Database\\Eloquent\\Model.php(1630): Illuminate\\Database\\Eloquent\\Model->__call('get', Array)
#21 C:\\web\\Pizza_Builder_FinalProject_v3\\Pizza_Builder_Development\\app\\Http\\Controllers\\PizzaIngredientController.php(15): Illuminate\\Database\\Eloquent\\Model::__callStatic('get', Array)
#22 [internal function]: App\\Http\\Controllers\\PizzaIngredientController->index()
#23 C:\\web\\Pizza_Builder_FinalProject_v3\\Pizza_Builder_Development\\vendor\\laravel\\framework\\src\\Illuminate\\Routing\\Controller.php(54): call_user_func_array(Array, Array)
#24 C:\\web\\Pizza_Builder_FinalProject_v3\\Pizza_Builder_Development\\vendor\\laravel\\framework\\src\\Illuminate\\Routing\\ControllerDispatcher.php(45): Illuminate\\Routing\\Controller->callAction('index', Array)
#25 C:\\web\\Pizza_Builder_FinalProject_v3\\Pizza_Builder_Development\\vendor\\laravel\\framework\\src\\Illuminate\\Routing\\Route.php(219): Illuminate\\Routing\\ControllerDispatcher->dispatch(Object(Illuminate\\Routing\\Route), Object(App\\Http\\Controllers\\PizzaIngredientController), 'index')
#26 C:\\web\\Pizza_Builder_FinalProject_v3\\Pizza_Builder_Development\\vendor\\laravel\\framework\\src\\Illuminate\\Routing\\Route.php(176): Illuminate\\Routing\\Route->runController()
#27 C:\\web\\Pizza_Builder_FinalProject_v3\\Pizza_Builder_Development\\vendor\\laravel\\framework\\src\\Illuminate\\Routing\\Router.php(680): Illuminate\\Routing\\Route->run()
#28 C:\\web\\Pizza_Builder_FinalProject_v3\\Pizza_Builder_Development\\vendor\\laravel\\framework\\src\\Illuminate\\Pipeline\\Pipeline.php(130): Illuminate\\Routing\\Router->Illuminate\\Routing\\{closure}(Object(Illuminate\\Http\\Request))
#29 C:\\web\\Pizza_Builder_FinalProject_v3\\Pizza_Builder_Development\\vendor\\laravel\\framework\\src\\Illuminate\\Routing\\Middleware\\SubstituteBindings.php(41): Illuminate\\Pipeline\\Pipeline->Illuminate\\Pipeline\\{closure}(Object(Illuminate\\Http\\Request))
#30 C:\\web\\Pizza_Builder_FinalProject_v3\\Pizza_Builder_Development\\vendor\\laravel\\framework\\src\\Illuminate\\Pipeline\\Pipeline.php(171): Illuminate\\Routing\\Middleware\\SubstituteBindings->handle(Object(Illuminate\\Http\\Request), Object(Closure))
#31 C:\\web\\Pizza_Builder_FinalProject_v3\\Pizza_Builder_Development\\vendor\\laravel\\framework\\src\\Illuminate\\Routing\\Middleware\\ThrottleRequests.php(59): Illuminate\\Pipeline\\Pipeline->Illuminate\\Pipeline\\{closure}(Object(Illuminate\\Http\\Request))
#32 C:\\web\\Pizza_Builder_FinalProject_v3\\Pizza_Builder_Development\\vendor\\laravel\\framework\\src\\Illuminate\\Pipeline\\Pipeline.php(171): Illuminate\\Routing\\Middleware\\ThrottleRequests->handle(Object(Illuminate\\Http\\Request), Object(Closure), 60, '1')
#33 C:\\web\\Pizza_Builder_FinalProject_v3\\Pizza_Builder_Development\\vendor\\laravel\\framework\\src\\Illuminate\\Pipeline\\Pipeline.php(105): Illuminate\\Pipeline\\Pipeline->Illuminate\\Pipeline\\{closure}(Object(Illuminate\\Http\\Request))
#34 C:\\web\\Pizza_Builder_FinalProject_v3\\Pizza_Builder_Development\\vendor\\laravel\\framework\\src\\Illuminate\\Routing\\Router.php(682): Illuminate\\Pipeline\\Pipeline->then(Object(Closure))
#35 C:\\web\\Pizza_Builder_FinalProject_v3\\Pizza_Builder_Development\\vendor\\laravel\\framework\\src\\Illuminate\\Routing\\Router.php(657): Illuminate\\Routing\\Router->runRouteWithinStack(Object(Illuminate\\Routing\\Route), Object(Illuminate\\Http\\Request))
#36 C:\\web\\Pizza_Builder_FinalProject_v3\\Pizza_Builder_Development\\vendor\\laravel\\framework\\src\\Illuminate\\Routing\\Router.php(623): Illuminate\\Routing\\Router->runRoute(Object(Illuminate\\Http\\Request), Object(Illuminate\\Routing\\Route))
#37 C:\\web\\Pizza_Builder_FinalProject_v3\\Pizza_Builder_Development\\vendor\\laravel\\framework\\src\\Illuminate\\Routing\\Router.php(612): Illuminate\\Routing\\Router->dispatchToRoute(Object(Illuminate\\Http\\Request))
#38 C:\\web\\Pizza_Builder_FinalProject_v3\\Pizza_Builder_Development\\vendor\\laravel\\framework\\src\\Illuminate\\Foundation\\Http\\Kernel.php(176): Illuminate\\Routing\\Router->dispatch(Object(Illuminate\\Http\\Request))
#39 C:\\web\\Pizza_Builder_FinalProject_v3\\Pizza_Builder_Development\\vendor\\laravel\\framework\\src\\Illuminate\\Pipeline\\Pipeline.php(130): Illuminate\\Foundation\\Http\\Kernel->Illuminate\\Foundation\\Http\\{closure}(Object(Illuminate\\Http\\Request))
#40 C:\\web\\Pizza_Builder_FinalProject_v3\\Pizza_Builder_Development\\vendor\\laravel\\framework\\src\\Illuminate\\Foundation\\Http\\Middleware\\TransformsRequest.php(21): Illuminate\\Pipeline\\Pipeline->Illuminate\\Pipeline\\{closure}(Object(Illuminate\\Http\\Request))
#41 C:\\web\\Pizza_Builder_FinalProject_v3\\Pizza_Builder_Development\\vendor\\laravel\\framework\\src\\Illuminate\\Pipeline\\Pipeline.php(171): Illuminate\\Foundation\\Http\\Middleware\\TransformsRequest->handle(Object(Illuminate\\Http\\Request), Object(Closure))
#42 C:\\web\\Pizza_Builder_FinalProject_v3\\Pizza_Builder_Development\\vendor\\laravel\\framework\\src\\Illuminate\\Foundation\\Http\\Middleware\\TransformsRequest.php(21): Illuminate\\Pipeline\\Pipeline->Illuminate\\Pipeline\\{closure}(Object(Illuminate\\Http\\Request))
#43 C:\\web\\Pizza_Builder_FinalProject_v3\\Pizza_Builder_Development\\vendor\\laravel\\framework\\src\\Illuminate\\Pipeline\\Pipeline.php(171): Illuminate\\Foundation\\Http\\Middleware\\TransformsRequest->handle(Object(Illuminate\\Http\\Request), Object(Closure))
#44 C:\\web\\Pizza_Builder_FinalProject_v3\\Pizza_Builder_Development\\vendor\\laravel\\framework\\src\\Illuminate\\Foundation\\Http\\Middleware\\ValidatePostSize.php(27): Illuminate\\Pipeline\\Pipeline->Illuminate\\Pipeline\\{closure}(Object(Illuminate\\Http\\Request))
#45 C:\\web\\Pizza_Builder_FinalProject_v3\\Pizza_Builder_Development\\vendor\\laravel\\framework\\src\\Illuminate\\Pipeline\\Pipeline.php(171): Illuminate\\Foundation\\Http\\Middleware\\ValidatePostSize->handle(Object(Illuminate\\Http\\Request), Object(Closure))
#46 C:\\web\\Pizza_Builder_FinalProject_v3\\Pizza_Builder_Development\\vendor\\laravel\\framework\\src\\Illuminate\\Foundation\\Http\\Middleware\\CheckForMaintenanceMode.php(62): Illuminate\\Pipeline\\Pipeline->Illuminate\\Pipeline\\{closure}(Object(Illuminate\\Http\\Request))
#47 C:\\web\\Pizza_Builder_FinalProject_v3\\Pizza_Builder_Development\\vendor\\laravel\\framework\\src\\Illuminate\\Pipeline\\Pipeline.php(171): Illuminate\\Foundation\\Http\\Middleware\\CheckForMaintenanceMode->handle(Object(Illuminate\\Http\\Request), Object(Closure))
#48 C:\\web\\Pizza_Builder_FinalProject_v3\\Pizza_Builder_Development\\vendor\\fideloper\\proxy\\src\\TrustProxies.php(57): Illuminate\\Pipeline\\Pipeline->Illuminate\\Pipeline\\{closure}(Object(Illuminate\\Http\\Request))
#49 C:\\web\\Pizza_Builder_FinalProject_v3\\Pizza_Builder_Development\\vendor\\laravel\\framework\\src\\Illuminate\\Pipeline\\Pipeline.php(171): Fideloper\\Proxy\\TrustProxies->handle(Object(Illuminate\\Http\\Request), Object(Closure))
#50 C:\\web\\Pizza_Builder_FinalProject_v3\\Pizza_Builder_Development\\vendor\\laravel\\framework\\src\\Illuminate\\Pipeline\\Pipeline.php(105): Illuminate\\Pipeline\\Pipeline->Illuminate\\Pipeline\\{closure}(Object(Illuminate\\Http\\Request))
#51 C:\\web\\Pizza_Builder_FinalProject_v3\\Pizza_Builder_Development\\vendor\\laravel\\framework\\src\\Illuminate\\Foundation\\Http\\Kernel.php(151): Illuminate\\Pipeline\\Pipeline->then(Object(Closure))
#52 C:\\web\\Pizza_Builder_FinalProject_v3\\Pizza_Builder_Development\\vendor\\laravel\\framework\\src\\Illuminate\\Foundation\\Http\\Kernel.php(116): Illuminate\\Foundation\\Http\\Kernel->sendRequestThroughRouter(Object(Illuminate\\Http\\Request))
#53 C:\\web\\Pizza_Builder_FinalProject_v3\\Pizza_Builder_Development\\public\\index.php(55): Illuminate\\Foundation\\Http\\Kernel->handle(Object(Illuminate\\Http\\Request))
#54 C:\\web\\Pizza_Builder_FinalProject_v3\\Pizza_Builder_Development\\server.php(21): require_once('C:\\\\web\\\\Pizza_Bu...')
#55 {main}
"} 
