[2019-11-27 08:12:29] local.ERROR: The resource owner or authorization server denied the request. {"exception":"[object] (League\\OAuth2\\Server\\Exception\\OAuthServerException(code: 9): The resource owner or authorization server denied the request. at C:\\web\\Pizza_Builder_FinalProject_v3\\Pizza_Builder_Development\\vendor\\league\\oauth2-server\\src\\Exception\\OAuthServerException.php:243)
[stacktrace]
#0 C:\\web\\Pizza_Builder_FinalProject_v3\\Pizza_Builder_Development\\vendor\\league\\oauth2-server\\src\\AuthorizationValidators\\BearerTokenValidator.php(100): League\\OAuth2\\Server\\Exception\\OAuthServerException::accessDenied('The JWT string ...', NULL, Object(InvalidArgumentException))
#1 C:\\web\\Pizza_Builder_FinalProject_v3\\Pizza_Builder_Development\\vendor\\league\\oauth2-server\\src\\ResourceServer.php(84): League\\OAuth2\\Server\\AuthorizationValidators\\BearerTokenValidator->validateAuthorization(Object(Zend\\Diactoros\\ServerRequest))
#2 C:\\web\\Pizza_Builder_FinalProject_v3\\Pizza_Builder_Development\\vendor\\laravel\\passport\\src\\Guards\\TokenGuard.php(184): League\\OAuth2\\Server\\ResourceServer->validateAuthenticatedRequest(Object(Zend\\Diactoros\\ServerRequest))
#3 C:\\web\\Pizza_Builder_FinalProject_v3\\Pizza_Builder_Development\\vendor\\laravel\\passport\\src\\Guards\\TokenGuard.php(131): Laravel\\Passport\\Guards\\TokenGuard->getPsrRequestViaBearerToken(Object(Illuminate\\Http\\Request))
#4 C:\\web\\Pizza_Builder_FinalProject_v3\\Pizza_Builder_Development\\vendor\\laravel\\passport\\src\\Guards\\TokenGuard.php(94): Laravel\\Passport\\Guards\\TokenGuard->authenticateViaBearerToken(Object(Illuminate\\Http\\Request))
#5 C:\\web\\Pizza_Builder_FinalProject_v3\\Pizza_Builder_Development\\vendor\\laravel\\passport\\src\\PassportServiceProvider.php(277): Laravel\\Passport\\Guards\\TokenGuard->user(Object(Illuminate\\Http\\Request))
#6 [internal function]: Laravel\\Passport\\PassportServiceProvider->Laravel\\Passport\\{closure}(Object(Illuminate\\Http\\Request), NULL)
#7 C:\\web\\Pizza_Builder_FinalProject_v3\\Pizza_Builder_Development\\vendor\\laravel\\framework\\src\\Illuminate\\Auth\\RequestGuard.php(58): call_user_func(Object(Closure), Object(Illuminate\\Http\\Request), NULL)
#8 C:\\web\\Pizza_Builder_FinalProject_v3\\Pizza_Builder_Development\\vendor\\laravel\\framework\\src\\Illuminate\\Auth\\GuardHelpers.php(60): Illuminate\\Auth\\RequestGuard->user()
#9 C:\\web\\Pizza_Builder_FinalProject_v3\\Pizza_Builder_Development\\vendor\\laravel\\framework\\src\\Illuminate\\Auth\\Middleware\\Authenticate.php(62): Illuminate\\Auth\\RequestGuard->check()
#10 C:\\web\\Pizza_Builder_FinalProject_v3\\Pizza_Builder_Development\\vendor\\laravel\\framework\\src\\Illuminate\\Auth\\Middleware\\Authenticate.php(41): Illuminate\\Auth\\Middleware\\Authenticate->authenticate(Object(Illuminate\\Http\\Request), Array)
#11 C:\\web\\Pizza_Builder_FinalProject_v3\\Pizza_Builder_Development\\vendor\\laravel\\framework\\src\\Illuminate\\Pipeline\\Pipeline.php(171): Illuminate\\Auth\\Middleware\\Authenticate->handle(Object(Illuminate\\Http\\Request), Object(Closure), 'api')
#12 C:\\web\\Pizza_Builder_FinalProject_v3\\Pizza_Builder_Development\\vendor\\laravel\\framework\\src\\Illuminate\\Foundation\\Http\\Middleware\\VerifyCsrfToken.php(76): Illuminate\\Pipeline\\Pipeline->Illuminate\\Pipeline\\{closure}(Object(Illuminate\\Http\\Request))
#13 C:\\web\\Pizza_Builder_FinalProject_v3\\Pizza_Builder_Development\\vendor\\laravel\\framework\\src\\Illuminate\\Pipeline\\Pipeline.php(171): Illuminate\\Foundation\\Http\\Middleware\\VerifyCsrfToken->handle(Object(Illuminate\\Http\\Request), Object(Closure))
#14 C:\\web\\Pizza_Builder_FinalProject_v3\\Pizza_Builder_Development\\vendor\\laravel\\framework\\src\\Illuminate\\View\\Middleware\\ShareErrorsFromSession.php(49): Illuminate\\Pipeline\\Pipeline->Illuminate\\Pipeline\\{closure}(Object(Illuminate\\Http\\Request))
#15 C:\\web\\Pizza_Builder_FinalProject_v3\\Pizza_Builder_Development\\vendor\\laravel\\framework\\src\\Illuminate\\Pipeline\\Pipeline.php(171): Illuminate\\View\\Middleware\\ShareErrorsFromSession->handle(Object(Illuminate\\Http\\Request), Object(Closure))
#16 C:\\web\\Pizza_Builder_FinalProject_v3\\Pizza_Builder_Development\\vendor\\laravel\\framework\\src\\Illuminate\\Session\\Middleware\\StartSession.php(56): Illuminate\\Pipeline\\Pipeline->Illuminate\\Pipeline\\{closure}(Object(Illuminate\\Http\\Request))
#17 C:\\web\\Pizza_Builder_FinalProject_v3\\Pizza_Builder_Development\\vendor\\laravel\\framework\\src\\Illuminate\\Pipeline\\Pipeline.php(171): Illuminate\\Session\\Middleware\\StartSession->handle(Object(Illuminate\\Http\\Request), Object(Closure))
#18 C:\\web\\Pizza_Builder_FinalProject_v3\\Pizza_Builder_Development\\vendor\\laravel\\framework\\src\\Illuminate\\Cookie\\Middleware\\AddQueuedCookiesToResponse.php(37): Illuminate\\Pipeline\\Pipeline->Illuminate\\Pipeline\\{closure}(Object(Illuminate\\Http\\Request))
#19 C:\\web\\Pizza_Builder_FinalProject_v3\\Pizza_Builder_Development\\vendor\\laravel\\framework\\src\\Illuminate\\Pipeline\\Pipeline.php(171): Illuminate\\Cookie\\Middleware\\AddQueuedCookiesToResponse->handle(Object(Illuminate\\Http\\Request), Object(Closure))
#20 C:\\web\\Pizza_Builder_FinalProject_v3\\Pizza_Builder_Development\\vendor\\laravel\\framework\\src\\Illuminate\\Cookie\\Middleware\\EncryptCookies.php(66): Illuminate\\Pipeline\\Pipeline->Illuminate\\Pipeline\\{closure}(Object(Illuminate\\Http\\Request))
#21 C:\\web\\Pizza_Builder_FinalProject_v3\\Pizza_Builder_Development\\vendor\\laravel\\framework\\src\\Illuminate\\Pipeline\\Pipeline.php(171): Illuminate\\Cookie\\Middleware\\EncryptCookies->handle(Object(Illuminate\\Http\\Request), Object(Closure))
#22 C:\\web\\Pizza_Builder_FinalProject_v3\\Pizza_Builder_Development\\vendor\\laravel\\framework\\src\\Illuminate\\Pipeline\\Pipeline.php(105): Illuminate\\Pipeline\\Pipeline->Illuminate\\Pipeline\\{closure}(Object(Illuminate\\Http\\Request))
#23 C:\\web\\Pizza_Builder_FinalProject_v3\\Pizza_Builder_Development\\vendor\\laravel\\framework\\src\\Illuminate\\Routing\\Router.php(682): Illuminate\\Pipeline\\Pipeline->then(Object(Closure))
#24 C:\\web\\Pizza_Builder_FinalProject_v3\\Pizza_Builder_Development\\vendor\\laravel\\framework\\src\\Illuminate\\Routing\\Router.php(657): Illuminate\\Routing\\Router->runRouteWithinStack(Object(Illuminate\\Routing\\Route), Object(Illuminate\\Http\\Request))
#25 C:\\web\\Pizza_Builder_FinalProject_v3\\Pizza_Builder_Development\\vendor\\laravel\\framework\\src\\Illuminate\\Routing\\Router.php(623): Illuminate\\Routing\\Router->runRoute(Object(Illuminate\\Http\\Request), Object(Illuminate\\Routing\\Route))
#26 C:\\web\\Pizza_Builder_FinalProject_v3\\Pizza_Builder_Development\\vendor\\laravel\\framework\\src\\Illuminate\\Routing\\Router.php(612): Illuminate\\Routing\\Router->dispatchToRoute(Object(Illuminate\\Http\\Request))
#27 C:\\web\\Pizza_Builder_FinalProject_v3\\Pizza_Builder_Development\\vendor\\laravel\\framework\\src\\Illuminate\\Foundation\\Http\\Kernel.php(176): Illuminate\\Routing\\Router->dispatch(Object(Illuminate\\Http\\Request))
#28 C:\\web\\Pizza_Builder_FinalProject_v3\\Pizza_Builder_Development\\vendor\\laravel\\framework\\src\\Illuminate\\Pipeline\\Pipeline.php(130): Illuminate\\Foundation\\Http\\Kernel->Illuminate\\Foundation\\Http\\{closure}(Object(Illuminate\\Http\\Request))
#29 C:\\web\\Pizza_Builder_FinalProject_v3\\Pizza_Builder_Development\\vendor\\laravel\\framework\\src\\Illuminate\\Foundation\\Http\\Middleware\\TransformsRequest.php(21): Illuminate\\Pipeline\\Pipeline->Illuminate\\Pipeline\\{closure}(Object(Illuminate\\Http\\Request))
#30 C:\\web\\Pizza_Builder_FinalProject_v3\\Pizza_Builder_Development\\vendor\\laravel\\framework\\src\\Illuminate\\Pipeline\\Pipeline.php(171): Illuminate\\Foundation\\Http\\Middleware\\TransformsRequest->handle(Object(Illuminate\\Http\\Request), Object(Closure))
#31 C:\\web\\Pizza_Builder_FinalProject_v3\\Pizza_Builder_Development\\vendor\\laravel\\framework\\src\\Illuminate\\Foundation\\Http\\Middleware\\TransformsRequest.php(21): Illuminate\\Pipeline\\Pipeline->Illuminate\\Pipeline\\{closure}(Object(Illuminate\\Http\\Request))
#32 C:\\web\\Pizza_Builder_FinalProject_v3\\Pizza_Builder_Development\\vendor\\laravel\\framework\\src\\Illuminate\\Pipeline\\Pipeline.php(171): Illuminate\\Foundation\\Http\\Middleware\\TransformsRequest->handle(Object(Illuminate\\Http\\Request), Object(Closure))
#33 C:\\web\\Pizza_Builder_FinalProject_v3\\Pizza_Builder_Development\\vendor\\laravel\\framework\\src\\Illuminate\\Foundation\\Http\\Middleware\\ValidatePostSize.php(27): Illuminate\\Pipeline\\Pipeline->Illuminate\\Pipeline\\{closure}(Object(Illuminate\\Http\\Request))
#34 C:\\web\\Pizza_Builder_FinalProject_v3\\Pizza_Builder_Development\\vendor\\laravel\\framework\\src\\Illuminate\\Pipeline\\Pipeline.php(171): Illuminate\\Foundation\\Http\\Middleware\\ValidatePostSize->handle(Object(Illuminate\\Http\\Request), Object(Closure))
#35 C:\\web\\Pizza_Builder_FinalProject_v3\\Pizza_Builder_Development\\vendor\\laravel\\framework\\src\\Illuminate\\Foundation\\Http\\Middleware\\CheckForMaintenanceMode.php(62): Illuminate\\Pipeline\\Pipeline->Illuminate\\Pipeline\\{closure}(Object(Illuminate\\Http\\Request))
#36 C:\\web\\Pizza_Builder_FinalProject_v3\\Pizza_Builder_Development\\vendor\\laravel\\framework\\src\\Illuminate\\Pipeline\\Pipeline.php(171): Illuminate\\Foundation\\Http\\Middleware\\CheckForMaintenanceMode->handle(Object(Illuminate\\Http\\Request), Object(Closure))
#37 C:\\web\\Pizza_Builder_FinalProject_v3\\Pizza_Builder_Development\\vendor\\fideloper\\proxy\\src\\TrustProxies.php(57): Illuminate\\Pipeline\\Pipeline->Illuminate\\Pipeline\\{closure}(Object(Illuminate\\Http\\Request))
#38 C:\\web\\Pizza_Builder_FinalProject_v3\\Pizza_Builder_Development\\vendor\\laravel\\framework\\src\\Illuminate\\Pipeline\\Pipeline.php(171): Fideloper\\Proxy\\TrustProxies->handle(Object(Illuminate\\Http\\Request), Object(Closure))
#39 C:\\web\\Pizza_Builder_FinalProject_v3\\Pizza_Builder_Development\\vendor\\laravel\\framework\\src\\Illuminate\\Pipeline\\Pipeline.php(105): Illuminate\\Pipeline\\Pipeline->Illuminate\\Pipeline\\{closure}(Object(Illuminate\\Http\\Request))
#40 C:\\web\\Pizza_Builder_FinalProject_v3\\Pizza_Builder_Development\\vendor\\laravel\\framework\\src\\Illuminate\\Foundation\\Http\\Kernel.php(151): Illuminate\\Pipeline\\Pipeline->then(Object(Closure))
#41 C:\\web\\Pizza_Builder_FinalProject_v3\\Pizza_Builder_Development\\vendor\\laravel\\framework\\src\\Illuminate\\Foundation\\Http\\Kernel.php(116): Illuminate\\Foundation\\Http\\Kernel->sendRequestThroughRouter(Object(Illuminate\\Http\\Request))
#42 C:\\web\\Pizza_Builder_FinalProject_v3\\Pizza_Builder_Development\\public\\index.php(55): Illuminate\\Foundation\\Http\\Kernel->handle(Object(Illuminate\\Http\\Request))
#43 C:\\web\\Pizza_Builder_FinalProject_v3\\Pizza_Builder_Development\\server.php(21): require_once('C:\\\\web\\\\Pizza_Bu...')
#44 {main}

[previous exception] [object] (InvalidArgumentException(code: 0): The JWT string must have two dots at C:\\web\\Pizza_Builder_FinalProject_v3\\Pizza_Builder_Development\\vendor\\lcobucci\\jwt\\src\\Parser.php:95)
[stacktrace]
#0 C:\\web\\Pizza_Builder_FinalProject_v3\\Pizza_Builder_Development\\vendor\\lcobucci\\jwt\\src\\Parser.php(59): Lcobucci\\JWT\\Parser->splitJwt('undefined')
#1 C:\\web\\Pizza_Builder_FinalProject_v3\\Pizza_Builder_Development\\vendor\\league\\oauth2-server\\src\\AuthorizationValidators\\BearerTokenValidator.php(70): Lcobucci\\JWT\\Parser->parse('undefined')
#2 C:\\web\\Pizza_Builder_FinalProject_v3\\Pizza_Builder_Development\\vendor\\league\\oauth2-server\\src\\ResourceServer.php(84): League\\OAuth2\\Server\\AuthorizationValidators\\BearerTokenValidator->validateAuthorization(Object(Zend\\Diactoros\\ServerRequest))
#3 C:\\web\\Pizza_Builder_FinalProject_v3\\Pizza_Builder_Development\\vendor\\laravel\\passport\\src\\Guards\\TokenGuard.php(184): League\\OAuth2\\Server\\ResourceServer->validateAuthenticatedRequest(Object(Zend\\Diactoros\\ServerRequest))
#4 C:\\web\\Pizza_Builder_FinalProject_v3\\Pizza_Builder_Development\\vendor\\laravel\\passport\\src\\Guards\\TokenGuard.php(131): Laravel\\Passport\\Guards\\TokenGuard->getPsrRequestViaBearerToken(Object(Illuminate\\Http\\Request))
#5 C:\\web\\Pizza_Builder_FinalProject_v3\\Pizza_Builder_Development\\vendor\\laravel\\passport\\src\\Guards\\TokenGuard.php(94): Laravel\\Passport\\Guards\\TokenGuard->authenticateViaBearerToken(Object(Illuminate\\Http\\Request))
#6 C:\\web\\Pizza_Builder_FinalProject_v3\\Pizza_Builder_Development\\vendor\\laravel\\passport\\src\\PassportServiceProvider.php(277): Laravel\\Passport\\Guards\\TokenGuard->user(Object(Illuminate\\Http\\Request))
#7 [internal function]: Laravel\\Passport\\PassportServiceProvider->Laravel\\Passport\\{closure}(Object(Illuminate\\Http\\Request), NULL)
#8 C:\\web\\Pizza_Builder_FinalProject_v3\\Pizza_Builder_Development\\vendor\\laravel\\framework\\src\\Illuminate\\Auth\\RequestGuard.php(58): call_user_func(Object(Closure), Object(Illuminate\\Http\\Request), NULL)
#9 C:\\web\\Pizza_Builder_FinalProject_v3\\Pizza_Builder_Development\\vendor\\laravel\\framework\\src\\Illuminate\\Auth\\GuardHelpers.php(60): Illuminate\\Auth\\RequestGuard->user()
#10 C:\\web\\Pizza_Builder_FinalProject_v3\\Pizza_Builder_Development\\vendor\\laravel\\framework\\src\\Illuminate\\Auth\\Middleware\\Authenticate.php(62): Illuminate\\Auth\\RequestGuard->check()
#11 C:\\web\\Pizza_Builder_FinalProject_v3\\Pizza_Builder_Development\\vendor\\laravel\\framework\\src\\Illuminate\\Auth\\Middleware\\Authenticate.php(41): Illuminate\\Auth\\Middleware\\Authenticate->authenticate(Object(Illuminate\\Http\\Request), Array)
#12 C:\\web\\Pizza_Builder_FinalProject_v3\\Pizza_Builder_Development\\vendor\\laravel\\framework\\src\\Illuminate\\Pipeline\\Pipeline.php(171): Illuminate\\Auth\\Middleware\\Authenticate->handle(Object(Illuminate\\Http\\Request), Object(Closure), 'api')
#13 C:\\web\\Pizza_Builder_FinalProject_v3\\Pizza_Builder_Development\\vendor\\laravel\\framework\\src\\Illuminate\\Foundation\\Http\\Middleware\\VerifyCsrfToken.php(76): Illuminate\\Pipeline\\Pipeline->Illuminate\\Pipeline\\{closure}(Object(Illuminate\\Http\\Request))
#14 C:\\web\\Pizza_Builder_FinalProject_v3\\Pizza_Builder_Development\\vendor\\laravel\\framework\\src\\Illuminate\\Pipeline\\Pipeline.php(171): Illuminate\\Foundation\\Http\\Middleware\\VerifyCsrfToken->handle(Object(Illuminate\\Http\\Request), Object(Closure))
#15 C:\\web\\Pizza_Builder_FinalProject_v3\\Pizza_Builder_Development\\vendor\\laravel\\framework\\src\\Illuminate\\View\\Middleware\\ShareErrorsFromSession.php(49): Illuminate\\Pipeline\\Pipeline->Illuminate\\Pipeline\\{closure}(Object(Illuminate\\Http\\Request))
#16 C:\\web\\Pizza_Builder_FinalProject_v3\\Pizza_Builder_Development\\vendor\\laravel\\framework\\src\\Illuminate\\Pipeline\\Pipeline.php(171): Illuminate\\View\\Middleware\\ShareErrorsFromSession->handle(Object(Illuminate\\Http\\Request), Object(Closure))
#17 C:\\web\\Pizza_Builder_FinalProject_v3\\Pizza_Builder_Development\\vendor\\laravel\\framework\\src\\Illuminate\\Session\\Middleware\\StartSession.php(56): Illuminate\\Pipeline\\Pipeline->Illuminate\\Pipeline\\{closure}(Object(Illuminate\\Http\\Request))
#18 C:\\web\\Pizza_Builder_FinalProject_v3\\Pizza_Builder_Development\\vendor\\laravel\\framework\\src\\Illuminate\\Pipeline\\Pipeline.php(171): Illuminate\\Session\\Middleware\\StartSession->handle(Object(Illuminate\\Http\\Request), Object(Closure))
#19 C:\\web\\Pizza_Builder_FinalProject_v3\\Pizza_Builder_Development\\vendor\\laravel\\framework\\src\\Illuminate\\Cookie\\Middleware\\AddQueuedCookiesToResponse.php(37): Illuminate\\Pipeline\\Pipeline->Illuminate\\Pipeline\\{closure}(Object(Illuminate\\Http\\Request))
#20 C:\\web\\Pizza_Builder_FinalProject_v3\\Pizza_Builder_Development\\vendor\\laravel\\framework\\src\\Illuminate\\Pipeline\\Pipeline.php(171): Illuminate\\Cookie\\Middleware\\AddQueuedCookiesToResponse->handle(Object(Illuminate\\Http\\Request), Object(Closure))
#21 C:\\web\\Pizza_Builder_FinalProject_v3\\Pizza_Builder_Development\\vendor\\laravel\\framework\\src\\Illuminate\\Cookie\\Middleware\\EncryptCookies.php(66): Illuminate\\Pipeline\\Pipeline->Illuminate\\Pipeline\\{closure}(Object(Illuminate\\Http\\Request))
#22 C:\\web\\Pizza_Builder_FinalProject_v3\\Pizza_Builder_Development\\vendor\\laravel\\framework\\src\\Illuminate\\Pipeline\\Pipeline.php(171): Illuminate\\Cookie\\Middleware\\EncryptCookies->handle(Object(Illuminate\\Http\\Request), Object(Closure))
#23 C:\\web\\Pizza_Builder_FinalProject_v3\\Pizza_Builder_Development\\vendor\\laravel\\framework\\src\\Illuminate\\Pipeline\\Pipeline.php(105): Illuminate\\Pipeline\\Pipeline->Illuminate\\Pipeline\\{closure}(Object(Illuminate\\Http\\Request))
#24 C:\\web\\Pizza_Builder_FinalProject_v3\\Pizza_Builder_Development\\vendor\\laravel\\framework\\src\\Illuminate\\Routing\\Router.php(682): Illuminate\\Pipeline\\Pipeline->then(Object(Closure))
#25 C:\\web\\Pizza_Builder_FinalProject_v3\\Pizza_Builder_Development\\vendor\\laravel\\framework\\src\\Illuminate\\Routing\\Router.php(657): Illuminate\\Routing\\Router->runRouteWithinStack(Object(Illuminate\\Routing\\Route), Object(Illuminate\\Http\\Request))
#26 C:\\web\\Pizza_Builder_FinalProject_v3\\Pizza_Builder_Development\\vendor\\laravel\\framework\\src\\Illuminate\\Routing\\Router.php(623): Illuminate\\Routing\\Router->runRoute(Object(Illuminate\\Http\\Request), Object(Illuminate\\Routing\\Route))
#27 C:\\web\\Pizza_Builder_FinalProject_v3\\Pizza_Builder_Development\\vendor\\laravel\\framework\\src\\Illuminate\\Routing\\Router.php(612): Illuminate\\Routing\\Router->dispatchToRoute(Object(Illuminate\\Http\\Request))
#28 C:\\web\\Pizza_Builder_FinalProject_v3\\Pizza_Builder_Development\\vendor\\laravel\\framework\\src\\Illuminate\\Foundation\\Http\\Kernel.php(176): Illuminate\\Routing\\Router->dispatch(Object(Illuminate\\Http\\Request))
#29 C:\\web\\Pizza_Builder_FinalProject_v3\\Pizza_Builder_Development\\vendor\\laravel\\framework\\src\\Illuminate\\Pipeline\\Pipeline.php(130): Illuminate\\Foundation\\Http\\Kernel->Illuminate\\Foundation\\Http\\{closure}(Object(Illuminate\\Http\\Request))
#30 C:\\web\\Pizza_Builder_FinalProject_v3\\Pizza_Builder_Development\\vendor\\laravel\\framework\\src\\Illuminate\\Foundation\\Http\\Middleware\\TransformsRequest.php(21): Illuminate\\Pipeline\\Pipeline->Illuminate\\Pipeline\\{closure}(Object(Illuminate\\Http\\Request))
#31 C:\\web\\Pizza_Builder_FinalProject_v3\\Pizza_Builder_Development\\vendor\\laravel\\framework\\src\\Illuminate\\Pipeline\\Pipeline.php(171): Illuminate\\Foundation\\Http\\Middleware\\TransformsRequest->handle(Object(Illuminate\\Http\\Request), Object(Closure))
#32 C:\\web\\Pizza_Builder_FinalProject_v3\\Pizza_Builder_Development\\vendor\\laravel\\framework\\src\\Illuminate\\Foundation\\Http\\Middleware\\TransformsRequest.php(21): Illuminate\\Pipeline\\Pipeline->Illuminate\\Pipeline\\{closure}(Object(Illuminate\\Http\\Request))
#33 C:\\web\\Pizza_Builder_FinalProject_v3\\Pizza_Builder_Development\\vendor\\laravel\\framework\\src\\Illuminate\\Pipeline\\Pipeline.php(171): Illuminate\\Foundation\\Http\\Middleware\\TransformsRequest->handle(Object(Illuminate\\Http\\Request), Object(Closure))
#34 C:\\web\\Pizza_Builder_FinalProject_v3\\Pizza_Builder_Development\\vendor\\laravel\\framework\\src\\Illuminate\\Foundation\\Http\\Middleware\\ValidatePostSize.php(27): Illuminate\\Pipeline\\Pipeline->Illuminate\\Pipeline\\{closure}(Object(Illuminate\\Http\\Request))
#35 C:\\web\\Pizza_Builder_FinalProject_v3\\Pizza_Builder_Development\\vendor\\laravel\\framework\\src\\Illuminate\\Pipeline\\Pipeline.php(171): Illuminate\\Foundation\\Http\\Middleware\\ValidatePostSize->handle(Object(Illuminate\\Http\\Request), Object(Closure))
#36 C:\\web\\Pizza_Builder_FinalProject_v3\\Pizza_Builder_Development\\vendor\\laravel\\framework\\src\\Illuminate\\Foundation\\Http\\Middleware\\CheckForMaintenanceMode.php(62): Illuminate\\Pipeline\\Pipeline->Illuminate\\Pipeline\\{closure}(Object(Illuminate\\Http\\Request))
#37 C:\\web\\Pizza_Builder_FinalProject_v3\\Pizza_Builder_Development\\vendor\\laravel\\framework\\src\\Illuminate\\Pipeline\\Pipeline.php(171): Illuminate\\Foundation\\Http\\Middleware\\CheckForMaintenanceMode->handle(Object(Illuminate\\Http\\Request), Object(Closure))
#38 C:\\web\\Pizza_Builder_FinalProject_v3\\Pizza_Builder_Development\\vendor\\fideloper\\proxy\\src\\TrustProxies.php(57): Illuminate\\Pipeline\\Pipeline->Illuminate\\Pipeline\\{closure}(Object(Illuminate\\Http\\Request))
#39 C:\\web\\Pizza_Builder_FinalProject_v3\\Pizza_Builder_Development\\vendor\\laravel\\framework\\src\\Illuminate\\Pipeline\\Pipeline.php(171): Fideloper\\Proxy\\TrustProxies->handle(Object(Illuminate\\Http\\Request), Object(Closure))
#40 C:\\web\\Pizza_Builder_FinalProject_v3\\Pizza_Builder_Development\\vendor\\laravel\\framework\\src\\Illuminate\\Pipeline\\Pipeline.php(105): Illuminate\\Pipeline\\Pipeline->Illuminate\\Pipeline\\{closure}(Object(Illuminate\\Http\\Request))
#41 C:\\web\\Pizza_Builder_FinalProject_v3\\Pizza_Builder_Development\\vendor\\laravel\\framework\\src\\Illuminate\\Foundation\\Http\\Kernel.php(151): Illuminate\\Pipeline\\Pipeline->then(Object(Closure))
#42 C:\\web\\Pizza_Builder_FinalProject_v3\\Pizza_Builder_Development\\vendor\\laravel\\framework\\src\\Illuminate\\Foundation\\Http\\Kernel.php(116): Illuminate\\Foundation\\Http\\Kernel->sendRequestThroughRouter(Object(Illuminate\\Http\\Request))
#43 C:\\web\\Pizza_Builder_FinalProject_v3\\Pizza_Builder_Development\\public\\index.php(55): Illuminate\\Foundation\\Http\\Kernel->handle(Object(Illuminate\\Http\\Request))
#44 C:\\web\\Pizza_Builder_FinalProject_v3\\Pizza_Builder_Development\\server.php(21): require_once('C:\\\\web\\\\Pizza_Bu...')
#45 {main}
"} 
[2019-11-27 08:31:59] local.ERROR: Trying to get property 'email' of non-object {"exception":"[object] (ErrorException(code: 0): Trying to get property 'email' of non-object at C:\\web\\Pizza_Builder_FinalProject_v3\\Pizza_Builder_Development\\vendor\\laravel\\framework\\src\\Illuminate\\Mail\\Mailable.php:584)
[stacktrace]
#0 C:\\web\\Pizza_Builder_FinalProject_v3\\Pizza_Builder_Development\\vendor\\laravel\\framework\\src\\Illuminate\\Mail\\Mailable.php(584): Illuminate\\Foundation\\Bootstrap\\HandleExceptions->handleError(8, 'Trying to get p...', 'C:\\\\web\\\\Pizza_Bu...', 584, Array)
#1 C:\\web\\Pizza_Builder_FinalProject_v3\\Pizza_Builder_Development\\vendor\\laravel\\framework\\src\\Illuminate\\Mail\\Mailable.php(480): Illuminate\\Mail\\Mailable->setAddress(Object(Illuminate\\Support\\Collection), NULL, 'to')
#2 C:\\web\\Pizza_Builder_FinalProject_v3\\Pizza_Builder_Development\\vendor\\laravel\\framework\\src\\Illuminate\\Mail\\PendingMail.php(178): Illuminate\\Mail\\Mailable->to(Object(Illuminate\\Support\\Collection))
#3 C:\\web\\Pizza_Builder_FinalProject_v3\\Pizza_Builder_Development\\vendor\\laravel\\framework\\src\\Illuminate\\Mail\\PendingMail.php(127): Illuminate\\Mail\\PendingMail->fill(Object(App\\Mail\\OrderConfirmedEmail))
#4 C:\\web\\Pizza_Builder_FinalProject_v3\\Pizza_Builder_Development\\app\\Http\\Controllers\\EmailController.php(27): Illuminate\\Mail\\PendingMail->send(Object(App\\Mail\\OrderConfirmedEmail))
#5 [internal function]: App\\Http\\Controllers\\EmailController->index('56')
#6 C:\\web\\Pizza_Builder_FinalProject_v3\\Pizza_Builder_Development\\vendor\\laravel\\framework\\src\\Illuminate\\Routing\\Controller.php(54): call_user_func_array(Array, Array)
#7 C:\\web\\Pizza_Builder_FinalProject_v3\\Pizza_Builder_Development\\vendor\\laravel\\framework\\src\\Illuminate\\Routing\\ControllerDispatcher.php(45): Illuminate\\Routing\\Controller->callAction('index', Array)
#8 C:\\web\\Pizza_Builder_FinalProject_v3\\Pizza_Builder_Development\\vendor\\laravel\\framework\\src\\Illuminate\\Routing\\Route.php(219): Illuminate\\Routing\\ControllerDispatcher->dispatch(Object(Illuminate\\Routing\\Route), Object(App\\Http\\Controllers\\EmailController), 'index')
#9 C:\\web\\Pizza_Builder_FinalProject_v3\\Pizza_Builder_Development\\vendor\\laravel\\framework\\src\\Illuminate\\Routing\\Route.php(176): Illuminate\\Routing\\Route->runController()
#10 C:\\web\\Pizza_Builder_FinalProject_v3\\Pizza_Builder_Development\\vendor\\laravel\\framework\\src\\Illuminate\\Routing\\Router.php(680): Illuminate\\Routing\\Route->run()
#11 C:\\web\\Pizza_Builder_FinalProject_v3\\Pizza_Builder_Development\\vendor\\laravel\\framework\\src\\Illuminate\\Pipeline\\Pipeline.php(130): Illuminate\\Routing\\Router->Illuminate\\Routing\\{closure}(Object(Illuminate\\Http\\Request))
#12 C:\\web\\Pizza_Builder_FinalProject_v3\\Pizza_Builder_Development\\vendor\\laravel\\framework\\src\\Illuminate\\Routing\\Middleware\\SubstituteBindings.php(41): Illuminate\\Pipeline\\Pipeline->Illuminate\\Pipeline\\{closure}(Object(Illuminate\\Http\\Request))
#13 C:\\web\\Pizza_Builder_FinalProject_v3\\Pizza_Builder_Development\\vendor\\laravel\\framework\\src\\Illuminate\\Pipeline\\Pipeline.php(171): Illuminate\\Routing\\Middleware\\SubstituteBindings->handle(Object(Illuminate\\Http\\Request), Object(Closure))
#14 C:\\web\\Pizza_Builder_FinalProject_v3\\Pizza_Builder_Development\\vendor\\laravel\\framework\\src\\Illuminate\\Foundation\\Http\\Middleware\\VerifyCsrfToken.php(76): Illuminate\\Pipeline\\Pipeline->Illuminate\\Pipeline\\{closure}(Object(Illuminate\\Http\\Request))
#15 C:\\web\\Pizza_Builder_FinalProject_v3\\Pizza_Builder_Development\\vendor\\laravel\\framework\\src\\Illuminate\\Pipeline\\Pipeline.php(171): Illuminate\\Foundation\\Http\\Middleware\\VerifyCsrfToken->handle(Object(Illuminate\\Http\\Request), Object(Closure))
#16 C:\\web\\Pizza_Builder_FinalProject_v3\\Pizza_Builder_Development\\vendor\\laravel\\framework\\src\\Illuminate\\View\\Middleware\\ShareErrorsFromSession.php(49): Illuminate\\Pipeline\\Pipeline->Illuminate\\Pipeline\\{closure}(Object(Illuminate\\Http\\Request))
#17 C:\\web\\Pizza_Builder_FinalProject_v3\\Pizza_Builder_Development\\vendor\\laravel\\framework\\src\\Illuminate\\Pipeline\\Pipeline.php(171): Illuminate\\View\\Middleware\\ShareErrorsFromSession->handle(Object(Illuminate\\Http\\Request), Object(Closure))
#18 C:\\web\\Pizza_Builder_FinalProject_v3\\Pizza_Builder_Development\\vendor\\laravel\\framework\\src\\Illuminate\\Session\\Middleware\\StartSession.php(56): Illuminate\\Pipeline\\Pipeline->Illuminate\\Pipeline\\{closure}(Object(Illuminate\\Http\\Request))
#19 C:\\web\\Pizza_Builder_FinalProject_v3\\Pizza_Builder_Development\\vendor\\laravel\\framework\\src\\Illuminate\\Pipeline\\Pipeline.php(171): Illuminate\\Session\\Middleware\\StartSession->handle(Object(Illuminate\\Http\\Request), Object(Closure))
#20 C:\\web\\Pizza_Builder_FinalProject_v3\\Pizza_Builder_Development\\vendor\\laravel\\framework\\src\\Illuminate\\Cookie\\Middleware\\AddQueuedCookiesToResponse.php(37): Illuminate\\Pipeline\\Pipeline->Illuminate\\Pipeline\\{closure}(Object(Illuminate\\Http\\Request))
#21 C:\\web\\Pizza_Builder_FinalProject_v3\\Pizza_Builder_Development\\vendor\\laravel\\framework\\src\\Illuminate\\Pipeline\\Pipeline.php(171): Illuminate\\Cookie\\Middleware\\AddQueuedCookiesToResponse->handle(Object(Illuminate\\Http\\Request), Object(Closure))
#22 C:\\web\\Pizza_Builder_FinalProject_v3\\Pizza_Builder_Development\\vendor\\laravel\\framework\\src\\Illuminate\\Cookie\\Middleware\\EncryptCookies.php(66): Illuminate\\Pipeline\\Pipeline->Illuminate\\Pipeline\\{closure}(Object(Illuminate\\Http\\Request))
#23 C:\\web\\Pizza_Builder_FinalProject_v3\\Pizza_Builder_Development\\vendor\\laravel\\framework\\src\\Illuminate\\Pipeline\\Pipeline.php(171): Illuminate\\Cookie\\Middleware\\EncryptCookies->handle(Object(Illuminate\\Http\\Request), Object(Closure))
#24 C:\\web\\Pizza_Builder_FinalProject_v3\\Pizza_Builder_Development\\vendor\\laravel\\framework\\src\\Illuminate\\Pipeline\\Pipeline.php(105): Illuminate\\Pipeline\\Pipeline->Illuminate\\Pipeline\\{closure}(Object(Illuminate\\Http\\Request))
#25 C:\\web\\Pizza_Builder_FinalProject_v3\\Pizza_Builder_Development\\vendor\\laravel\\framework\\src\\Illuminate\\Routing\\Router.php(682): Illuminate\\Pipeline\\Pipeline->then(Object(Closure))
#26 C:\\web\\Pizza_Builder_FinalProject_v3\\Pizza_Builder_Development\\vendor\\laravel\\framework\\src\\Illuminate\\Routing\\Router.php(657): Illuminate\\Routing\\Router->runRouteWithinStack(Object(Illuminate\\Routing\\Route), Object(Illuminate\\Http\\Request))
#27 C:\\web\\Pizza_Builder_FinalProject_v3\\Pizza_Builder_Development\\vendor\\laravel\\framework\\src\\Illuminate\\Routing\\Router.php(623): Illuminate\\Routing\\Router->runRoute(Object(Illuminate\\Http\\Request), Object(Illuminate\\Routing\\Route))
#28 C:\\web\\Pizza_Builder_FinalProject_v3\\Pizza_Builder_Development\\vendor\\laravel\\framework\\src\\Illuminate\\Routing\\Router.php(612): Illuminate\\Routing\\Router->dispatchToRoute(Object(Illuminate\\Http\\Request))
#29 C:\\web\\Pizza_Builder_FinalProject_v3\\Pizza_Builder_Development\\vendor\\laravel\\framework\\src\\Illuminate\\Foundation\\Http\\Kernel.php(176): Illuminate\\Routing\\Router->dispatch(Object(Illuminate\\Http\\Request))
#30 C:\\web\\Pizza_Builder_FinalProject_v3\\Pizza_Builder_Development\\vendor\\laravel\\framework\\src\\Illuminate\\Pipeline\\Pipeline.php(130): Illuminate\\Foundation\\Http\\Kernel->Illuminate\\Foundation\\Http\\{closure}(Object(Illuminate\\Http\\Request))
#31 C:\\web\\Pizza_Builder_FinalProject_v3\\Pizza_Builder_Development\\vendor\\laravel\\framework\\src\\Illuminate\\Foundation\\Http\\Middleware\\TransformsRequest.php(21): Illuminate\\Pipeline\\Pipeline->Illuminate\\Pipeline\\{closure}(Object(Illuminate\\Http\\Request))
#32 C:\\web\\Pizza_Builder_FinalProject_v3\\Pizza_Builder_Development\\vendor\\laravel\\framework\\src\\Illuminate\\Pipeline\\Pipeline.php(171): Illuminate\\Foundation\\Http\\Middleware\\TransformsRequest->handle(Object(Illuminate\\Http\\Request), Object(Closure))
#33 C:\\web\\Pizza_Builder_FinalProject_v3\\Pizza_Builder_Development\\vendor\\laravel\\framework\\src\\Illuminate\\Foundation\\Http\\Middleware\\TransformsRequest.php(21): Illuminate\\Pipeline\\Pipeline->Illuminate\\Pipeline\\{closure}(Object(Illuminate\\Http\\Request))
#34 C:\\web\\Pizza_Builder_FinalProject_v3\\Pizza_Builder_Development\\vendor\\laravel\\framework\\src\\Illuminate\\Pipeline\\Pipeline.php(171): Illuminate\\Foundation\\Http\\Middleware\\TransformsRequest->handle(Object(Illuminate\\Http\\Request), Object(Closure))
#35 C:\\web\\Pizza_Builder_FinalProject_v3\\Pizza_Builder_Development\\vendor\\laravel\\framework\\src\\Illuminate\\Foundation\\Http\\Middleware\\ValidatePostSize.php(27): Illuminate\\Pipeline\\Pipeline->Illuminate\\Pipeline\\{closure}(Object(Illuminate\\Http\\Request))
#36 C:\\web\\Pizza_Builder_FinalProject_v3\\Pizza_Builder_Development\\vendor\\laravel\\framework\\src\\Illuminate\\Pipeline\\Pipeline.php(171): Illuminate\\Foundation\\Http\\Middleware\\ValidatePostSize->handle(Object(Illuminate\\Http\\Request), Object(Closure))
#37 C:\\web\\Pizza_Builder_FinalProject_v3\\Pizza_Builder_Development\\vendor\\laravel\\framework\\src\\Illuminate\\Foundation\\Http\\Middleware\\CheckForMaintenanceMode.php(62): Illuminate\\Pipeline\\Pipeline->Illuminate\\Pipeline\\{closure}(Object(Illuminate\\Http\\Request))
#38 C:\\web\\Pizza_Builder_FinalProject_v3\\Pizza_Builder_Development\\vendor\\laravel\\framework\\src\\Illuminate\\Pipeline\\Pipeline.php(171): Illuminate\\Foundation\\Http\\Middleware\\CheckForMaintenanceMode->handle(Object(Illuminate\\Http\\Request), Object(Closure))
#39 C:\\web\\Pizza_Builder_FinalProject_v3\\Pizza_Builder_Development\\vendor\\fideloper\\proxy\\src\\TrustProxies.php(57): Illuminate\\Pipeline\\Pipeline->Illuminate\\Pipeline\\{closure}(Object(Illuminate\\Http\\Request))
#40 C:\\web\\Pizza_Builder_FinalProject_v3\\Pizza_Builder_Development\\vendor\\laravel\\framework\\src\\Illuminate\\Pipeline\\Pipeline.php(171): Fideloper\\Proxy\\TrustProxies->handle(Object(Illuminate\\Http\\Request), Object(Closure))
#41 C:\\web\\Pizza_Builder_FinalProject_v3\\Pizza_Builder_Development\\vendor\\laravel\\framework\\src\\Illuminate\\Pipeline\\Pipeline.php(105): Illuminate\\Pipeline\\Pipeline->Illuminate\\Pipeline\\{closure}(Object(Illuminate\\Http\\Request))
#42 C:\\web\\Pizza_Builder_FinalProject_v3\\Pizza_Builder_Development\\vendor\\laravel\\framework\\src\\Illuminate\\Foundation\\Http\\Kernel.php(151): Illuminate\\Pipeline\\Pipeline->then(Object(Closure))
#43 C:\\web\\Pizza_Builder_FinalProject_v3\\Pizza_Builder_Development\\vendor\\laravel\\framework\\src\\Illuminate\\Foundation\\Http\\Kernel.php(116): Illuminate\\Foundation\\Http\\Kernel->sendRequestThroughRouter(Object(Illuminate\\Http\\Request))
#44 C:\\web\\Pizza_Builder_FinalProject_v3\\Pizza_Builder_Development\\public\\index.php(55): Illuminate\\Foundation\\Http\\Kernel->handle(Object(Illuminate\\Http\\Request))
#45 C:\\web\\Pizza_Builder_FinalProject_v3\\Pizza_Builder_Development\\server.php(21): require_once('C:\\\\web\\\\Pizza_Bu...')
#46 {main}
"} 
[2019-11-27 08:32:41] local.ERROR: The resource owner or authorization server denied the request. {"exception":"[object] (League\\OAuth2\\Server\\Exception\\OAuthServerException(code: 9): The resource owner or authorization server denied the request. at C:\\web\\Pizza_Builder_FinalProject_v3\\Pizza_Builder_Development\\vendor\\league\\oauth2-server\\src\\Exception\\OAuthServerException.php:243)
[stacktrace]
#0 C:\\web\\Pizza_Builder_FinalProject_v3\\Pizza_Builder_Development\\vendor\\league\\oauth2-server\\src\\AuthorizationValidators\\BearerTokenValidator.php(100): League\\OAuth2\\Server\\Exception\\OAuthServerException::accessDenied('The JWT string ...', NULL, Object(InvalidArgumentException))
#1 C:\\web\\Pizza_Builder_FinalProject_v3\\Pizza_Builder_Development\\vendor\\league\\oauth2-server\\src\\ResourceServer.php(84): League\\OAuth2\\Server\\AuthorizationValidators\\BearerTokenValidator->validateAuthorization(Object(Zend\\Diactoros\\ServerRequest))
#2 C:\\web\\Pizza_Builder_FinalProject_v3\\Pizza_Builder_Development\\vendor\\laravel\\passport\\src\\Guards\\TokenGuard.php(184): League\\OAuth2\\Server\\ResourceServer->validateAuthenticatedRequest(Object(Zend\\Diactoros\\ServerRequest))
#3 C:\\web\\Pizza_Builder_FinalProject_v3\\Pizza_Builder_Development\\vendor\\laravel\\passport\\src\\Guards\\TokenGuard.php(131): Laravel\\Passport\\Guards\\TokenGuard->getPsrRequestViaBearerToken(Object(Illuminate\\Http\\Request))
#4 C:\\web\\Pizza_Builder_FinalProject_v3\\Pizza_Builder_Development\\vendor\\laravel\\passport\\src\\Guards\\TokenGuard.php(94): Laravel\\Passport\\Guards\\TokenGuard->authenticateViaBearerToken(Object(Illuminate\\Http\\Request))
#5 C:\\web\\Pizza_Builder_FinalProject_v3\\Pizza_Builder_Development\\vendor\\laravel\\passport\\src\\PassportServiceProvider.php(277): Laravel\\Passport\\Guards\\TokenGuard->user(Object(Illuminate\\Http\\Request))
#6 [internal function]: Laravel\\Passport\\PassportServiceProvider->Laravel\\Passport\\{closure}(Object(Illuminate\\Http\\Request), NULL)
#7 C:\\web\\Pizza_Builder_FinalProject_v3\\Pizza_Builder_Development\\vendor\\laravel\\framework\\src\\Illuminate\\Auth\\RequestGuard.php(58): call_user_func(Object(Closure), Object(Illuminate\\Http\\Request), NULL)
#8 C:\\web\\Pizza_Builder_FinalProject_v3\\Pizza_Builder_Development\\vendor\\laravel\\framework\\src\\Illuminate\\Auth\\GuardHelpers.php(60): Illuminate\\Auth\\RequestGuard->user()
#9 C:\\web\\Pizza_Builder_FinalProject_v3\\Pizza_Builder_Development\\vendor\\laravel\\framework\\src\\Illuminate\\Auth\\Middleware\\Authenticate.php(62): Illuminate\\Auth\\RequestGuard->check()
#10 C:\\web\\Pizza_Builder_FinalProject_v3\\Pizza_Builder_Development\\vendor\\laravel\\framework\\src\\Illuminate\\Auth\\Middleware\\Authenticate.php(41): Illuminate\\Auth\\Middleware\\Authenticate->authenticate(Object(Illuminate\\Http\\Request), Array)
#11 C:\\web\\Pizza_Builder_FinalProject_v3\\Pizza_Builder_Development\\vendor\\laravel\\framework\\src\\Illuminate\\Pipeline\\Pipeline.php(171): Illuminate\\Auth\\Middleware\\Authenticate->handle(Object(Illuminate\\Http\\Request), Object(Closure), 'api')
#12 C:\\web\\Pizza_Builder_FinalProject_v3\\Pizza_Builder_Development\\vendor\\laravel\\framework\\src\\Illuminate\\Foundation\\Http\\Middleware\\VerifyCsrfToken.php(76): Illuminate\\Pipeline\\Pipeline->Illuminate\\Pipeline\\{closure}(Object(Illuminate\\Http\\Request))
#13 C:\\web\\Pizza_Builder_FinalProject_v3\\Pizza_Builder_Development\\vendor\\laravel\\framework\\src\\Illuminate\\Pipeline\\Pipeline.php(171): Illuminate\\Foundation\\Http\\Middleware\\VerifyCsrfToken->handle(Object(Illuminate\\Http\\Request), Object(Closure))
#14 C:\\web\\Pizza_Builder_FinalProject_v3\\Pizza_Builder_Development\\vendor\\laravel\\framework\\src\\Illuminate\\View\\Middleware\\ShareErrorsFromSession.php(49): Illuminate\\Pipeline\\Pipeline->Illuminate\\Pipeline\\{closure}(Object(Illuminate\\Http\\Request))
#15 C:\\web\\Pizza_Builder_FinalProject_v3\\Pizza_Builder_Development\\vendor\\laravel\\framework\\src\\Illuminate\\Pipeline\\Pipeline.php(171): Illuminate\\View\\Middleware\\ShareErrorsFromSession->handle(Object(Illuminate\\Http\\Request), Object(Closure))
#16 C:\\web\\Pizza_Builder_FinalProject_v3\\Pizza_Builder_Development\\vendor\\laravel\\framework\\src\\Illuminate\\Session\\Middleware\\StartSession.php(56): Illuminate\\Pipeline\\Pipeline->Illuminate\\Pipeline\\{closure}(Object(Illuminate\\Http\\Request))
#17 C:\\web\\Pizza_Builder_FinalProject_v3\\Pizza_Builder_Development\\vendor\\laravel\\framework\\src\\Illuminate\\Pipeline\\Pipeline.php(171): Illuminate\\Session\\Middleware\\StartSession->handle(Object(Illuminate\\Http\\Request), Object(Closure))
#18 C:\\web\\Pizza_Builder_FinalProject_v3\\Pizza_Builder_Development\\vendor\\laravel\\framework\\src\\Illuminate\\Cookie\\Middleware\\AddQueuedCookiesToResponse.php(37): Illuminate\\Pipeline\\Pipeline->Illuminate\\Pipeline\\{closure}(Object(Illuminate\\Http\\Request))
#19 C:\\web\\Pizza_Builder_FinalProject_v3\\Pizza_Builder_Development\\vendor\\laravel\\framework\\src\\Illuminate\\Pipeline\\Pipeline.php(171): Illuminate\\Cookie\\Middleware\\AddQueuedCookiesToResponse->handle(Object(Illuminate\\Http\\Request), Object(Closure))
#20 C:\\web\\Pizza_Builder_FinalProject_v3\\Pizza_Builder_Development\\vendor\\laravel\\framework\\src\\Illuminate\\Cookie\\Middleware\\EncryptCookies.php(66): Illuminate\\Pipeline\\Pipeline->Illuminate\\Pipeline\\{closure}(Object(Illuminate\\Http\\Request))
#21 C:\\web\\Pizza_Builder_FinalProject_v3\\Pizza_Builder_Development\\vendor\\laravel\\framework\\src\\Illuminate\\Pipeline\\Pipeline.php(171): Illuminate\\Cookie\\Middleware\\EncryptCookies->handle(Object(Illuminate\\Http\\Request), Object(Closure))
#22 C:\\web\\Pizza_Builder_FinalProject_v3\\Pizza_Builder_Development\\vendor\\laravel\\framework\\src\\Illuminate\\Pipeline\\Pipeline.php(105): Illuminate\\Pipeline\\Pipeline->Illuminate\\Pipeline\\{closure}(Object(Illuminate\\Http\\Request))
#23 C:\\web\\Pizza_Builder_FinalProject_v3\\Pizza_Builder_Development\\vendor\\laravel\\framework\\src\\Illuminate\\Routing\\Router.php(682): Illuminate\\Pipeline\\Pipeline->then(Object(Closure))
#24 C:\\web\\Pizza_Builder_FinalProject_v3\\Pizza_Builder_Development\\vendor\\laravel\\framework\\src\\Illuminate\\Routing\\Router.php(657): Illuminate\\Routing\\Router->runRouteWithinStack(Object(Illuminate\\Routing\\Route), Object(Illuminate\\Http\\Request))
#25 C:\\web\\Pizza_Builder_FinalProject_v3\\Pizza_Builder_Development\\vendor\\laravel\\framework\\src\\Illuminate\\Routing\\Router.php(623): Illuminate\\Routing\\Router->runRoute(Object(Illuminate\\Http\\Request), Object(Illuminate\\Routing\\Route))
#26 C:\\web\\Pizza_Builder_FinalProject_v3\\Pizza_Builder_Development\\vendor\\laravel\\framework\\src\\Illuminate\\Routing\\Router.php(612): Illuminate\\Routing\\Router->dispatchToRoute(Object(Illuminate\\Http\\Request))
#27 C:\\web\\Pizza_Builder_FinalProject_v3\\Pizza_Builder_Development\\vendor\\laravel\\framework\\src\\Illuminate\\Foundation\\Http\\Kernel.php(176): Illuminate\\Routing\\Router->dispatch(Object(Illuminate\\Http\\Request))
#28 C:\\web\\Pizza_Builder_FinalProject_v3\\Pizza_Builder_Development\\vendor\\laravel\\framework\\src\\Illuminate\\Pipeline\\Pipeline.php(130): Illuminate\\Foundation\\Http\\Kernel->Illuminate\\Foundation\\Http\\{closure}(Object(Illuminate\\Http\\Request))
#29 C:\\web\\Pizza_Builder_FinalProject_v3\\Pizza_Builder_Development\\vendor\\laravel\\framework\\src\\Illuminate\\Foundation\\Http\\Middleware\\TransformsRequest.php(21): Illuminate\\Pipeline\\Pipeline->Illuminate\\Pipeline\\{closure}(Object(Illuminate\\Http\\Request))
#30 C:\\web\\Pizza_Builder_FinalProject_v3\\Pizza_Builder_Development\\vendor\\laravel\\framework\\src\\Illuminate\\Pipeline\\Pipeline.php(171): Illuminate\\Foundation\\Http\\Middleware\\TransformsRequest->handle(Object(Illuminate\\Http\\Request), Object(Closure))
#31 C:\\web\\Pizza_Builder_FinalProject_v3\\Pizza_Builder_Development\\vendor\\laravel\\framework\\src\\Illuminate\\Foundation\\Http\\Middleware\\TransformsRequest.php(21): Illuminate\\Pipeline\\Pipeline->Illuminate\\Pipeline\\{closure}(Object(Illuminate\\Http\\Request))
#32 C:\\web\\Pizza_Builder_FinalProject_v3\\Pizza_Builder_Development\\vendor\\laravel\\framework\\src\\Illuminate\\Pipeline\\Pipeline.php(171): Illuminate\\Foundation\\Http\\Middleware\\TransformsRequest->handle(Object(Illuminate\\Http\\Request), Object(Closure))
#33 C:\\web\\Pizza_Builder_FinalProject_v3\\Pizza_Builder_Development\\vendor\\laravel\\framework\\src\\Illuminate\\Foundation\\Http\\Middleware\\ValidatePostSize.php(27): Illuminate\\Pipeline\\Pipeline->Illuminate\\Pipeline\\{closure}(Object(Illuminate\\Http\\Request))
#34 C:\\web\\Pizza_Builder_FinalProject_v3\\Pizza_Builder_Development\\vendor\\laravel\\framework\\src\\Illuminate\\Pipeline\\Pipeline.php(171): Illuminate\\Foundation\\Http\\Middleware\\ValidatePostSize->handle(Object(Illuminate\\Http\\Request), Object(Closure))
#35 C:\\web\\Pizza_Builder_FinalProject_v3\\Pizza_Builder_Development\\vendor\\laravel\\framework\\src\\Illuminate\\Foundation\\Http\\Middleware\\CheckForMaintenanceMode.php(62): Illuminate\\Pipeline\\Pipeline->Illuminate\\Pipeline\\{closure}(Object(Illuminate\\Http\\Request))
#36 C:\\web\\Pizza_Builder_FinalProject_v3\\Pizza_Builder_Development\\vendor\\laravel\\framework\\src\\Illuminate\\Pipeline\\Pipeline.php(171): Illuminate\\Foundation\\Http\\Middleware\\CheckForMaintenanceMode->handle(Object(Illuminate\\Http\\Request), Object(Closure))
#37 C:\\web\\Pizza_Builder_FinalProject_v3\\Pizza_Builder_Development\\vendor\\fideloper\\proxy\\src\\TrustProxies.php(57): Illuminate\\Pipeline\\Pipeline->Illuminate\\Pipeline\\{closure}(Object(Illuminate\\Http\\Request))
#38 C:\\web\\Pizza_Builder_FinalProject_v3\\Pizza_Builder_Development\\vendor\\laravel\\framework\\src\\Illuminate\\Pipeline\\Pipeline.php(171): Fideloper\\Proxy\\TrustProxies->handle(Object(Illuminate\\Http\\Request), Object(Closure))
#39 C:\\web\\Pizza_Builder_FinalProject_v3\\Pizza_Builder_Development\\vendor\\laravel\\framework\\src\\Illuminate\\Pipeline\\Pipeline.php(105): Illuminate\\Pipeline\\Pipeline->Illuminate\\Pipeline\\{closure}(Object(Illuminate\\Http\\Request))
#40 C:\\web\\Pizza_Builder_FinalProject_v3\\Pizza_Builder_Development\\vendor\\laravel\\framework\\src\\Illuminate\\Foundation\\Http\\Kernel.php(151): Illuminate\\Pipeline\\Pipeline->then(Object(Closure))
#41 C:\\web\\Pizza_Builder_FinalProject_v3\\Pizza_Builder_Development\\vendor\\laravel\\framework\\src\\Illuminate\\Foundation\\Http\\Kernel.php(116): Illuminate\\Foundation\\Http\\Kernel->sendRequestThroughRouter(Object(Illuminate\\Http\\Request))
#42 C:\\web\\Pizza_Builder_FinalProject_v3\\Pizza_Builder_Development\\public\\index.php(55): Illuminate\\Foundation\\Http\\Kernel->handle(Object(Illuminate\\Http\\Request))
#43 C:\\web\\Pizza_Builder_FinalProject_v3\\Pizza_Builder_Development\\server.php(21): require_once('C:\\\\web\\\\Pizza_Bu...')
#44 {main}

[previous exception] [object] (InvalidArgumentException(code: 0): The JWT string must have two dots at C:\\web\\Pizza_Builder_FinalProject_v3\\Pizza_Builder_Development\\vendor\\lcobucci\\jwt\\src\\Parser.php:95)
[stacktrace]
#0 C:\\web\\Pizza_Builder_FinalProject_v3\\Pizza_Builder_Development\\vendor\\lcobucci\\jwt\\src\\Parser.php(59): Lcobucci\\JWT\\Parser->splitJwt('undefined')
#1 C:\\web\\Pizza_Builder_FinalProject_v3\\Pizza_Builder_Development\\vendor\\league\\oauth2-server\\src\\AuthorizationValidators\\BearerTokenValidator.php(70): Lcobucci\\JWT\\Parser->parse('undefined')
#2 C:\\web\\Pizza_Builder_FinalProject_v3\\Pizza_Builder_Development\\vendor\\league\\oauth2-server\\src\\ResourceServer.php(84): League\\OAuth2\\Server\\AuthorizationValidators\\BearerTokenValidator->validateAuthorization(Object(Zend\\Diactoros\\ServerRequest))
#3 C:\\web\\Pizza_Builder_FinalProject_v3\\Pizza_Builder_Development\\vendor\\laravel\\passport\\src\\Guards\\TokenGuard.php(184): League\\OAuth2\\Server\\ResourceServer->validateAuthenticatedRequest(Object(Zend\\Diactoros\\ServerRequest))
#4 C:\\web\\Pizza_Builder_FinalProject_v3\\Pizza_Builder_Development\\vendor\\laravel\\passport\\src\\Guards\\TokenGuard.php(131): Laravel\\Passport\\Guards\\TokenGuard->getPsrRequestViaBearerToken(Object(Illuminate\\Http\\Request))
#5 C:\\web\\Pizza_Builder_FinalProject_v3\\Pizza_Builder_Development\\vendor\\laravel\\passport\\src\\Guards\\TokenGuard.php(94): Laravel\\Passport\\Guards\\TokenGuard->authenticateViaBearerToken(Object(Illuminate\\Http\\Request))
#6 C:\\web\\Pizza_Builder_FinalProject_v3\\Pizza_Builder_Development\\vendor\\laravel\\passport\\src\\PassportServiceProvider.php(277): Laravel\\Passport\\Guards\\TokenGuard->user(Object(Illuminate\\Http\\Request))
#7 [internal function]: Laravel\\Passport\\PassportServiceProvider->Laravel\\Passport\\{closure}(Object(Illuminate\\Http\\Request), NULL)
#8 C:\\web\\Pizza_Builder_FinalProject_v3\\Pizza_Builder_Development\\vendor\\laravel\\framework\\src\\Illuminate\\Auth\\RequestGuard.php(58): call_user_func(Object(Closure), Object(Illuminate\\Http\\Request), NULL)
#9 C:\\web\\Pizza_Builder_FinalProject_v3\\Pizza_Builder_Development\\vendor\\laravel\\framework\\src\\Illuminate\\Auth\\GuardHelpers.php(60): Illuminate\\Auth\\RequestGuard->user()
#10 C:\\web\\Pizza_Builder_FinalProject_v3\\Pizza_Builder_Development\\vendor\\laravel\\framework\\src\\Illuminate\\Auth\\Middleware\\Authenticate.php(62): Illuminate\\Auth\\RequestGuard->check()
#11 C:\\web\\Pizza_Builder_FinalProject_v3\\Pizza_Builder_Development\\vendor\\laravel\\framework\\src\\Illuminate\\Auth\\Middleware\\Authenticate.php(41): Illuminate\\Auth\\Middleware\\Authenticate->authenticate(Object(Illuminate\\Http\\Request), Array)
#12 C:\\web\\Pizza_Builder_FinalProject_v3\\Pizza_Builder_Development\\vendor\\laravel\\framework\\src\\Illuminate\\Pipeline\\Pipeline.php(171): Illuminate\\Auth\\Middleware\\Authenticate->handle(Object(Illuminate\\Http\\Request), Object(Closure), 'api')
#13 C:\\web\\Pizza_Builder_FinalProject_v3\\Pizza_Builder_Development\\vendor\\laravel\\framework\\src\\Illuminate\\Foundation\\Http\\Middleware\\VerifyCsrfToken.php(76): Illuminate\\Pipeline\\Pipeline->Illuminate\\Pipeline\\{closure}(Object(Illuminate\\Http\\Request))
#14 C:\\web\\Pizza_Builder_FinalProject_v3\\Pizza_Builder_Development\\vendor\\laravel\\framework\\src\\Illuminate\\Pipeline\\Pipeline.php(171): Illuminate\\Foundation\\Http\\Middleware\\VerifyCsrfToken->handle(Object(Illuminate\\Http\\Request), Object(Closure))
#15 C:\\web\\Pizza_Builder_FinalProject_v3\\Pizza_Builder_Development\\vendor\\laravel\\framework\\src\\Illuminate\\View\\Middleware\\ShareErrorsFromSession.php(49): Illuminate\\Pipeline\\Pipeline->Illuminate\\Pipeline\\{closure}(Object(Illuminate\\Http\\Request))
#16 C:\\web\\Pizza_Builder_FinalProject_v3\\Pizza_Builder_Development\\vendor\\laravel\\framework\\src\\Illuminate\\Pipeline\\Pipeline.php(171): Illuminate\\View\\Middleware\\ShareErrorsFromSession->handle(Object(Illuminate\\Http\\Request), Object(Closure))
#17 C:\\web\\Pizza_Builder_FinalProject_v3\\Pizza_Builder_Development\\vendor\\laravel\\framework\\src\\Illuminate\\Session\\Middleware\\StartSession.php(56): Illuminate\\Pipeline\\Pipeline->Illuminate\\Pipeline\\{closure}(Object(Illuminate\\Http\\Request))
#18 C:\\web\\Pizza_Builder_FinalProject_v3\\Pizza_Builder_Development\\vendor\\laravel\\framework\\src\\Illuminate\\Pipeline\\Pipeline.php(171): Illuminate\\Session\\Middleware\\StartSession->handle(Object(Illuminate\\Http\\Request), Object(Closure))
#19 C:\\web\\Pizza_Builder_FinalProject_v3\\Pizza_Builder_Development\\vendor\\laravel\\framework\\src\\Illuminate\\Cookie\\Middleware\\AddQueuedCookiesToResponse.php(37): Illuminate\\Pipeline\\Pipeline->Illuminate\\Pipeline\\{closure}(Object(Illuminate\\Http\\Request))
#20 C:\\web\\Pizza_Builder_FinalProject_v3\\Pizza_Builder_Development\\vendor\\laravel\\framework\\src\\Illuminate\\Pipeline\\Pipeline.php(171): Illuminate\\Cookie\\Middleware\\AddQueuedCookiesToResponse->handle(Object(Illuminate\\Http\\Request), Object(Closure))
#21 C:\\web\\Pizza_Builder_FinalProject_v3\\Pizza_Builder_Development\\vendor\\laravel\\framework\\src\\Illuminate\\Cookie\\Middleware\\EncryptCookies.php(66): Illuminate\\Pipeline\\Pipeline->Illuminate\\Pipeline\\{closure}(Object(Illuminate\\Http\\Request))
#22 C:\\web\\Pizza_Builder_FinalProject_v3\\Pizza_Builder_Development\\vendor\\laravel\\framework\\src\\Illuminate\\Pipeline\\Pipeline.php(171): Illuminate\\Cookie\\Middleware\\EncryptCookies->handle(Object(Illuminate\\Http\\Request), Object(Closure))
#23 C:\\web\\Pizza_Builder_FinalProject_v3\\Pizza_Builder_Development\\vendor\\laravel\\framework\\src\\Illuminate\\Pipeline\\Pipeline.php(105): Illuminate\\Pipeline\\Pipeline->Illuminate\\Pipeline\\{closure}(Object(Illuminate\\Http\\Request))
#24 C:\\web\\Pizza_Builder_FinalProject_v3\\Pizza_Builder_Development\\vendor\\laravel\\framework\\src\\Illuminate\\Routing\\Router.php(682): Illuminate\\Pipeline\\Pipeline->then(Object(Closure))
#25 C:\\web\\Pizza_Builder_FinalProject_v3\\Pizza_Builder_Development\\vendor\\laravel\\framework\\src\\Illuminate\\Routing\\Router.php(657): Illuminate\\Routing\\Router->runRouteWithinStack(Object(Illuminate\\Routing\\Route), Object(Illuminate\\Http\\Request))
#26 C:\\web\\Pizza_Builder_FinalProject_v3\\Pizza_Builder_Development\\vendor\\laravel\\framework\\src\\Illuminate\\Routing\\Router.php(623): Illuminate\\Routing\\Router->runRoute(Object(Illuminate\\Http\\Request), Object(Illuminate\\Routing\\Route))
#27 C:\\web\\Pizza_Builder_FinalProject_v3\\Pizza_Builder_Development\\vendor\\laravel\\framework\\src\\Illuminate\\Routing\\Router.php(612): Illuminate\\Routing\\Router->dispatchToRoute(Object(Illuminate\\Http\\Request))
#28 C:\\web\\Pizza_Builder_FinalProject_v3\\Pizza_Builder_Development\\vendor\\laravel\\framework\\src\\Illuminate\\Foundation\\Http\\Kernel.php(176): Illuminate\\Routing\\Router->dispatch(Object(Illuminate\\Http\\Request))
#29 C:\\web\\Pizza_Builder_FinalProject_v3\\Pizza_Builder_Development\\vendor\\laravel\\framework\\src\\Illuminate\\Pipeline\\Pipeline.php(130): Illuminate\\Foundation\\Http\\Kernel->Illuminate\\Foundation\\Http\\{closure}(Object(Illuminate\\Http\\Request))
#30 C:\\web\\Pizza_Builder_FinalProject_v3\\Pizza_Builder_Development\\vendor\\laravel\\framework\\src\\Illuminate\\Foundation\\Http\\Middleware\\TransformsRequest.php(21): Illuminate\\Pipeline\\Pipeline->Illuminate\\Pipeline\\{closure}(Object(Illuminate\\Http\\Request))
#31 C:\\web\\Pizza_Builder_FinalProject_v3\\Pizza_Builder_Development\\vendor\\laravel\\framework\\src\\Illuminate\\Pipeline\\Pipeline.php(171): Illuminate\\Foundation\\Http\\Middleware\\TransformsRequest->handle(Object(Illuminate\\Http\\Request), Object(Closure))
#32 C:\\web\\Pizza_Builder_FinalProject_v3\\Pizza_Builder_Development\\vendor\\laravel\\framework\\src\\Illuminate\\Foundation\\Http\\Middleware\\TransformsRequest.php(21): Illuminate\\Pipeline\\Pipeline->Illuminate\\Pipeline\\{closure}(Object(Illuminate\\Http\\Request))
#33 C:\\web\\Pizza_Builder_FinalProject_v3\\Pizza_Builder_Development\\vendor\\laravel\\framework\\src\\Illuminate\\Pipeline\\Pipeline.php(171): Illuminate\\Foundation\\Http\\Middleware\\TransformsRequest->handle(Object(Illuminate\\Http\\Request), Object(Closure))
#34 C:\\web\\Pizza_Builder_FinalProject_v3\\Pizza_Builder_Development\\vendor\\laravel\\framework\\src\\Illuminate\\Foundation\\Http\\Middleware\\ValidatePostSize.php(27): Illuminate\\Pipeline\\Pipeline->Illuminate\\Pipeline\\{closure}(Object(Illuminate\\Http\\Request))
#35 C:\\web\\Pizza_Builder_FinalProject_v3\\Pizza_Builder_Development\\vendor\\laravel\\framework\\src\\Illuminate\\Pipeline\\Pipeline.php(171): Illuminate\\Foundation\\Http\\Middleware\\ValidatePostSize->handle(Object(Illuminate\\Http\\Request), Object(Closure))
#36 C:\\web\\Pizza_Builder_FinalProject_v3\\Pizza_Builder_Development\\vendor\\laravel\\framework\\src\\Illuminate\\Foundation\\Http\\Middleware\\CheckForMaintenanceMode.php(62): Illuminate\\Pipeline\\Pipeline->Illuminate\\Pipeline\\{closure}(Object(Illuminate\\Http\\Request))
#37 C:\\web\\Pizza_Builder_FinalProject_v3\\Pizza_Builder_Development\\vendor\\laravel\\framework\\src\\Illuminate\\Pipeline\\Pipeline.php(171): Illuminate\\Foundation\\Http\\Middleware\\CheckForMaintenanceMode->handle(Object(Illuminate\\Http\\Request), Object(Closure))
#38 C:\\web\\Pizza_Builder_FinalProject_v3\\Pizza_Builder_Development\\vendor\\fideloper\\proxy\\src\\TrustProxies.php(57): Illuminate\\Pipeline\\Pipeline->Illuminate\\Pipeline\\{closure}(Object(Illuminate\\Http\\Request))
#39 C:\\web\\Pizza_Builder_FinalProject_v3\\Pizza_Builder_Development\\vendor\\laravel\\framework\\src\\Illuminate\\Pipeline\\Pipeline.php(171): Fideloper\\Proxy\\TrustProxies->handle(Object(Illuminate\\Http\\Request), Object(Closure))
#40 C:\\web\\Pizza_Builder_FinalProject_v3\\Pizza_Builder_Development\\vendor\\laravel\\framework\\src\\Illuminate\\Pipeline\\Pipeline.php(105): Illuminate\\Pipeline\\Pipeline->Illuminate\\Pipeline\\{closure}(Object(Illuminate\\Http\\Request))
#41 C:\\web\\Pizza_Builder_FinalProject_v3\\Pizza_Builder_Development\\vendor\\laravel\\framework\\src\\Illuminate\\Foundation\\Http\\Kernel.php(151): Illuminate\\Pipeline\\Pipeline->then(Object(Closure))
#42 C:\\web\\Pizza_Builder_FinalProject_v3\\Pizza_Builder_Development\\vendor\\laravel\\framework\\src\\Illuminate\\Foundation\\Http\\Kernel.php(116): Illuminate\\Foundation\\Http\\Kernel->sendRequestThroughRouter(Object(Illuminate\\Http\\Request))
#43 C:\\web\\Pizza_Builder_FinalProject_v3\\Pizza_Builder_Development\\public\\index.php(55): Illuminate\\Foundation\\Http\\Kernel->handle(Object(Illuminate\\Http\\Request))
#44 C:\\web\\Pizza_Builder_FinalProject_v3\\Pizza_Builder_Development\\server.php(21): require_once('C:\\\\web\\\\Pizza_Bu...')
#45 {main}
"} 
[2019-11-27 08:32:41] local.ERROR: The resource owner or authorization server denied the request. {"exception":"[object] (League\\OAuth2\\Server\\Exception\\OAuthServerException(code: 9): The resource owner or authorization server denied the request. at C:\\web\\Pizza_Builder_FinalProject_v3\\Pizza_Builder_Development\\vendor\\league\\oauth2-server\\src\\Exception\\OAuthServerException.php:243)
[stacktrace]
#0 C:\\web\\Pizza_Builder_FinalProject_v3\\Pizza_Builder_Development\\vendor\\league\\oauth2-server\\src\\AuthorizationValidators\\BearerTokenValidator.php(100): League\\OAuth2\\Server\\Exception\\OAuthServerException::accessDenied('The JWT string ...', NULL, Object(InvalidArgumentException))
#1 C:\\web\\Pizza_Builder_FinalProject_v3\\Pizza_Builder_Development\\vendor\\league\\oauth2-server\\src\\ResourceServer.php(84): League\\OAuth2\\Server\\AuthorizationValidators\\BearerTokenValidator->validateAuthorization(Object(Zend\\Diactoros\\ServerRequest))
#2 C:\\web\\Pizza_Builder_FinalProject_v3\\Pizza_Builder_Development\\vendor\\laravel\\passport\\src\\Guards\\TokenGuard.php(184): League\\OAuth2\\Server\\ResourceServer->validateAuthenticatedRequest(Object(Zend\\Diactoros\\ServerRequest))
#3 C:\\web\\Pizza_Builder_FinalProject_v3\\Pizza_Builder_Development\\vendor\\laravel\\passport\\src\\Guards\\TokenGuard.php(131): Laravel\\Passport\\Guards\\TokenGuard->getPsrRequestViaBearerToken(Object(Illuminate\\Http\\Request))
#4 C:\\web\\Pizza_Builder_FinalProject_v3\\Pizza_Builder_Development\\vendor\\laravel\\passport\\src\\Guards\\TokenGuard.php(94): Laravel\\Passport\\Guards\\TokenGuard->authenticateViaBearerToken(Object(Illuminate\\Http\\Request))
#5 C:\\web\\Pizza_Builder_FinalProject_v3\\Pizza_Builder_Development\\vendor\\laravel\\passport\\src\\PassportServiceProvider.php(277): Laravel\\Passport\\Guards\\TokenGuard->user(Object(Illuminate\\Http\\Request))
#6 [internal function]: Laravel\\Passport\\PassportServiceProvider->Laravel\\Passport\\{closure}(Object(Illuminate\\Http\\Request), NULL)
#7 C:\\web\\Pizza_Builder_FinalProject_v3\\Pizza_Builder_Development\\vendor\\laravel\\framework\\src\\Illuminate\\Auth\\RequestGuard.php(58): call_user_func(Object(Closure), Object(Illuminate\\Http\\Request), NULL)
#8 C:\\web\\Pizza_Builder_FinalProject_v3\\Pizza_Builder_Development\\vendor\\laravel\\framework\\src\\Illuminate\\Auth\\GuardHelpers.php(60): Illuminate\\Auth\\RequestGuard->user()
#9 C:\\web\\Pizza_Builder_FinalProject_v3\\Pizza_Builder_Development\\vendor\\laravel\\framework\\src\\Illuminate\\Auth\\Middleware\\Authenticate.php(62): Illuminate\\Auth\\RequestGuard->check()
#10 C:\\web\\Pizza_Builder_FinalProject_v3\\Pizza_Builder_Development\\vendor\\laravel\\framework\\src\\Illuminate\\Auth\\Middleware\\Authenticate.php(41): Illuminate\\Auth\\Middleware\\Authenticate->authenticate(Object(Illuminate\\Http\\Request), Array)
#11 C:\\web\\Pizza_Builder_FinalProject_v3\\Pizza_Builder_Development\\vendor\\laravel\\framework\\src\\Illuminate\\Pipeline\\Pipeline.php(171): Illuminate\\Auth\\Middleware\\Authenticate->handle(Object(Illuminate\\Http\\Request), Object(Closure), 'api')
#12 C:\\web\\Pizza_Builder_FinalProject_v3\\Pizza_Builder_Development\\vendor\\laravel\\framework\\src\\Illuminate\\Foundation\\Http\\Middleware\\VerifyCsrfToken.php(76): Illuminate\\Pipeline\\Pipeline->Illuminate\\Pipeline\\{closure}(Object(Illuminate\\Http\\Request))
#13 C:\\web\\Pizza_Builder_FinalProject_v3\\Pizza_Builder_Development\\vendor\\laravel\\framework\\src\\Illuminate\\Pipeline\\Pipeline.php(171): Illuminate\\Foundation\\Http\\Middleware\\VerifyCsrfToken->handle(Object(Illuminate\\Http\\Request), Object(Closure))
#14 C:\\web\\Pizza_Builder_FinalProject_v3\\Pizza_Builder_Development\\vendor\\laravel\\framework\\src\\Illuminate\\View\\Middleware\\ShareErrorsFromSession.php(49): Illuminate\\Pipeline\\Pipeline->Illuminate\\Pipeline\\{closure}(Object(Illuminate\\Http\\Request))
#15 C:\\web\\Pizza_Builder_FinalProject_v3\\Pizza_Builder_Development\\vendor\\laravel\\framework\\src\\Illuminate\\Pipeline\\Pipeline.php(171): Illuminate\\View\\Middleware\\ShareErrorsFromSession->handle(Object(Illuminate\\Http\\Request), Object(Closure))
#16 C:\\web\\Pizza_Builder_FinalProject_v3\\Pizza_Builder_Development\\vendor\\laravel\\framework\\src\\Illuminate\\Session\\Middleware\\StartSession.php(56): Illuminate\\Pipeline\\Pipeline->Illuminate\\Pipeline\\{closure}(Object(Illuminate\\Http\\Request))
#17 C:\\web\\Pizza_Builder_FinalProject_v3\\Pizza_Builder_Development\\vendor\\laravel\\framework\\src\\Illuminate\\Pipeline\\Pipeline.php(171): Illuminate\\Session\\Middleware\\StartSession->handle(Object(Illuminate\\Http\\Request), Object(Closure))
#18 C:\\web\\Pizza_Builder_FinalProject_v3\\Pizza_Builder_Development\\vendor\\laravel\\framework\\src\\Illuminate\\Cookie\\Middleware\\AddQueuedCookiesToResponse.php(37): Illuminate\\Pipeline\\Pipeline->Illuminate\\Pipeline\\{closure}(Object(Illuminate\\Http\\Request))
#19 C:\\web\\Pizza_Builder_FinalProject_v3\\Pizza_Builder_Development\\vendor\\laravel\\framework\\src\\Illuminate\\Pipeline\\Pipeline.php(171): Illuminate\\Cookie\\Middleware\\AddQueuedCookiesToResponse->handle(Object(Illuminate\\Http\\Request), Object(Closure))
#20 C:\\web\\Pizza_Builder_FinalProject_v3\\Pizza_Builder_Development\\vendor\\laravel\\framework\\src\\Illuminate\\Cookie\\Middleware\\EncryptCookies.php(66): Illuminate\\Pipeline\\Pipeline->Illuminate\\Pipeline\\{closure}(Object(Illuminate\\Http\\Request))
#21 C:\\web\\Pizza_Builder_FinalProject_v3\\Pizza_Builder_Development\\vendor\\laravel\\framework\\src\\Illuminate\\Pipeline\\Pipeline.php(171): Illuminate\\Cookie\\Middleware\\EncryptCookies->handle(Object(Illuminate\\Http\\Request), Object(Closure))
#22 C:\\web\\Pizza_Builder_FinalProject_v3\\Pizza_Builder_Development\\vendor\\laravel\\framework\\src\\Illuminate\\Pipeline\\Pipeline.php(105): Illuminate\\Pipeline\\Pipeline->Illuminate\\Pipeline\\{closure}(Object(Illuminate\\Http\\Request))
#23 C:\\web\\Pizza_Builder_FinalProject_v3\\Pizza_Builder_Development\\vendor\\laravel\\framework\\src\\Illuminate\\Routing\\Router.php(682): Illuminate\\Pipeline\\Pipeline->then(Object(Closure))
#24 C:\\web\\Pizza_Builder_FinalProject_v3\\Pizza_Builder_Development\\vendor\\laravel\\framework\\src\\Illuminate\\Routing\\Router.php(657): Illuminate\\Routing\\Router->runRouteWithinStack(Object(Illuminate\\Routing\\Route), Object(Illuminate\\Http\\Request))
#25 C:\\web\\Pizza_Builder_FinalProject_v3\\Pizza_Builder_Development\\vendor\\laravel\\framework\\src\\Illuminate\\Routing\\Router.php(623): Illuminate\\Routing\\Router->runRoute(Object(Illuminate\\Http\\Request), Object(Illuminate\\Routing\\Route))
#26 C:\\web\\Pizza_Builder_FinalProject_v3\\Pizza_Builder_Development\\vendor\\laravel\\framework\\src\\Illuminate\\Routing\\Router.php(612): Illuminate\\Routing\\Router->dispatchToRoute(Object(Illuminate\\Http\\Request))
#27 C:\\web\\Pizza_Builder_FinalProject_v3\\Pizza_Builder_Development\\vendor\\laravel\\framework\\src\\Illuminate\\Foundation\\Http\\Kernel.php(176): Illuminate\\Routing\\Router->dispatch(Object(Illuminate\\Http\\Request))
#28 C:\\web\\Pizza_Builder_FinalProject_v3\\Pizza_Builder_Development\\vendor\\laravel\\framework\\src\\Illuminate\\Pipeline\\Pipeline.php(130): Illuminate\\Foundation\\Http\\Kernel->Illuminate\\Foundation\\Http\\{closure}(Object(Illuminate\\Http\\Request))
#29 C:\\web\\Pizza_Builder_FinalProject_v3\\Pizza_Builder_Development\\vendor\\laravel\\framework\\src\\Illuminate\\Foundation\\Http\\Middleware\\TransformsRequest.php(21): Illuminate\\Pipeline\\Pipeline->Illuminate\\Pipeline\\{closure}(Object(Illuminate\\Http\\Request))
#30 C:\\web\\Pizza_Builder_FinalProject_v3\\Pizza_Builder_Development\\vendor\\laravel\\framework\\src\\Illuminate\\Pipeline\\Pipeline.php(171): Illuminate\\Foundation\\Http\\Middleware\\TransformsRequest->handle(Object(Illuminate\\Http\\Request), Object(Closure))
#31 C:\\web\\Pizza_Builder_FinalProject_v3\\Pizza_Builder_Development\\vendor\\laravel\\framework\\src\\Illuminate\\Foundation\\Http\\Middleware\\TransformsRequest.php(21): Illuminate\\Pipeline\\Pipeline->Illuminate\\Pipeline\\{closure}(Object(Illuminate\\Http\\Request))
#32 C:\\web\\Pizza_Builder_FinalProject_v3\\Pizza_Builder_Development\\vendor\\laravel\\framework\\src\\Illuminate\\Pipeline\\Pipeline.php(171): Illuminate\\Foundation\\Http\\Middleware\\TransformsRequest->handle(Object(Illuminate\\Http\\Request), Object(Closure))
#33 C:\\web\\Pizza_Builder_FinalProject_v3\\Pizza_Builder_Development\\vendor\\laravel\\framework\\src\\Illuminate\\Foundation\\Http\\Middleware\\ValidatePostSize.php(27): Illuminate\\Pipeline\\Pipeline->Illuminate\\Pipeline\\{closure}(Object(Illuminate\\Http\\Request))
#34 C:\\web\\Pizza_Builder_FinalProject_v3\\Pizza_Builder_Development\\vendor\\laravel\\framework\\src\\Illuminate\\Pipeline\\Pipeline.php(171): Illuminate\\Foundation\\Http\\Middleware\\ValidatePostSize->handle(Object(Illuminate\\Http\\Request), Object(Closure))
#35 C:\\web\\Pizza_Builder_FinalProject_v3\\Pizza_Builder_Development\\vendor\\laravel\\framework\\src\\Illuminate\\Foundation\\Http\\Middleware\\CheckForMaintenanceMode.php(62): Illuminate\\Pipeline\\Pipeline->Illuminate\\Pipeline\\{closure}(Object(Illuminate\\Http\\Request))
#36 C:\\web\\Pizza_Builder_FinalProject_v3\\Pizza_Builder_Development\\vendor\\laravel\\framework\\src\\Illuminate\\Pipeline\\Pipeline.php(171): Illuminate\\Foundation\\Http\\Middleware\\CheckForMaintenanceMode->handle(Object(Illuminate\\Http\\Request), Object(Closure))
#37 C:\\web\\Pizza_Builder_FinalProject_v3\\Pizza_Builder_Development\\vendor\\fideloper\\proxy\\src\\TrustProxies.php(57): Illuminate\\Pipeline\\Pipeline->Illuminate\\Pipeline\\{closure}(Object(Illuminate\\Http\\Request))
#38 C:\\web\\Pizza_Builder_FinalProject_v3\\Pizza_Builder_Development\\vendor\\laravel\\framework\\src\\Illuminate\\Pipeline\\Pipeline.php(171): Fideloper\\Proxy\\TrustProxies->handle(Object(Illuminate\\Http\\Request), Object(Closure))
#39 C:\\web\\Pizza_Builder_FinalProject_v3\\Pizza_Builder_Development\\vendor\\laravel\\framework\\src\\Illuminate\\Pipeline\\Pipeline.php(105): Illuminate\\Pipeline\\Pipeline->Illuminate\\Pipeline\\{closure}(Object(Illuminate\\Http\\Request))
#40 C:\\web\\Pizza_Builder_FinalProject_v3\\Pizza_Builder_Development\\vendor\\laravel\\framework\\src\\Illuminate\\Foundation\\Http\\Kernel.php(151): Illuminate\\Pipeline\\Pipeline->then(Object(Closure))
#41 C:\\web\\Pizza_Builder_FinalProject_v3\\Pizza_Builder_Development\\vendor\\laravel\\framework\\src\\Illuminate\\Foundation\\Http\\Kernel.php(116): Illuminate\\Foundation\\Http\\Kernel->sendRequestThroughRouter(Object(Illuminate\\Http\\Request))
#42 C:\\web\\Pizza_Builder_FinalProject_v3\\Pizza_Builder_Development\\public\\index.php(55): Illuminate\\Foundation\\Http\\Kernel->handle(Object(Illuminate\\Http\\Request))
#43 C:\\web\\Pizza_Builder_FinalProject_v3\\Pizza_Builder_Development\\server.php(21): require_once('C:\\\\web\\\\Pizza_Bu...')
#44 {main}

[previous exception] [object] (InvalidArgumentException(code: 0): The JWT string must have two dots at C:\\web\\Pizza_Builder_FinalProject_v3\\Pizza_Builder_Development\\vendor\\lcobucci\\jwt\\src\\Parser.php:95)
[stacktrace]
#0 C:\\web\\Pizza_Builder_FinalProject_v3\\Pizza_Builder_Development\\vendor\\lcobucci\\jwt\\src\\Parser.php(59): Lcobucci\\JWT\\Parser->splitJwt('undefined')
#1 C:\\web\\Pizza_Builder_FinalProject_v3\\Pizza_Builder_Development\\vendor\\league\\oauth2-server\\src\\AuthorizationValidators\\BearerTokenValidator.php(70): Lcobucci\\JWT\\Parser->parse('undefined')
#2 C:\\web\\Pizza_Builder_FinalProject_v3\\Pizza_Builder_Development\\vendor\\league\\oauth2-server\\src\\ResourceServer.php(84): League\\OAuth2\\Server\\AuthorizationValidators\\BearerTokenValidator->validateAuthorization(Object(Zend\\Diactoros\\ServerRequest))
#3 C:\\web\\Pizza_Builder_FinalProject_v3\\Pizza_Builder_Development\\vendor\\laravel\\passport\\src\\Guards\\TokenGuard.php(184): League\\OAuth2\\Server\\ResourceServer->validateAuthenticatedRequest(Object(Zend\\Diactoros\\ServerRequest))
#4 C:\\web\\Pizza_Builder_FinalProject_v3\\Pizza_Builder_Development\\vendor\\laravel\\passport\\src\\Guards\\TokenGuard.php(131): Laravel\\Passport\\Guards\\TokenGuard->getPsrRequestViaBearerToken(Object(Illuminate\\Http\\Request))
#5 C:\\web\\Pizza_Builder_FinalProject_v3\\Pizza_Builder_Development\\vendor\\laravel\\passport\\src\\Guards\\TokenGuard.php(94): Laravel\\Passport\\Guards\\TokenGuard->authenticateViaBearerToken(Object(Illuminate\\Http\\Request))
#6 C:\\web\\Pizza_Builder_FinalProject_v3\\Pizza_Builder_Development\\vendor\\laravel\\passport\\src\\PassportServiceProvider.php(277): Laravel\\Passport\\Guards\\TokenGuard->user(Object(Illuminate\\Http\\Request))
#7 [internal function]: Laravel\\Passport\\PassportServiceProvider->Laravel\\Passport\\{closure}(Object(Illuminate\\Http\\Request), NULL)
#8 C:\\web\\Pizza_Builder_FinalProject_v3\\Pizza_Builder_Development\\vendor\\laravel\\framework\\src\\Illuminate\\Auth\\RequestGuard.php(58): call_user_func(Object(Closure), Object(Illuminate\\Http\\Request), NULL)
#9 C:\\web\\Pizza_Builder_FinalProject_v3\\Pizza_Builder_Development\\vendor\\laravel\\framework\\src\\Illuminate\\Auth\\GuardHelpers.php(60): Illuminate\\Auth\\RequestGuard->user()
#10 C:\\web\\Pizza_Builder_FinalProject_v3\\Pizza_Builder_Development\\vendor\\laravel\\framework\\src\\Illuminate\\Auth\\Middleware\\Authenticate.php(62): Illuminate\\Auth\\RequestGuard->check()
#11 C:\\web\\Pizza_Builder_FinalProject_v3\\Pizza_Builder_Development\\vendor\\laravel\\framework\\src\\Illuminate\\Auth\\Middleware\\Authenticate.php(41): Illuminate\\Auth\\Middleware\\Authenticate->authenticate(Object(Illuminate\\Http\\Request), Array)
#12 C:\\web\\Pizza_Builder_FinalProject_v3\\Pizza_Builder_Development\\vendor\\laravel\\framework\\src\\Illuminate\\Pipeline\\Pipeline.php(171): Illuminate\\Auth\\Middleware\\Authenticate->handle(Object(Illuminate\\Http\\Request), Object(Closure), 'api')
#13 C:\\web\\Pizza_Builder_FinalProject_v3\\Pizza_Builder_Development\\vendor\\laravel\\framework\\src\\Illuminate\\Foundation\\Http\\Middleware\\VerifyCsrfToken.php(76): Illuminate\\Pipeline\\Pipeline->Illuminate\\Pipeline\\{closure}(Object(Illuminate\\Http\\Request))
#14 C:\\web\\Pizza_Builder_FinalProject_v3\\Pizza_Builder_Development\\vendor\\laravel\\framework\\src\\Illuminate\\Pipeline\\Pipeline.php(171): Illuminate\\Foundation\\Http\\Middleware\\VerifyCsrfToken->handle(Object(Illuminate\\Http\\Request), Object(Closure))
#15 C:\\web\\Pizza_Builder_FinalProject_v3\\Pizza_Builder_Development\\vendor\\laravel\\framework\\src\\Illuminate\\View\\Middleware\\ShareErrorsFromSession.php(49): Illuminate\\Pipeline\\Pipeline->Illuminate\\Pipeline\\{closure}(Object(Illuminate\\Http\\Request))
#16 C:\\web\\Pizza_Builder_FinalProject_v3\\Pizza_Builder_Development\\vendor\\laravel\\framework\\src\\Illuminate\\Pipeline\\Pipeline.php(171): Illuminate\\View\\Middleware\\ShareErrorsFromSession->handle(Object(Illuminate\\Http\\Request), Object(Closure))
#17 C:\\web\\Pizza_Builder_FinalProject_v3\\Pizza_Builder_Development\\vendor\\laravel\\framework\\src\\Illuminate\\Session\\Middleware\\StartSession.php(56): Illuminate\\Pipeline\\Pipeline->Illuminate\\Pipeline\\{closure}(Object(Illuminate\\Http\\Request))
#18 C:\\web\\Pizza_Builder_FinalProject_v3\\Pizza_Builder_Development\\vendor\\laravel\\framework\\src\\Illuminate\\Pipeline\\Pipeline.php(171): Illuminate\\Session\\Middleware\\StartSession->handle(Object(Illuminate\\Http\\Request), Object(Closure))
#19 C:\\web\\Pizza_Builder_FinalProject_v3\\Pizza_Builder_Development\\vendor\\laravel\\framework\\src\\Illuminate\\Cookie\\Middleware\\AddQueuedCookiesToResponse.php(37): Illuminate\\Pipeline\\Pipeline->Illuminate\\Pipeline\\{closure}(Object(Illuminate\\Http\\Request))
#20 C:\\web\\Pizza_Builder_FinalProject_v3\\Pizza_Builder_Development\\vendor\\laravel\\framework\\src\\Illuminate\\Pipeline\\Pipeline.php(171): Illuminate\\Cookie\\Middleware\\AddQueuedCookiesToResponse->handle(Object(Illuminate\\Http\\Request), Object(Closure))
#21 C:\\web\\Pizza_Builder_FinalProject_v3\\Pizza_Builder_Development\\vendor\\laravel\\framework\\src\\Illuminate\\Cookie\\Middleware\\EncryptCookies.php(66): Illuminate\\Pipeline\\Pipeline->Illuminate\\Pipeline\\{closure}(Object(Illuminate\\Http\\Request))
#22 C:\\web\\Pizza_Builder_FinalProject_v3\\Pizza_Builder_Development\\vendor\\laravel\\framework\\src\\Illuminate\\Pipeline\\Pipeline.php(171): Illuminate\\Cookie\\Middleware\\EncryptCookies->handle(Object(Illuminate\\Http\\Request), Object(Closure))
#23 C:\\web\\Pizza_Builder_FinalProject_v3\\Pizza_Builder_Development\\vendor\\laravel\\framework\\src\\Illuminate\\Pipeline\\Pipeline.php(105): Illuminate\\Pipeline\\Pipeline->Illuminate\\Pipeline\\{closure}(Object(Illuminate\\Http\\Request))
#24 C:\\web\\Pizza_Builder_FinalProject_v3\\Pizza_Builder_Development\\vendor\\laravel\\framework\\src\\Illuminate\\Routing\\Router.php(682): Illuminate\\Pipeline\\Pipeline->then(Object(Closure))
#25 C:\\web\\Pizza_Builder_FinalProject_v3\\Pizza_Builder_Development\\vendor\\laravel\\framework\\src\\Illuminate\\Routing\\Router.php(657): Illuminate\\Routing\\Router->runRouteWithinStack(Object(Illuminate\\Routing\\Route), Object(Illuminate\\Http\\Request))
#26 C:\\web\\Pizza_Builder_FinalProject_v3\\Pizza_Builder_Development\\vendor\\laravel\\framework\\src\\Illuminate\\Routing\\Router.php(623): Illuminate\\Routing\\Router->runRoute(Object(Illuminate\\Http\\Request), Object(Illuminate\\Routing\\Route))
#27 C:\\web\\Pizza_Builder_FinalProject_v3\\Pizza_Builder_Development\\vendor\\laravel\\framework\\src\\Illuminate\\Routing\\Router.php(612): Illuminate\\Routing\\Router->dispatchToRoute(Object(Illuminate\\Http\\Request))
#28 C:\\web\\Pizza_Builder_FinalProject_v3\\Pizza_Builder_Development\\vendor\\laravel\\framework\\src\\Illuminate\\Foundation\\Http\\Kernel.php(176): Illuminate\\Routing\\Router->dispatch(Object(Illuminate\\Http\\Request))
#29 C:\\web\\Pizza_Builder_FinalProject_v3\\Pizza_Builder_Development\\vendor\\laravel\\framework\\src\\Illuminate\\Pipeline\\Pipeline.php(130): Illuminate\\Foundation\\Http\\Kernel->Illuminate\\Foundation\\Http\\{closure}(Object(Illuminate\\Http\\Request))
#30 C:\\web\\Pizza_Builder_FinalProject_v3\\Pizza_Builder_Development\\vendor\\laravel\\framework\\src\\Illuminate\\Foundation\\Http\\Middleware\\TransformsRequest.php(21): Illuminate\\Pipeline\\Pipeline->Illuminate\\Pipeline\\{closure}(Object(Illuminate\\Http\\Request))
#31 C:\\web\\Pizza_Builder_FinalProject_v3\\Pizza_Builder_Development\\vendor\\laravel\\framework\\src\\Illuminate\\Pipeline\\Pipeline.php(171): Illuminate\\Foundation\\Http\\Middleware\\TransformsRequest->handle(Object(Illuminate\\Http\\Request), Object(Closure))
#32 C:\\web\\Pizza_Builder_FinalProject_v3\\Pizza_Builder_Development\\vendor\\laravel\\framework\\src\\Illuminate\\Foundation\\Http\\Middleware\\TransformsRequest.php(21): Illuminate\\Pipeline\\Pipeline->Illuminate\\Pipeline\\{closure}(Object(Illuminate\\Http\\Request))
#33 C:\\web\\Pizza_Builder_FinalProject_v3\\Pizza_Builder_Development\\vendor\\laravel\\framework\\src\\Illuminate\\Pipeline\\Pipeline.php(171): Illuminate\\Foundation\\Http\\Middleware\\TransformsRequest->handle(Object(Illuminate\\Http\\Request), Object(Closure))
#34 C:\\web\\Pizza_Builder_FinalProject_v3\\Pizza_Builder_Development\\vendor\\laravel\\framework\\src\\Illuminate\\Foundation\\Http\\Middleware\\ValidatePostSize.php(27): Illuminate\\Pipeline\\Pipeline->Illuminate\\Pipeline\\{closure}(Object(Illuminate\\Http\\Request))
#35 C:\\web\\Pizza_Builder_FinalProject_v3\\Pizza_Builder_Development\\vendor\\laravel\\framework\\src\\Illuminate\\Pipeline\\Pipeline.php(171): Illuminate\\Foundation\\Http\\Middleware\\ValidatePostSize->handle(Object(Illuminate\\Http\\Request), Object(Closure))
#36 C:\\web\\Pizza_Builder_FinalProject_v3\\Pizza_Builder_Development\\vendor\\laravel\\framework\\src\\Illuminate\\Foundation\\Http\\Middleware\\CheckForMaintenanceMode.php(62): Illuminate\\Pipeline\\Pipeline->Illuminate\\Pipeline\\{closure}(Object(Illuminate\\Http\\Request))
#37 C:\\web\\Pizza_Builder_FinalProject_v3\\Pizza_Builder_Development\\vendor\\laravel\\framework\\src\\Illuminate\\Pipeline\\Pipeline.php(171): Illuminate\\Foundation\\Http\\Middleware\\CheckForMaintenanceMode->handle(Object(Illuminate\\Http\\Request), Object(Closure))
#38 C:\\web\\Pizza_Builder_FinalProject_v3\\Pizza_Builder_Development\\vendor\\fideloper\\proxy\\src\\TrustProxies.php(57): Illuminate\\Pipeline\\Pipeline->Illuminate\\Pipeline\\{closure}(Object(Illuminate\\Http\\Request))
#39 C:\\web\\Pizza_Builder_FinalProject_v3\\Pizza_Builder_Development\\vendor\\laravel\\framework\\src\\Illuminate\\Pipeline\\Pipeline.php(171): Fideloper\\Proxy\\TrustProxies->handle(Object(Illuminate\\Http\\Request), Object(Closure))
#40 C:\\web\\Pizza_Builder_FinalProject_v3\\Pizza_Builder_Development\\vendor\\laravel\\framework\\src\\Illuminate\\Pipeline\\Pipeline.php(105): Illuminate\\Pipeline\\Pipeline->Illuminate\\Pipeline\\{closure}(Object(Illuminate\\Http\\Request))
#41 C:\\web\\Pizza_Builder_FinalProject_v3\\Pizza_Builder_Development\\vendor\\laravel\\framework\\src\\Illuminate\\Foundation\\Http\\Kernel.php(151): Illuminate\\Pipeline\\Pipeline->then(Object(Closure))
#42 C:\\web\\Pizza_Builder_FinalProject_v3\\Pizza_Builder_Development\\vendor\\laravel\\framework\\src\\Illuminate\\Foundation\\Http\\Kernel.php(116): Illuminate\\Foundation\\Http\\Kernel->sendRequestThroughRouter(Object(Illuminate\\Http\\Request))
#43 C:\\web\\Pizza_Builder_FinalProject_v3\\Pizza_Builder_Development\\public\\index.php(55): Illuminate\\Foundation\\Http\\Kernel->handle(Object(Illuminate\\Http\\Request))
#44 C:\\web\\Pizza_Builder_FinalProject_v3\\Pizza_Builder_Development\\server.php(21): require_once('C:\\\\web\\\\Pizza_Bu...')
#45 {main}
"} 
[2019-11-27 15:26:26] local.ERROR: Address in mailbox given [asdf@gmail. om] does not comply with RFC 2822, 3.6.2. {"exception":"[object] (Swift_RfcComplianceException(code: 0): Address in mailbox given [asdf@gmail. om] does not comply with RFC 2822, 3.6.2. at C:\\web\\Pizza_Builder_FinalProject_v3\\Pizza_Builder_Development\\vendor\\swiftmailer\\swiftmailer\\lib\\classes\\Swift\\Mime\\Headers\\MailboxHeader.php:355)
[stacktrace]
#0 C:\\web\\Pizza_Builder_FinalProject_v3\\Pizza_Builder_Development\\vendor\\swiftmailer\\swiftmailer\\lib\\classes\\Swift\\Mime\\Headers\\MailboxHeader.php(272): Swift_Mime_Headers_MailboxHeader->assertValidAddress('asdf@gmail. om')
#1 C:\\web\\Pizza_Builder_FinalProject_v3\\Pizza_Builder_Development\\vendor\\swiftmailer\\swiftmailer\\lib\\classes\\Swift\\Mime\\Headers\\MailboxHeader.php(117): Swift_Mime_Headers_MailboxHeader->normalizeMailboxes(Array)
#2 C:\\web\\Pizza_Builder_FinalProject_v3\\Pizza_Builder_Development\\vendor\\swiftmailer\\swiftmailer\\lib\\classes\\Swift\\Mime\\Headers\\MailboxHeader.php(74): Swift_Mime_Headers_MailboxHeader->setNameAddresses(Array)
#3 C:\\web\\Pizza_Builder_FinalProject_v3\\Pizza_Builder_Development\\vendor\\swiftmailer\\swiftmailer\\lib\\classes\\Swift\\Mime\\SimpleHeaderFactory.php(61): Swift_Mime_Headers_MailboxHeader->setFieldBodyModel(Array)
#4 C:\\web\\Pizza_Builder_FinalProject_v3\\Pizza_Builder_Development\\vendor\\swiftmailer\\swiftmailer\\lib\\classes\\Swift\\Mime\\SimpleHeaderSet.php(71): Swift_Mime_SimpleHeaderFactory->createMailboxHeader('To', Array)
#5 C:\\web\\Pizza_Builder_FinalProject_v3\\Pizza_Builder_Development\\vendor\\swiftmailer\\swiftmailer\\lib\\classes\\Swift\\Mime\\SimpleMessage.php(323): Swift_Mime_SimpleHeaderSet->addMailboxHeader('To', Array)
#6 C:\\web\\Pizza_Builder_FinalProject_v3\\Pizza_Builder_Development\\vendor\\swiftmailer\\swiftmailer\\lib\\classes\\Swift\\Mime\\SimpleMessage.php(299): Swift_Mime_SimpleMessage->setTo(Array)
#7 C:\\web\\Pizza_Builder_FinalProject_v3\\Pizza_Builder_Development\\vendor\\laravel\\framework\\src\\Illuminate\\Mail\\Message.php(164): Swift_Mime_SimpleMessage->addTo('asdf@gmail. om', NULL)
#8 C:\\web\\Pizza_Builder_FinalProject_v3\\Pizza_Builder_Development\\vendor\\laravel\\framework\\src\\Illuminate\\Mail\\Message.php(98): Illuminate\\Mail\\Message->addAddresses('asdf@gmail. om', NULL, 'To')
#9 C:\\web\\Pizza_Builder_FinalProject_v3\\Pizza_Builder_Development\\vendor\\laravel\\framework\\src\\Illuminate\\Mail\\Mailable.php(334): Illuminate\\Mail\\Message->to('asdf@gmail. om', NULL)
#10 C:\\web\\Pizza_Builder_FinalProject_v3\\Pizza_Builder_Development\\vendor\\laravel\\framework\\src\\Illuminate\\Mail\\Mailable.php(155): Illuminate\\Mail\\Mailable->buildRecipients(Object(Illuminate\\Mail\\Message))
#11 C:\\web\\Pizza_Builder_FinalProject_v3\\Pizza_Builder_Development\\vendor\\laravel\\framework\\src\\Illuminate\\Mail\\Mailer.php(242): Illuminate\\Mail\\Mailable->Illuminate\\Mail\\{closure}(Object(Illuminate\\Mail\\Message))
#12 C:\\web\\Pizza_Builder_FinalProject_v3\\Pizza_Builder_Development\\vendor\\laravel\\framework\\src\\Illuminate\\Mail\\Mailable.php(159): Illuminate\\Mail\\Mailer->send('emails.order_co...', Array, Object(Closure))
#13 C:\\web\\Pizza_Builder_FinalProject_v3\\Pizza_Builder_Development\\vendor\\laravel\\framework\\src\\Illuminate\\Support\\Traits\\Localizable.php(19): Illuminate\\Mail\\Mailable->Illuminate\\Mail\\{closure}()
#14 C:\\web\\Pizza_Builder_FinalProject_v3\\Pizza_Builder_Development\\vendor\\laravel\\framework\\src\\Illuminate\\Mail\\Mailable.php(160): Illuminate\\Mail\\Mailable->withLocale(NULL, Object(Closure))
#15 C:\\web\\Pizza_Builder_FinalProject_v3\\Pizza_Builder_Development\\vendor\\laravel\\framework\\src\\Illuminate\\Mail\\Mailer.php(275): Illuminate\\Mail\\Mailable->send(Object(Illuminate\\Mail\\Mailer))
#16 C:\\web\\Pizza_Builder_FinalProject_v3\\Pizza_Builder_Development\\vendor\\laravel\\framework\\src\\Illuminate\\Mail\\Mailer.php(229): Illuminate\\Mail\\Mailer->sendMailable(Object(App\\Mail\\OrderCompleteEmail))
#17 C:\\web\\Pizza_Builder_FinalProject_v3\\Pizza_Builder_Development\\vendor\\laravel\\framework\\src\\Illuminate\\Mail\\PendingMail.php(127): Illuminate\\Mail\\Mailer->send(Object(App\\Mail\\OrderCompleteEmail))
#18 C:\\web\\Pizza_Builder_FinalProject_v3\\Pizza_Builder_Development\\app\\Http\\Controllers\\EmailController.php(44): Illuminate\\Mail\\PendingMail->send(Object(App\\Mail\\OrderCompleteEmail))
#19 [internal function]: App\\Http\\Controllers\\EmailController->complete(Object(Illuminate\\Http\\Request))
#20 C:\\web\\Pizza_Builder_FinalProject_v3\\Pizza_Builder_Development\\vendor\\laravel\\framework\\src\\Illuminate\\Routing\\Controller.php(54): call_user_func_array(Array, Array)
#21 C:\\web\\Pizza_Builder_FinalProject_v3\\Pizza_Builder_Development\\vendor\\laravel\\framework\\src\\Illuminate\\Routing\\ControllerDispatcher.php(45): Illuminate\\Routing\\Controller->callAction('complete', Array)
#22 C:\\web\\Pizza_Builder_FinalProject_v3\\Pizza_Builder_Development\\vendor\\laravel\\framework\\src\\Illuminate\\Routing\\Route.php(219): Illuminate\\Routing\\ControllerDispatcher->dispatch(Object(Illuminate\\Routing\\Route), Object(App\\Http\\Controllers\\EmailController), 'complete')
#23 C:\\web\\Pizza_Builder_FinalProject_v3\\Pizza_Builder_Development\\vendor\\laravel\\framework\\src\\Illuminate\\Routing\\Route.php(176): Illuminate\\Routing\\Route->runController()
#24 C:\\web\\Pizza_Builder_FinalProject_v3\\Pizza_Builder_Development\\vendor\\laravel\\framework\\src\\Illuminate\\Routing\\Router.php(680): Illuminate\\Routing\\Route->run()
#25 C:\\web\\Pizza_Builder_FinalProject_v3\\Pizza_Builder_Development\\vendor\\laravel\\framework\\src\\Illuminate\\Pipeline\\Pipeline.php(130): Illuminate\\Routing\\Router->Illuminate\\Routing\\{closure}(Object(Illuminate\\Http\\Request))
#26 C:\\web\\Pizza_Builder_FinalProject_v3\\Pizza_Builder_Development\\vendor\\laravel\\framework\\src\\Illuminate\\Routing\\Middleware\\SubstituteBindings.php(41): Illuminate\\Pipeline\\Pipeline->Illuminate\\Pipeline\\{closure}(Object(Illuminate\\Http\\Request))
#27 C:\\web\\Pizza_Builder_FinalProject_v3\\Pizza_Builder_Development\\vendor\\laravel\\framework\\src\\Illuminate\\Pipeline\\Pipeline.php(171): Illuminate\\Routing\\Middleware\\SubstituteBindings->handle(Object(Illuminate\\Http\\Request), Object(Closure))
#28 C:\\web\\Pizza_Builder_FinalProject_v3\\Pizza_Builder_Development\\vendor\\laravel\\framework\\src\\Illuminate\\Foundation\\Http\\Middleware\\VerifyCsrfToken.php(76): Illuminate\\Pipeline\\Pipeline->Illuminate\\Pipeline\\{closure}(Object(Illuminate\\Http\\Request))
#29 C:\\web\\Pizza_Builder_FinalProject_v3\\Pizza_Builder_Development\\vendor\\laravel\\framework\\src\\Illuminate\\Pipeline\\Pipeline.php(171): Illuminate\\Foundation\\Http\\Middleware\\VerifyCsrfToken->handle(Object(Illuminate\\Http\\Request), Object(Closure))
#30 C:\\web\\Pizza_Builder_FinalProject_v3\\Pizza_Builder_Development\\vendor\\laravel\\framework\\src\\Illuminate\\View\\Middleware\\ShareErrorsFromSession.php(49): Illuminate\\Pipeline\\Pipeline->Illuminate\\Pipeline\\{closure}(Object(Illuminate\\Http\\Request))
#31 C:\\web\\Pizza_Builder_FinalProject_v3\\Pizza_Builder_Development\\vendor\\laravel\\framework\\src\\Illuminate\\Pipeline\\Pipeline.php(171): Illuminate\\View\\Middleware\\ShareErrorsFromSession->handle(Object(Illuminate\\Http\\Request), Object(Closure))
#32 C:\\web\\Pizza_Builder_FinalProject_v3\\Pizza_Builder_Development\\vendor\\laravel\\framework\\src\\Illuminate\\Session\\Middleware\\StartSession.php(56): Illuminate\\Pipeline\\Pipeline->Illuminate\\Pipeline\\{closure}(Object(Illuminate\\Http\\Request))
#33 C:\\web\\Pizza_Builder_FinalProject_v3\\Pizza_Builder_Development\\vendor\\laravel\\framework\\src\\Illuminate\\Pipeline\\Pipeline.php(171): Illuminate\\Session\\Middleware\\StartSession->handle(Object(Illuminate\\Http\\Request), Object(Closure))
#34 C:\\web\\Pizza_Builder_FinalProject_v3\\Pizza_Builder_Development\\vendor\\laravel\\framework\\src\\Illuminate\\Cookie\\Middleware\\AddQueuedCookiesToResponse.php(37): Illuminate\\Pipeline\\Pipeline->Illuminate\\Pipeline\\{closure}(Object(Illuminate\\Http\\Request))
#35 C:\\web\\Pizza_Builder_FinalProject_v3\\Pizza_Builder_Development\\vendor\\laravel\\framework\\src\\Illuminate\\Pipeline\\Pipeline.php(171): Illuminate\\Cookie\\Middleware\\AddQueuedCookiesToResponse->handle(Object(Illuminate\\Http\\Request), Object(Closure))
#36 C:\\web\\Pizza_Builder_FinalProject_v3\\Pizza_Builder_Development\\vendor\\laravel\\framework\\src\\Illuminate\\Cookie\\Middleware\\EncryptCookies.php(66): Illuminate\\Pipeline\\Pipeline->Illuminate\\Pipeline\\{closure}(Object(Illuminate\\Http\\Request))
#37 C:\\web\\Pizza_Builder_FinalProject_v3\\Pizza_Builder_Development\\vendor\\laravel\\framework\\src\\Illuminate\\Pipeline\\Pipeline.php(171): Illuminate\\Cookie\\Middleware\\EncryptCookies->handle(Object(Illuminate\\Http\\Request), Object(Closure))
#38 C:\\web\\Pizza_Builder_FinalProject_v3\\Pizza_Builder_Development\\vendor\\laravel\\framework\\src\\Illuminate\\Pipeline\\Pipeline.php(105): Illuminate\\Pipeline\\Pipeline->Illuminate\\Pipeline\\{closure}(Object(Illuminate\\Http\\Request))
#39 C:\\web\\Pizza_Builder_FinalProject_v3\\Pizza_Builder_Development\\vendor\\laravel\\framework\\src\\Illuminate\\Routing\\Router.php(682): Illuminate\\Pipeline\\Pipeline->then(Object(Closure))
#40 C:\\web\\Pizza_Builder_FinalProject_v3\\Pizza_Builder_Development\\vendor\\laravel\\framework\\src\\Illuminate\\Routing\\Router.php(657): Illuminate\\Routing\\Router->runRouteWithinStack(Object(Illuminate\\Routing\\Route), Object(Illuminate\\Http\\Request))
#41 C:\\web\\Pizza_Builder_FinalProject_v3\\Pizza_Builder_Development\\vendor\\laravel\\framework\\src\\Illuminate\\Routing\\Router.php(623): Illuminate\\Routing\\Router->runRoute(Object(Illuminate\\Http\\Request), Object(Illuminate\\Routing\\Route))
#42 C:\\web\\Pizza_Builder_FinalProject_v3\\Pizza_Builder_Development\\vendor\\laravel\\framework\\src\\Illuminate\\Routing\\Router.php(612): Illuminate\\Routing\\Router->dispatchToRoute(Object(Illuminate\\Http\\Request))
#43 C:\\web\\Pizza_Builder_FinalProject_v3\\Pizza_Builder_Development\\vendor\\laravel\\framework\\src\\Illuminate\\Foundation\\Http\\Kernel.php(176): Illuminate\\Routing\\Router->dispatch(Object(Illuminate\\Http\\Request))
#44 C:\\web\\Pizza_Builder_FinalProject_v3\\Pizza_Builder_Development\\vendor\\laravel\\framework\\src\\Illuminate\\Pipeline\\Pipeline.php(130): Illuminate\\Foundation\\Http\\Kernel->Illuminate\\Foundation\\Http\\{closure}(Object(Illuminate\\Http\\Request))
#45 C:\\web\\Pizza_Builder_FinalProject_v3\\Pizza_Builder_Development\\vendor\\laravel\\framework\\src\\Illuminate\\Foundation\\Http\\Middleware\\TransformsRequest.php(21): Illuminate\\Pipeline\\Pipeline->Illuminate\\Pipeline\\{closure}(Object(Illuminate\\Http\\Request))
#46 C:\\web\\Pizza_Builder_FinalProject_v3\\Pizza_Builder_Development\\vendor\\laravel\\framework\\src\\Illuminate\\Pipeline\\Pipeline.php(171): Illuminate\\Foundation\\Http\\Middleware\\TransformsRequest->handle(Object(Illuminate\\Http\\Request), Object(Closure))
#47 C:\\web\\Pizza_Builder_FinalProject_v3\\Pizza_Builder_Development\\vendor\\laravel\\framework\\src\\Illuminate\\Foundation\\Http\\Middleware\\TransformsRequest.php(21): Illuminate\\Pipeline\\Pipeline->Illuminate\\Pipeline\\{closure}(Object(Illuminate\\Http\\Request))
#48 C:\\web\\Pizza_Builder_FinalProject_v3\\Pizza_Builder_Development\\vendor\\laravel\\framework\\src\\Illuminate\\Pipeline\\Pipeline.php(171): Illuminate\\Foundation\\Http\\Middleware\\TransformsRequest->handle(Object(Illuminate\\Http\\Request), Object(Closure))
#49 C:\\web\\Pizza_Builder_FinalProject_v3\\Pizza_Builder_Development\\vendor\\laravel\\framework\\src\\Illuminate\\Foundation\\Http\\Middleware\\ValidatePostSize.php(27): Illuminate\\Pipeline\\Pipeline->Illuminate\\Pipeline\\{closure}(Object(Illuminate\\Http\\Request))
#50 C:\\web\\Pizza_Builder_FinalProject_v3\\Pizza_Builder_Development\\vendor\\laravel\\framework\\src\\Illuminate\\Pipeline\\Pipeline.php(171): Illuminate\\Foundation\\Http\\Middleware\\ValidatePostSize->handle(Object(Illuminate\\Http\\Request), Object(Closure))
#51 C:\\web\\Pizza_Builder_FinalProject_v3\\Pizza_Builder_Development\\vendor\\laravel\\framework\\src\\Illuminate\\Foundation\\Http\\Middleware\\CheckForMaintenanceMode.php(62): Illuminate\\Pipeline\\Pipeline->Illuminate\\Pipeline\\{closure}(Object(Illuminate\\Http\\Request))
#52 C:\\web\\Pizza_Builder_FinalProject_v3\\Pizza_Builder_Development\\vendor\\laravel\\framework\\src\\Illuminate\\Pipeline\\Pipeline.php(171): Illuminate\\Foundation\\Http\\Middleware\\CheckForMaintenanceMode->handle(Object(Illuminate\\Http\\Request), Object(Closure))
#53 C:\\web\\Pizza_Builder_FinalProject_v3\\Pizza_Builder_Development\\vendor\\fideloper\\proxy\\src\\TrustProxies.php(57): Illuminate\\Pipeline\\Pipeline->Illuminate\\Pipeline\\{closure}(Object(Illuminate\\Http\\Request))
#54 C:\\web\\Pizza_Builder_FinalProject_v3\\Pizza_Builder_Development\\vendor\\laravel\\framework\\src\\Illuminate\\Pipeline\\Pipeline.php(171): Fideloper\\Proxy\\TrustProxies->handle(Object(Illuminate\\Http\\Request), Object(Closure))
#55 C:\\web\\Pizza_Builder_FinalProject_v3\\Pizza_Builder_Development\\vendor\\laravel\\framework\\src\\Illuminate\\Pipeline\\Pipeline.php(105): Illuminate\\Pipeline\\Pipeline->Illuminate\\Pipeline\\{closure}(Object(Illuminate\\Http\\Request))
#56 C:\\web\\Pizza_Builder_FinalProject_v3\\Pizza_Builder_Development\\vendor\\laravel\\framework\\src\\Illuminate\\Foundation\\Http\\Kernel.php(151): Illuminate\\Pipeline\\Pipeline->then(Object(Closure))
#57 C:\\web\\Pizza_Builder_FinalProject_v3\\Pizza_Builder_Development\\vendor\\laravel\\framework\\src\\Illuminate\\Foundation\\Http\\Kernel.php(116): Illuminate\\Foundation\\Http\\Kernel->sendRequestThroughRouter(Object(Illuminate\\Http\\Request))
#58 C:\\web\\Pizza_Builder_FinalProject_v3\\Pizza_Builder_Development\\public\\index.php(55): Illuminate\\Foundation\\Http\\Kernel->handle(Object(Illuminate\\Http\\Request))
#59 C:\\web\\Pizza_Builder_FinalProject_v3\\Pizza_Builder_Development\\server.php(21): require_once('C:\\\\web\\\\Pizza_Bu...')
#60 {main}
"} 
