[2019-11-17 19:29:18] production.ERROR: file_get_contents(C:\web\Pizza_Builder_FinalProject_v2\Pizza_Builder_Development\.env): failed to open stream: No such file or directory {"exception":"[object] (ErrorException(code: 0): file_get_contents(C:\\web\\Pizza_Builder_FinalProject_v2\\Pizza_Builder_Development\\.env): failed to open stream: No such file or directory at C:\\web\\Pizza_Builder_FinalProject_v2\\Pizza_Builder_Development\\vendor\\laravel\\framework\\src\\Illuminate\\Foundation\\Console\\KeyGenerateCommand.php:96)
[stacktrace]
#0 [internal function]: Illuminate\\Foundation\\Bootstrap\\HandleExceptions->handleError(2, 'file_get_conten...', 'C:\\\\web\\\\Pizza_Bu...', 96, Array)
#1 C:\\web\\Pizza_Builder_FinalProject_v2\\Pizza_Builder_Development\\vendor\\laravel\\framework\\src\\Illuminate\\Foundation\\Console\\KeyGenerateCommand.php(96): file_get_contents('C:\\\\web\\\\Pizza_Bu...')
#2 C:\\web\\Pizza_Builder_FinalProject_v2\\Pizza_Builder_Development\\vendor\\laravel\\framework\\src\\Illuminate\\Foundation\\Console\\KeyGenerateCommand.php(80): Illuminate\\Foundation\\Console\\KeyGenerateCommand->writeNewEnvironmentFileWith('base64:RTkz60/I...')
#3 C:\\web\\Pizza_Builder_FinalProject_v2\\Pizza_Builder_Development\\vendor\\laravel\\framework\\src\\Illuminate\\Foundation\\Console\\KeyGenerateCommand.php(45): Illuminate\\Foundation\\Console\\KeyGenerateCommand->setKeyInEnvironmentFile('base64:RTkz60/I...')
#4 [internal function]: Illuminate\\Foundation\\Console\\KeyGenerateCommand->handle()
#5 C:\\web\\Pizza_Builder_FinalProject_v2\\Pizza_Builder_Development\\vendor\\laravel\\framework\\src\\Illuminate\\Container\\BoundMethod.php(32): call_user_func_array(Array, Array)
#6 C:\\web\\Pizza_Builder_FinalProject_v2\\Pizza_Builder_Development\\vendor\\laravel\\framework\\src\\Illuminate\\Support\\helpers.php(520): Illuminate\\Container\\BoundMethod::Illuminate\\Container\\{closure}()
#7 C:\\web\\Pizza_Builder_FinalProject_v2\\Pizza_Builder_Development\\vendor\\laravel\\framework\\src\\Illuminate\\Container\\BoundMethod.php(90): value(Object(Closure))
#8 C:\\web\\Pizza_Builder_FinalProject_v2\\Pizza_Builder_Development\\vendor\\laravel\\framework\\src\\Illuminate\\Container\\BoundMethod.php(34): Illuminate\\Container\\BoundMethod::callBoundMethod(Object(Illuminate\\Foundation\\Application), Array, Object(Closure))
#9 C:\\web\\Pizza_Builder_FinalProject_v2\\Pizza_Builder_Development\\vendor\\laravel\\framework\\src\\Illuminate\\Container\\Container.php(591): Illuminate\\Container\\BoundMethod::call(Object(Illuminate\\Foundation\\Application), Array, Array, NULL)
#10 C:\\web\\Pizza_Builder_FinalProject_v2\\Pizza_Builder_Development\\vendor\\laravel\\framework\\src\\Illuminate\\Console\\Command.php(202): Illuminate\\Container\\Container->call(Array)
#11 C:\\web\\Pizza_Builder_FinalProject_v2\\Pizza_Builder_Development\\vendor\\symfony\\console\\Command\\Command.php(255): Illuminate\\Console\\Command->execute(Object(Symfony\\Component\\Console\\Input\\ArgvInput), Object(Illuminate\\Console\\OutputStyle))
#12 C:\\web\\Pizza_Builder_FinalProject_v2\\Pizza_Builder_Development\\vendor\\laravel\\framework\\src\\Illuminate\\Console\\Command.php(189): Symfony\\Component\\Console\\Command\\Command->run(Object(Symfony\\Component\\Console\\Input\\ArgvInput), Object(Illuminate\\Console\\OutputStyle))
#13 C:\\web\\Pizza_Builder_FinalProject_v2\\Pizza_Builder_Development\\vendor\\symfony\\console\\Application.php(934): Illuminate\\Console\\Command->run(Object(Symfony\\Component\\Console\\Input\\ArgvInput), Object(Symfony\\Component\\Console\\Output\\ConsoleOutput))
#14 C:\\web\\Pizza_Builder_FinalProject_v2\\Pizza_Builder_Development\\vendor\\symfony\\console\\Application.php(273): Symfony\\Component\\Console\\Application->doRunCommand(Object(Illuminate\\Foundation\\Console\\KeyGenerateCommand), Object(Symfony\\Component\\Console\\Input\\ArgvInput), Object(Symfony\\Component\\Console\\Output\\ConsoleOutput))
#15 C:\\web\\Pizza_Builder_FinalProject_v2\\Pizza_Builder_Development\\vendor\\symfony\\console\\Application.php(149): Symfony\\Component\\Console\\Application->doRun(Object(Symfony\\Component\\Console\\Input\\ArgvInput), Object(Symfony\\Component\\Console\\Output\\ConsoleOutput))
#16 C:\\web\\Pizza_Builder_FinalProject_v2\\Pizza_Builder_Development\\vendor\\laravel\\framework\\src\\Illuminate\\Console\\Application.php(90): Symfony\\Component\\Console\\Application->run(Object(Symfony\\Component\\Console\\Input\\ArgvInput), Object(Symfony\\Component\\Console\\Output\\ConsoleOutput))
#17 C:\\web\\Pizza_Builder_FinalProject_v2\\Pizza_Builder_Development\\vendor\\laravel\\framework\\src\\Illuminate\\Foundation\\Console\\Kernel.php(131): Illuminate\\Console\\Application->run(Object(Symfony\\Component\\Console\\Input\\ArgvInput), Object(Symfony\\Component\\Console\\Output\\ConsoleOutput))
#18 C:\\web\\Pizza_Builder_FinalProject_v2\\Pizza_Builder_Development\\artisan(37): Illuminate\\Foundation\\Console\\Kernel->handle(Object(Symfony\\Component\\Console\\Input\\ArgvInput), Object(Symfony\\Component\\Console\\Output\\ConsoleOutput))
#19 {main}
"} 
