[2019-11-25 13:39:32] local.ERROR: Address in mailbox given [asdf@gmail. om] does not comply with RFC 2822, 3.6.2. {"exception":"[object] (Swift_RfcComplianceException(code: 0): Address in mailbox given [asdf@gmail. om] does not comply with RFC 2822, 3.6.2. at C:\\web\\Pizza_Builder_FinalProject_v3\\Pizza_Builder_Development\\vendor\\swiftmailer\\swiftmailer\\lib\\classes\\Swift\\Mime\\Headers\\MailboxHeader.php:355)
[stacktrace]
#0 C:\\web\\Pizza_Builder_FinalProject_v3\\Pizza_Builder_Development\\vendor\\swiftmailer\\swiftmailer\\lib\\classes\\Swift\\Mime\\Headers\\MailboxHeader.php(272): Swift_Mime_Headers_MailboxHeader->assertValidAddress('asdf@gmail. om')
#1 C:\\web\\Pizza_Builder_FinalProject_v3\\Pizza_Builder_Development\\vendor\\swiftmailer\\swiftmailer\\lib\\classes\\Swift\\Mime\\Headers\\MailboxHeader.php(117): Swift_Mime_Headers_MailboxHeader->normalizeMailboxes(Array)
#2 C:\\web\\Pizza_Builder_FinalProject_v3\\Pizza_Builder_Development\\vendor\\swiftmailer\\swiftmailer\\lib\\classes\\Swift\\Mime\\Headers\\MailboxHeader.php(74): Swift_Mime_Headers_MailboxHeader->setNameAddresses(Array)
#3 C:\\web\\Pizza_Builder_FinalProject_v3\\Pizza_Builder_Development\\vendor\\swiftmailer\\swiftmailer\\lib\\classes\\Swift\\Mime\\SimpleHeaderFactory.php(61): Swift_Mime_Headers_MailboxHeader->setFieldBodyModel(Array)
#4 C:\\web\\Pizza_Builder_FinalProject_v3\\Pizza_Builder_Development\\vendor\\swiftmailer\\swiftmailer\\lib\\classes\\Swift\\Mime\\SimpleHeaderSet.php(71): Swift_Mime_SimpleHeaderFactory->createMailboxHeader('To', Array)
#5 C:\\web\\Pizza_Builder_FinalProject_v3\\Pizza_Builder_Development\\vendor\\swiftmailer\\swiftmailer\\lib\\classes\\Swift\\Mime\\SimpleMessage.php(323): Swift_Mime_SimpleHeaderSet->addMailboxHeader('To', Array)
#6 C:\\web\\Pizza_Builder_FinalProject_v3\\Pizza_Builder_Development\\vendor\\swiftmailer\\swiftmailer\\lib\\classes\\Swift\\Mime\\SimpleMessage.php(299): Swift_Mime_SimpleMessage->setTo(Array)
#7 C:\\web\\Pizza_Builder_FinalProject_v3\\Pizza_Builder_Development\\vendor\\laravel\\framework\\src\\Illuminate\\Mail\\Message.php(164): Swift_Mime_SimpleMessage->addTo('asdf@gmail. om', NULL)
#8 C:\\web\\Pizza_Builder_FinalProject_v3\\Pizza_Builder_Development\\vendor\\laravel\\framework\\src\\Illuminate\\Mail\\Message.php(98): Illuminate\\Mail\\Message->addAddresses('asdf@gmail. om', NULL, 'To')
#9 C:\\web\\Pizza_Builder_FinalProject_v3\\Pizza_Builder_Development\\vendor\\laravel\\framework\\src\\Illuminate\\Mail\\Mailable.php(334): Illuminate\\Mail\\Message->to('asdf@gmail. om', NULL)
#10 C:\\web\\Pizza_Builder_FinalProject_v3\\Pizza_Builder_Development\\vendor\\laravel\\framework\\src\\Illuminate\\Mail\\Mailable.php(155): Illuminate\\Mail\\Mailable->buildRecipients(Object(Illuminate\\Mail\\Message))
#11 C:\\web\\Pizza_Builder_FinalProject_v3\\Pizza_Builder_Development\\vendor\\laravel\\framework\\src\\Illuminate\\Mail\\Mailer.php(242): Illuminate\\Mail\\Mailable->Illuminate\\Mail\\{closure}(Object(Illuminate\\Mail\\Message))
#12 C:\\web\\Pizza_Builder_FinalProject_v3\\Pizza_Builder_Development\\vendor\\laravel\\framework\\src\\Illuminate\\Mail\\Mailable.php(159): Illuminate\\Mail\\Mailer->send('emails.order_co...', Array, Object(Closure))
#13 C:\\web\\Pizza_Builder_FinalProject_v3\\Pizza_Builder_Development\\vendor\\laravel\\framework\\src\\Illuminate\\Support\\Traits\\Localizable.php(19): Illuminate\\Mail\\Mailable->Illuminate\\Mail\\{closure}()
#14 C:\\web\\Pizza_Builder_FinalProject_v3\\Pizza_Builder_Development\\vendor\\laravel\\framework\\src\\Illuminate\\Mail\\Mailable.php(160): Illuminate\\Mail\\Mailable->withLocale(NULL, Object(Closure))
#15 C:\\web\\Pizza_Builder_FinalProject_v3\\Pizza_Builder_Development\\vendor\\laravel\\framework\\src\\Illuminate\\Mail\\Mailer.php(275): Illuminate\\Mail\\Mailable->send(Object(Illuminate\\Mail\\Mailer))
#16 C:\\web\\Pizza_Builder_FinalProject_v3\\Pizza_Builder_Development\\vendor\\laravel\\framework\\src\\Illuminate\\Mail\\Mailer.php(229): Illuminate\\Mail\\Mailer->sendMailable(Object(App\\Mail\\OrderConfirmedEmail))
#17 C:\\web\\Pizza_Builder_FinalProject_v3\\Pizza_Builder_Development\\vendor\\laravel\\framework\\src\\Illuminate\\Mail\\PendingMail.php(127): Illuminate\\Mail\\Mailer->send(Object(App\\Mail\\OrderConfirmedEmail))
#18 C:\\web\\Pizza_Builder_FinalProject_v3\\Pizza_Builder_Development\\app\\Http\\Controllers\\EmailController.php(25): Illuminate\\Mail\\PendingMail->send(Object(App\\Mail\\OrderConfirmedEmail))
#19 [internal function]: App\\Http\\Controllers\\EmailController->index('43')
#20 C:\\web\\Pizza_Builder_FinalProject_v3\\Pizza_Builder_Development\\vendor\\laravel\\framework\\src\\Illuminate\\Routing\\Controller.php(54): call_user_func_array(Array, Array)
#21 C:\\web\\Pizza_Builder_FinalProject_v3\\Pizza_Builder_Development\\vendor\\laravel\\framework\\src\\Illuminate\\Routing\\ControllerDispatcher.php(45): Illuminate\\Routing\\Controller->callAction('index', Array)
#22 C:\\web\\Pizza_Builder_FinalProject_v3\\Pizza_Builder_Development\\vendor\\laravel\\framework\\src\\Illuminate\\Routing\\Route.php(219): Illuminate\\Routing\\ControllerDispatcher->dispatch(Object(Illuminate\\Routing\\Route), Object(App\\Http\\Controllers\\EmailController), 'index')
#23 C:\\web\\Pizza_Builder_FinalProject_v3\\Pizza_Builder_Development\\vendor\\laravel\\framework\\src\\Illuminate\\Routing\\Route.php(176): Illuminate\\Routing\\Route->runController()
#24 C:\\web\\Pizza_Builder_FinalProject_v3\\Pizza_Builder_Development\\vendor\\laravel\\framework\\src\\Illuminate\\Routing\\Router.php(680): Illuminate\\Routing\\Route->run()
#25 C:\\web\\Pizza_Builder_FinalProject_v3\\Pizza_Builder_Development\\vendor\\laravel\\framework\\src\\Illuminate\\Pipeline\\Pipeline.php(130): Illuminate\\Routing\\Router->Illuminate\\Routing\\{closure}(Object(Illuminate\\Http\\Request))
#26 C:\\web\\Pizza_Builder_FinalProject_v3\\Pizza_Builder_Development\\vendor\\laravel\\framework\\src\\Illuminate\\Routing\\Middleware\\SubstituteBindings.php(41): Illuminate\\Pipeline\\Pipeline->Illuminate\\Pipeline\\{closure}(Object(Illuminate\\Http\\Request))
#27 C:\\web\\Pizza_Builder_FinalProject_v3\\Pizza_Builder_Development\\vendor\\laravel\\framework\\src\\Illuminate\\Pipeline\\Pipeline.php(171): Illuminate\\Routing\\Middleware\\SubstituteBindings->handle(Object(Illuminate\\Http\\Request), Object(Closure))
#28 C:\\web\\Pizza_Builder_FinalProject_v3\\Pizza_Builder_Development\\vendor\\laravel\\framework\\src\\Illuminate\\Foundation\\Http\\Middleware\\VerifyCsrfToken.php(76): Illuminate\\Pipeline\\Pipeline->Illuminate\\Pipeline\\{closure}(Object(Illuminate\\Http\\Request))
#29 C:\\web\\Pizza_Builder_FinalProject_v3\\Pizza_Builder_Development\\vendor\\laravel\\framework\\src\\Illuminate\\Pipeline\\Pipeline.php(171): Illuminate\\Foundation\\Http\\Middleware\\VerifyCsrfToken->handle(Object(Illuminate\\Http\\Request), Object(Closure))
#30 C:\\web\\Pizza_Builder_FinalProject_v3\\Pizza_Builder_Development\\vendor\\laravel\\framework\\src\\Illuminate\\View\\Middleware\\ShareErrorsFromSession.php(49): Illuminate\\Pipeline\\Pipeline->Illuminate\\Pipeline\\{closure}(Object(Illuminate\\Http\\Request))
#31 C:\\web\\Pizza_Builder_FinalProject_v3\\Pizza_Builder_Development\\vendor\\laravel\\framework\\src\\Illuminate\\Pipeline\\Pipeline.php(171): Illuminate\\View\\Middleware\\ShareErrorsFromSession->handle(Object(Illuminate\\Http\\Request), Object(Closure))
#32 C:\\web\\Pizza_Builder_FinalProject_v3\\Pizza_Builder_Development\\vendor\\laravel\\framework\\src\\Illuminate\\Session\\Middleware\\StartSession.php(56): Illuminate\\Pipeline\\Pipeline->Illuminate\\Pipeline\\{closure}(Object(Illuminate\\Http\\Request))
#33 C:\\web\\Pizza_Builder_FinalProject_v3\\Pizza_Builder_Development\\vendor\\laravel\\framework\\src\\Illuminate\\Pipeline\\Pipeline.php(171): Illuminate\\Session\\Middleware\\StartSession->handle(Object(Illuminate\\Http\\Request), Object(Closure))
#34 C:\\web\\Pizza_Builder_FinalProject_v3\\Pizza_Builder_Development\\vendor\\laravel\\framework\\src\\Illuminate\\Cookie\\Middleware\\AddQueuedCookiesToResponse.php(37): Illuminate\\Pipeline\\Pipeline->Illuminate\\Pipeline\\{closure}(Object(Illuminate\\Http\\Request))
#35 C:\\web\\Pizza_Builder_FinalProject_v3\\Pizza_Builder_Development\\vendor\\laravel\\framework\\src\\Illuminate\\Pipeline\\Pipeline.php(171): Illuminate\\Cookie\\Middleware\\AddQueuedCookiesToResponse->handle(Object(Illuminate\\Http\\Request), Object(Closure))
#36 C:\\web\\Pizza_Builder_FinalProject_v3\\Pizza_Builder_Development\\vendor\\laravel\\framework\\src\\Illuminate\\Cookie\\Middleware\\EncryptCookies.php(66): Illuminate\\Pipeline\\Pipeline->Illuminate\\Pipeline\\{closure}(Object(Illuminate\\Http\\Request))
#37 C:\\web\\Pizza_Builder_FinalProject_v3\\Pizza_Builder_Development\\vendor\\laravel\\framework\\src\\Illuminate\\Pipeline\\Pipeline.php(171): Illuminate\\Cookie\\Middleware\\EncryptCookies->handle(Object(Illuminate\\Http\\Request), Object(Closure))
#38 C:\\web\\Pizza_Builder_FinalProject_v3\\Pizza_Builder_Development\\vendor\\laravel\\framework\\src\\Illuminate\\Pipeline\\Pipeline.php(105): Illuminate\\Pipeline\\Pipeline->Illuminate\\Pipeline\\{closure}(Object(Illuminate\\Http\\Request))
#39 C:\\web\\Pizza_Builder_FinalProject_v3\\Pizza_Builder_Development\\vendor\\laravel\\framework\\src\\Illuminate\\Routing\\Router.php(682): Illuminate\\Pipeline\\Pipeline->then(Object(Closure))
#40 C:\\web\\Pizza_Builder_FinalProject_v3\\Pizza_Builder_Development\\vendor\\laravel\\framework\\src\\Illuminate\\Routing\\Router.php(657): Illuminate\\Routing\\Router->runRouteWithinStack(Object(Illuminate\\Routing\\Route), Object(Illuminate\\Http\\Request))
#41 C:\\web\\Pizza_Builder_FinalProject_v3\\Pizza_Builder_Development\\vendor\\laravel\\framework\\src\\Illuminate\\Routing\\Router.php(623): Illuminate\\Routing\\Router->runRoute(Object(Illuminate\\Http\\Request), Object(Illuminate\\Routing\\Route))
#42 C:\\web\\Pizza_Builder_FinalProject_v3\\Pizza_Builder_Development\\vendor\\laravel\\framework\\src\\Illuminate\\Routing\\Router.php(612): Illuminate\\Routing\\Router->dispatchToRoute(Object(Illuminate\\Http\\Request))
#43 C:\\web\\Pizza_Builder_FinalProject_v3\\Pizza_Builder_Development\\vendor\\laravel\\framework\\src\\Illuminate\\Foundation\\Http\\Kernel.php(176): Illuminate\\Routing\\Router->dispatch(Object(Illuminate\\Http\\Request))
#44 C:\\web\\Pizza_Builder_FinalProject_v3\\Pizza_Builder_Development\\vendor\\laravel\\framework\\src\\Illuminate\\Pipeline\\Pipeline.php(130): Illuminate\\Foundation\\Http\\Kernel->Illuminate\\Foundation\\Http\\{closure}(Object(Illuminate\\Http\\Request))
#45 C:\\web\\Pizza_Builder_FinalProject_v3\\Pizza_Builder_Development\\vendor\\laravel\\framework\\src\\Illuminate\\Foundation\\Http\\Middleware\\TransformsRequest.php(21): Illuminate\\Pipeline\\Pipeline->Illuminate\\Pipeline\\{closure}(Object(Illuminate\\Http\\Request))
#46 C:\\web\\Pizza_Builder_FinalProject_v3\\Pizza_Builder_Development\\vendor\\laravel\\framework\\src\\Illuminate\\Pipeline\\Pipeline.php(171): Illuminate\\Foundation\\Http\\Middleware\\TransformsRequest->handle(Object(Illuminate\\Http\\Request), Object(Closure))
#47 C:\\web\\Pizza_Builder_FinalProject_v3\\Pizza_Builder_Development\\vendor\\laravel\\framework\\src\\Illuminate\\Foundation\\Http\\Middleware\\TransformsRequest.php(21): Illuminate\\Pipeline\\Pipeline->Illuminate\\Pipeline\\{closure}(Object(Illuminate\\Http\\Request))
#48 C:\\web\\Pizza_Builder_FinalProject_v3\\Pizza_Builder_Development\\vendor\\laravel\\framework\\src\\Illuminate\\Pipeline\\Pipeline.php(171): Illuminate\\Foundation\\Http\\Middleware\\TransformsRequest->handle(Object(Illuminate\\Http\\Request), Object(Closure))
#49 C:\\web\\Pizza_Builder_FinalProject_v3\\Pizza_Builder_Development\\vendor\\laravel\\framework\\src\\Illuminate\\Foundation\\Http\\Middleware\\ValidatePostSize.php(27): Illuminate\\Pipeline\\Pipeline->Illuminate\\Pipeline\\{closure}(Object(Illuminate\\Http\\Request))
#50 C:\\web\\Pizza_Builder_FinalProject_v3\\Pizza_Builder_Development\\vendor\\laravel\\framework\\src\\Illuminate\\Pipeline\\Pipeline.php(171): Illuminate\\Foundation\\Http\\Middleware\\ValidatePostSize->handle(Object(Illuminate\\Http\\Request), Object(Closure))
#51 C:\\web\\Pizza_Builder_FinalProject_v3\\Pizza_Builder_Development\\vendor\\laravel\\framework\\src\\Illuminate\\Foundation\\Http\\Middleware\\CheckForMaintenanceMode.php(62): Illuminate\\Pipeline\\Pipeline->Illuminate\\Pipeline\\{closure}(Object(Illuminate\\Http\\Request))
#52 C:\\web\\Pizza_Builder_FinalProject_v3\\Pizza_Builder_Development\\vendor\\laravel\\framework\\src\\Illuminate\\Pipeline\\Pipeline.php(171): Illuminate\\Foundation\\Http\\Middleware\\CheckForMaintenanceMode->handle(Object(Illuminate\\Http\\Request), Object(Closure))
#53 C:\\web\\Pizza_Builder_FinalProject_v3\\Pizza_Builder_Development\\vendor\\fideloper\\proxy\\src\\TrustProxies.php(57): Illuminate\\Pipeline\\Pipeline->Illuminate\\Pipeline\\{closure}(Object(Illuminate\\Http\\Request))
#54 C:\\web\\Pizza_Builder_FinalProject_v3\\Pizza_Builder_Development\\vendor\\laravel\\framework\\src\\Illuminate\\Pipeline\\Pipeline.php(171): Fideloper\\Proxy\\TrustProxies->handle(Object(Illuminate\\Http\\Request), Object(Closure))
#55 C:\\web\\Pizza_Builder_FinalProject_v3\\Pizza_Builder_Development\\vendor\\laravel\\framework\\src\\Illuminate\\Pipeline\\Pipeline.php(105): Illuminate\\Pipeline\\Pipeline->Illuminate\\Pipeline\\{closure}(Object(Illuminate\\Http\\Request))
#56 C:\\web\\Pizza_Builder_FinalProject_v3\\Pizza_Builder_Development\\vendor\\laravel\\framework\\src\\Illuminate\\Foundation\\Http\\Kernel.php(151): Illuminate\\Pipeline\\Pipeline->then(Object(Closure))
#57 C:\\web\\Pizza_Builder_FinalProject_v3\\Pizza_Builder_Development\\vendor\\laravel\\framework\\src\\Illuminate\\Foundation\\Http\\Kernel.php(116): Illuminate\\Foundation\\Http\\Kernel->sendRequestThroughRouter(Object(Illuminate\\Http\\Request))
#58 C:\\web\\Pizza_Builder_FinalProject_v3\\Pizza_Builder_Development\\public\\index.php(55): Illuminate\\Foundation\\Http\\Kernel->handle(Object(Illuminate\\Http\\Request))
#59 C:\\web\\Pizza_Builder_FinalProject_v3\\Pizza_Builder_Development\\server.php(21): require_once('C:\\\\web\\\\Pizza_Bu...')
#60 {main}
"} 
[2019-11-25 13:41:23] local.ERROR: Address in mailbox given [asdf@gmail. om] does not comply with RFC 2822, 3.6.2. {"exception":"[object] (Swift_RfcComplianceException(code: 0): Address in mailbox given [asdf@gmail. om] does not comply with RFC 2822, 3.6.2. at C:\\web\\Pizza_Builder_FinalProject_v3\\Pizza_Builder_Development\\vendor\\swiftmailer\\swiftmailer\\lib\\classes\\Swift\\Mime\\Headers\\MailboxHeader.php:355)
[stacktrace]
#0 C:\\web\\Pizza_Builder_FinalProject_v3\\Pizza_Builder_Development\\vendor\\swiftmailer\\swiftmailer\\lib\\classes\\Swift\\Mime\\Headers\\MailboxHeader.php(272): Swift_Mime_Headers_MailboxHeader->assertValidAddress('asdf@gmail. om')
#1 C:\\web\\Pizza_Builder_FinalProject_v3\\Pizza_Builder_Development\\vendor\\swiftmailer\\swiftmailer\\lib\\classes\\Swift\\Mime\\Headers\\MailboxHeader.php(117): Swift_Mime_Headers_MailboxHeader->normalizeMailboxes(Array)
#2 C:\\web\\Pizza_Builder_FinalProject_v3\\Pizza_Builder_Development\\vendor\\swiftmailer\\swiftmailer\\lib\\classes\\Swift\\Mime\\Headers\\MailboxHeader.php(74): Swift_Mime_Headers_MailboxHeader->setNameAddresses(Array)
#3 C:\\web\\Pizza_Builder_FinalProject_v3\\Pizza_Builder_Development\\vendor\\swiftmailer\\swiftmailer\\lib\\classes\\Swift\\Mime\\SimpleHeaderFactory.php(61): Swift_Mime_Headers_MailboxHeader->setFieldBodyModel(Array)
#4 C:\\web\\Pizza_Builder_FinalProject_v3\\Pizza_Builder_Development\\vendor\\swiftmailer\\swiftmailer\\lib\\classes\\Swift\\Mime\\SimpleHeaderSet.php(71): Swift_Mime_SimpleHeaderFactory->createMailboxHeader('To', Array)
#5 C:\\web\\Pizza_Builder_FinalProject_v3\\Pizza_Builder_Development\\vendor\\swiftmailer\\swiftmailer\\lib\\classes\\Swift\\Mime\\SimpleMessage.php(323): Swift_Mime_SimpleHeaderSet->addMailboxHeader('To', Array)
#6 C:\\web\\Pizza_Builder_FinalProject_v3\\Pizza_Builder_Development\\vendor\\swiftmailer\\swiftmailer\\lib\\classes\\Swift\\Mime\\SimpleMessage.php(299): Swift_Mime_SimpleMessage->setTo(Array)
#7 C:\\web\\Pizza_Builder_FinalProject_v3\\Pizza_Builder_Development\\vendor\\laravel\\framework\\src\\Illuminate\\Mail\\Message.php(164): Swift_Mime_SimpleMessage->addTo('asdf@gmail. om', NULL)
#8 C:\\web\\Pizza_Builder_FinalProject_v3\\Pizza_Builder_Development\\vendor\\laravel\\framework\\src\\Illuminate\\Mail\\Message.php(98): Illuminate\\Mail\\Message->addAddresses('asdf@gmail. om', NULL, 'To')
#9 C:\\web\\Pizza_Builder_FinalProject_v3\\Pizza_Builder_Development\\vendor\\laravel\\framework\\src\\Illuminate\\Mail\\Mailable.php(334): Illuminate\\Mail\\Message->to('asdf@gmail. om', NULL)
#10 C:\\web\\Pizza_Builder_FinalProject_v3\\Pizza_Builder_Development\\vendor\\laravel\\framework\\src\\Illuminate\\Mail\\Mailable.php(155): Illuminate\\Mail\\Mailable->buildRecipients(Object(Illuminate\\Mail\\Message))
#11 C:\\web\\Pizza_Builder_FinalProject_v3\\Pizza_Builder_Development\\vendor\\laravel\\framework\\src\\Illuminate\\Mail\\Mailer.php(242): Illuminate\\Mail\\Mailable->Illuminate\\Mail\\{closure}(Object(Illuminate\\Mail\\Message))
#12 C:\\web\\Pizza_Builder_FinalProject_v3\\Pizza_Builder_Development\\vendor\\laravel\\framework\\src\\Illuminate\\Mail\\Mailable.php(159): Illuminate\\Mail\\Mailer->send('emails.order_co...', Array, Object(Closure))
#13 C:\\web\\Pizza_Builder_FinalProject_v3\\Pizza_Builder_Development\\vendor\\laravel\\framework\\src\\Illuminate\\Support\\Traits\\Localizable.php(19): Illuminate\\Mail\\Mailable->Illuminate\\Mail\\{closure}()
#14 C:\\web\\Pizza_Builder_FinalProject_v3\\Pizza_Builder_Development\\vendor\\laravel\\framework\\src\\Illuminate\\Mail\\Mailable.php(160): Illuminate\\Mail\\Mailable->withLocale(NULL, Object(Closure))
#15 C:\\web\\Pizza_Builder_FinalProject_v3\\Pizza_Builder_Development\\vendor\\laravel\\framework\\src\\Illuminate\\Mail\\Mailer.php(275): Illuminate\\Mail\\Mailable->send(Object(Illuminate\\Mail\\Mailer))
#16 C:\\web\\Pizza_Builder_FinalProject_v3\\Pizza_Builder_Development\\vendor\\laravel\\framework\\src\\Illuminate\\Mail\\Mailer.php(229): Illuminate\\Mail\\Mailer->sendMailable(Object(App\\Mail\\OrderConfirmedEmail))
#17 C:\\web\\Pizza_Builder_FinalProject_v3\\Pizza_Builder_Development\\vendor\\laravel\\framework\\src\\Illuminate\\Mail\\PendingMail.php(127): Illuminate\\Mail\\Mailer->send(Object(App\\Mail\\OrderConfirmedEmail))
#18 C:\\web\\Pizza_Builder_FinalProject_v3\\Pizza_Builder_Development\\app\\Http\\Controllers\\EmailController.php(25): Illuminate\\Mail\\PendingMail->send(Object(App\\Mail\\OrderConfirmedEmail))
#19 [internal function]: App\\Http\\Controllers\\EmailController->index('44')
#20 C:\\web\\Pizza_Builder_FinalProject_v3\\Pizza_Builder_Development\\vendor\\laravel\\framework\\src\\Illuminate\\Routing\\Controller.php(54): call_user_func_array(Array, Array)
#21 C:\\web\\Pizza_Builder_FinalProject_v3\\Pizza_Builder_Development\\vendor\\laravel\\framework\\src\\Illuminate\\Routing\\ControllerDispatcher.php(45): Illuminate\\Routing\\Controller->callAction('index', Array)
#22 C:\\web\\Pizza_Builder_FinalProject_v3\\Pizza_Builder_Development\\vendor\\laravel\\framework\\src\\Illuminate\\Routing\\Route.php(219): Illuminate\\Routing\\ControllerDispatcher->dispatch(Object(Illuminate\\Routing\\Route), Object(App\\Http\\Controllers\\EmailController), 'index')
#23 C:\\web\\Pizza_Builder_FinalProject_v3\\Pizza_Builder_Development\\vendor\\laravel\\framework\\src\\Illuminate\\Routing\\Route.php(176): Illuminate\\Routing\\Route->runController()
#24 C:\\web\\Pizza_Builder_FinalProject_v3\\Pizza_Builder_Development\\vendor\\laravel\\framework\\src\\Illuminate\\Routing\\Router.php(680): Illuminate\\Routing\\Route->run()
#25 C:\\web\\Pizza_Builder_FinalProject_v3\\Pizza_Builder_Development\\vendor\\laravel\\framework\\src\\Illuminate\\Pipeline\\Pipeline.php(130): Illuminate\\Routing\\Router->Illuminate\\Routing\\{closure}(Object(Illuminate\\Http\\Request))
#26 C:\\web\\Pizza_Builder_FinalProject_v3\\Pizza_Builder_Development\\vendor\\laravel\\framework\\src\\Illuminate\\Routing\\Middleware\\SubstituteBindings.php(41): Illuminate\\Pipeline\\Pipeline->Illuminate\\Pipeline\\{closure}(Object(Illuminate\\Http\\Request))
#27 C:\\web\\Pizza_Builder_FinalProject_v3\\Pizza_Builder_Development\\vendor\\laravel\\framework\\src\\Illuminate\\Pipeline\\Pipeline.php(171): Illuminate\\Routing\\Middleware\\SubstituteBindings->handle(Object(Illuminate\\Http\\Request), Object(Closure))
#28 C:\\web\\Pizza_Builder_FinalProject_v3\\Pizza_Builder_Development\\vendor\\laravel\\framework\\src\\Illuminate\\Foundation\\Http\\Middleware\\VerifyCsrfToken.php(76): Illuminate\\Pipeline\\Pipeline->Illuminate\\Pipeline\\{closure}(Object(Illuminate\\Http\\Request))
#29 C:\\web\\Pizza_Builder_FinalProject_v3\\Pizza_Builder_Development\\vendor\\laravel\\framework\\src\\Illuminate\\Pipeline\\Pipeline.php(171): Illuminate\\Foundation\\Http\\Middleware\\VerifyCsrfToken->handle(Object(Illuminate\\Http\\Request), Object(Closure))
#30 C:\\web\\Pizza_Builder_FinalProject_v3\\Pizza_Builder_Development\\vendor\\laravel\\framework\\src\\Illuminate\\View\\Middleware\\ShareErrorsFromSession.php(49): Illuminate\\Pipeline\\Pipeline->Illuminate\\Pipeline\\{closure}(Object(Illuminate\\Http\\Request))
#31 C:\\web\\Pizza_Builder_FinalProject_v3\\Pizza_Builder_Development\\vendor\\laravel\\framework\\src\\Illuminate\\Pipeline\\Pipeline.php(171): Illuminate\\View\\Middleware\\ShareErrorsFromSession->handle(Object(Illuminate\\Http\\Request), Object(Closure))
#32 C:\\web\\Pizza_Builder_FinalProject_v3\\Pizza_Builder_Development\\vendor\\laravel\\framework\\src\\Illuminate\\Session\\Middleware\\StartSession.php(56): Illuminate\\Pipeline\\Pipeline->Illuminate\\Pipeline\\{closure}(Object(Illuminate\\Http\\Request))
#33 C:\\web\\Pizza_Builder_FinalProject_v3\\Pizza_Builder_Development\\vendor\\laravel\\framework\\src\\Illuminate\\Pipeline\\Pipeline.php(171): Illuminate\\Session\\Middleware\\StartSession->handle(Object(Illuminate\\Http\\Request), Object(Closure))
#34 C:\\web\\Pizza_Builder_FinalProject_v3\\Pizza_Builder_Development\\vendor\\laravel\\framework\\src\\Illuminate\\Cookie\\Middleware\\AddQueuedCookiesToResponse.php(37): Illuminate\\Pipeline\\Pipeline->Illuminate\\Pipeline\\{closure}(Object(Illuminate\\Http\\Request))
#35 C:\\web\\Pizza_Builder_FinalProject_v3\\Pizza_Builder_Development\\vendor\\laravel\\framework\\src\\Illuminate\\Pipeline\\Pipeline.php(171): Illuminate\\Cookie\\Middleware\\AddQueuedCookiesToResponse->handle(Object(Illuminate\\Http\\Request), Object(Closure))
#36 C:\\web\\Pizza_Builder_FinalProject_v3\\Pizza_Builder_Development\\vendor\\laravel\\framework\\src\\Illuminate\\Cookie\\Middleware\\EncryptCookies.php(66): Illuminate\\Pipeline\\Pipeline->Illuminate\\Pipeline\\{closure}(Object(Illuminate\\Http\\Request))
#37 C:\\web\\Pizza_Builder_FinalProject_v3\\Pizza_Builder_Development\\vendor\\laravel\\framework\\src\\Illuminate\\Pipeline\\Pipeline.php(171): Illuminate\\Cookie\\Middleware\\EncryptCookies->handle(Object(Illuminate\\Http\\Request), Object(Closure))
#38 C:\\web\\Pizza_Builder_FinalProject_v3\\Pizza_Builder_Development\\vendor\\laravel\\framework\\src\\Illuminate\\Pipeline\\Pipeline.php(105): Illuminate\\Pipeline\\Pipeline->Illuminate\\Pipeline\\{closure}(Object(Illuminate\\Http\\Request))
#39 C:\\web\\Pizza_Builder_FinalProject_v3\\Pizza_Builder_Development\\vendor\\laravel\\framework\\src\\Illuminate\\Routing\\Router.php(682): Illuminate\\Pipeline\\Pipeline->then(Object(Closure))
#40 C:\\web\\Pizza_Builder_FinalProject_v3\\Pizza_Builder_Development\\vendor\\laravel\\framework\\src\\Illuminate\\Routing\\Router.php(657): Illuminate\\Routing\\Router->runRouteWithinStack(Object(Illuminate\\Routing\\Route), Object(Illuminate\\Http\\Request))
#41 C:\\web\\Pizza_Builder_FinalProject_v3\\Pizza_Builder_Development\\vendor\\laravel\\framework\\src\\Illuminate\\Routing\\Router.php(623): Illuminate\\Routing\\Router->runRoute(Object(Illuminate\\Http\\Request), Object(Illuminate\\Routing\\Route))
#42 C:\\web\\Pizza_Builder_FinalProject_v3\\Pizza_Builder_Development\\vendor\\laravel\\framework\\src\\Illuminate\\Routing\\Router.php(612): Illuminate\\Routing\\Router->dispatchToRoute(Object(Illuminate\\Http\\Request))
#43 C:\\web\\Pizza_Builder_FinalProject_v3\\Pizza_Builder_Development\\vendor\\laravel\\framework\\src\\Illuminate\\Foundation\\Http\\Kernel.php(176): Illuminate\\Routing\\Router->dispatch(Object(Illuminate\\Http\\Request))
#44 C:\\web\\Pizza_Builder_FinalProject_v3\\Pizza_Builder_Development\\vendor\\laravel\\framework\\src\\Illuminate\\Pipeline\\Pipeline.php(130): Illuminate\\Foundation\\Http\\Kernel->Illuminate\\Foundation\\Http\\{closure}(Object(Illuminate\\Http\\Request))
#45 C:\\web\\Pizza_Builder_FinalProject_v3\\Pizza_Builder_Development\\vendor\\laravel\\framework\\src\\Illuminate\\Foundation\\Http\\Middleware\\TransformsRequest.php(21): Illuminate\\Pipeline\\Pipeline->Illuminate\\Pipeline\\{closure}(Object(Illuminate\\Http\\Request))
#46 C:\\web\\Pizza_Builder_FinalProject_v3\\Pizza_Builder_Development\\vendor\\laravel\\framework\\src\\Illuminate\\Pipeline\\Pipeline.php(171): Illuminate\\Foundation\\Http\\Middleware\\TransformsRequest->handle(Object(Illuminate\\Http\\Request), Object(Closure))
#47 C:\\web\\Pizza_Builder_FinalProject_v3\\Pizza_Builder_Development\\vendor\\laravel\\framework\\src\\Illuminate\\Foundation\\Http\\Middleware\\TransformsRequest.php(21): Illuminate\\Pipeline\\Pipeline->Illuminate\\Pipeline\\{closure}(Object(Illuminate\\Http\\Request))
#48 C:\\web\\Pizza_Builder_FinalProject_v3\\Pizza_Builder_Development\\vendor\\laravel\\framework\\src\\Illuminate\\Pipeline\\Pipeline.php(171): Illuminate\\Foundation\\Http\\Middleware\\TransformsRequest->handle(Object(Illuminate\\Http\\Request), Object(Closure))
#49 C:\\web\\Pizza_Builder_FinalProject_v3\\Pizza_Builder_Development\\vendor\\laravel\\framework\\src\\Illuminate\\Foundation\\Http\\Middleware\\ValidatePostSize.php(27): Illuminate\\Pipeline\\Pipeline->Illuminate\\Pipeline\\{closure}(Object(Illuminate\\Http\\Request))
#50 C:\\web\\Pizza_Builder_FinalProject_v3\\Pizza_Builder_Development\\vendor\\laravel\\framework\\src\\Illuminate\\Pipeline\\Pipeline.php(171): Illuminate\\Foundation\\Http\\Middleware\\ValidatePostSize->handle(Object(Illuminate\\Http\\Request), Object(Closure))
#51 C:\\web\\Pizza_Builder_FinalProject_v3\\Pizza_Builder_Development\\vendor\\laravel\\framework\\src\\Illuminate\\Foundation\\Http\\Middleware\\CheckForMaintenanceMode.php(62): Illuminate\\Pipeline\\Pipeline->Illuminate\\Pipeline\\{closure}(Object(Illuminate\\Http\\Request))
#52 C:\\web\\Pizza_Builder_FinalProject_v3\\Pizza_Builder_Development\\vendor\\laravel\\framework\\src\\Illuminate\\Pipeline\\Pipeline.php(171): Illuminate\\Foundation\\Http\\Middleware\\CheckForMaintenanceMode->handle(Object(Illuminate\\Http\\Request), Object(Closure))
#53 C:\\web\\Pizza_Builder_FinalProject_v3\\Pizza_Builder_Development\\vendor\\fideloper\\proxy\\src\\TrustProxies.php(57): Illuminate\\Pipeline\\Pipeline->Illuminate\\Pipeline\\{closure}(Object(Illuminate\\Http\\Request))
#54 C:\\web\\Pizza_Builder_FinalProject_v3\\Pizza_Builder_Development\\vendor\\laravel\\framework\\src\\Illuminate\\Pipeline\\Pipeline.php(171): Fideloper\\Proxy\\TrustProxies->handle(Object(Illuminate\\Http\\Request), Object(Closure))
#55 C:\\web\\Pizza_Builder_FinalProject_v3\\Pizza_Builder_Development\\vendor\\laravel\\framework\\src\\Illuminate\\Pipeline\\Pipeline.php(105): Illuminate\\Pipeline\\Pipeline->Illuminate\\Pipeline\\{closure}(Object(Illuminate\\Http\\Request))
#56 C:\\web\\Pizza_Builder_FinalProject_v3\\Pizza_Builder_Development\\vendor\\laravel\\framework\\src\\Illuminate\\Foundation\\Http\\Kernel.php(151): Illuminate\\Pipeline\\Pipeline->then(Object(Closure))
#57 C:\\web\\Pizza_Builder_FinalProject_v3\\Pizza_Builder_Development\\vendor\\laravel\\framework\\src\\Illuminate\\Foundation\\Http\\Kernel.php(116): Illuminate\\Foundation\\Http\\Kernel->sendRequestThroughRouter(Object(Illuminate\\Http\\Request))
#58 C:\\web\\Pizza_Builder_FinalProject_v3\\Pizza_Builder_Development\\public\\index.php(55): Illuminate\\Foundation\\Http\\Kernel->handle(Object(Illuminate\\Http\\Request))
#59 C:\\web\\Pizza_Builder_FinalProject_v3\\Pizza_Builder_Development\\server.php(21): require_once('C:\\\\web\\\\Pizza_Bu...')
#60 {main}
"} 
[2019-11-25 13:50:45] local.ERROR: Address in mailbox given [asdf@gmail. om] does not comply with RFC 2822, 3.6.2. {"exception":"[object] (Swift_RfcComplianceException(code: 0): Address in mailbox given [asdf@gmail. om] does not comply with RFC 2822, 3.6.2. at C:\\web\\Pizza_Builder_FinalProject_v3\\Pizza_Builder_Development\\vendor\\swiftmailer\\swiftmailer\\lib\\classes\\Swift\\Mime\\Headers\\MailboxHeader.php:355)
[stacktrace]
#0 C:\\web\\Pizza_Builder_FinalProject_v3\\Pizza_Builder_Development\\vendor\\swiftmailer\\swiftmailer\\lib\\classes\\Swift\\Mime\\Headers\\MailboxHeader.php(272): Swift_Mime_Headers_MailboxHeader->assertValidAddress('asdf@gmail. om')
#1 C:\\web\\Pizza_Builder_FinalProject_v3\\Pizza_Builder_Development\\vendor\\swiftmailer\\swiftmailer\\lib\\classes\\Swift\\Mime\\Headers\\MailboxHeader.php(117): Swift_Mime_Headers_MailboxHeader->normalizeMailboxes(Array)
#2 C:\\web\\Pizza_Builder_FinalProject_v3\\Pizza_Builder_Development\\vendor\\swiftmailer\\swiftmailer\\lib\\classes\\Swift\\Mime\\Headers\\MailboxHeader.php(74): Swift_Mime_Headers_MailboxHeader->setNameAddresses(Array)
#3 C:\\web\\Pizza_Builder_FinalProject_v3\\Pizza_Builder_Development\\vendor\\swiftmailer\\swiftmailer\\lib\\classes\\Swift\\Mime\\SimpleHeaderFactory.php(61): Swift_Mime_Headers_MailboxHeader->setFieldBodyModel(Array)
#4 C:\\web\\Pizza_Builder_FinalProject_v3\\Pizza_Builder_Development\\vendor\\swiftmailer\\swiftmailer\\lib\\classes\\Swift\\Mime\\SimpleHeaderSet.php(71): Swift_Mime_SimpleHeaderFactory->createMailboxHeader('To', Array)
#5 C:\\web\\Pizza_Builder_FinalProject_v3\\Pizza_Builder_Development\\vendor\\swiftmailer\\swiftmailer\\lib\\classes\\Swift\\Mime\\SimpleMessage.php(323): Swift_Mime_SimpleHeaderSet->addMailboxHeader('To', Array)
#6 C:\\web\\Pizza_Builder_FinalProject_v3\\Pizza_Builder_Development\\vendor\\swiftmailer\\swiftmailer\\lib\\classes\\Swift\\Mime\\SimpleMessage.php(299): Swift_Mime_SimpleMessage->setTo(Array)
#7 C:\\web\\Pizza_Builder_FinalProject_v3\\Pizza_Builder_Development\\vendor\\laravel\\framework\\src\\Illuminate\\Mail\\Message.php(164): Swift_Mime_SimpleMessage->addTo('asdf@gmail. om', NULL)
#8 C:\\web\\Pizza_Builder_FinalProject_v3\\Pizza_Builder_Development\\vendor\\laravel\\framework\\src\\Illuminate\\Mail\\Message.php(98): Illuminate\\Mail\\Message->addAddresses('asdf@gmail. om', NULL, 'To')
#9 C:\\web\\Pizza_Builder_FinalProject_v3\\Pizza_Builder_Development\\vendor\\laravel\\framework\\src\\Illuminate\\Mail\\Mailable.php(334): Illuminate\\Mail\\Message->to('asdf@gmail. om', NULL)
#10 C:\\web\\Pizza_Builder_FinalProject_v3\\Pizza_Builder_Development\\vendor\\laravel\\framework\\src\\Illuminate\\Mail\\Mailable.php(155): Illuminate\\Mail\\Mailable->buildRecipients(Object(Illuminate\\Mail\\Message))
#11 C:\\web\\Pizza_Builder_FinalProject_v3\\Pizza_Builder_Development\\vendor\\laravel\\framework\\src\\Illuminate\\Mail\\Mailer.php(242): Illuminate\\Mail\\Mailable->Illuminate\\Mail\\{closure}(Object(Illuminate\\Mail\\Message))
#12 C:\\web\\Pizza_Builder_FinalProject_v3\\Pizza_Builder_Development\\vendor\\laravel\\framework\\src\\Illuminate\\Mail\\Mailable.php(159): Illuminate\\Mail\\Mailer->send('emails.order_co...', Array, Object(Closure))
#13 C:\\web\\Pizza_Builder_FinalProject_v3\\Pizza_Builder_Development\\vendor\\laravel\\framework\\src\\Illuminate\\Support\\Traits\\Localizable.php(19): Illuminate\\Mail\\Mailable->Illuminate\\Mail\\{closure}()
#14 C:\\web\\Pizza_Builder_FinalProject_v3\\Pizza_Builder_Development\\vendor\\laravel\\framework\\src\\Illuminate\\Mail\\Mailable.php(160): Illuminate\\Mail\\Mailable->withLocale(NULL, Object(Closure))
#15 C:\\web\\Pizza_Builder_FinalProject_v3\\Pizza_Builder_Development\\vendor\\laravel\\framework\\src\\Illuminate\\Mail\\Mailer.php(275): Illuminate\\Mail\\Mailable->send(Object(Illuminate\\Mail\\Mailer))
#16 C:\\web\\Pizza_Builder_FinalProject_v3\\Pizza_Builder_Development\\vendor\\laravel\\framework\\src\\Illuminate\\Mail\\Mailer.php(229): Illuminate\\Mail\\Mailer->sendMailable(Object(App\\Mail\\OrderConfirmedEmail))
#17 C:\\web\\Pizza_Builder_FinalProject_v3\\Pizza_Builder_Development\\vendor\\laravel\\framework\\src\\Illuminate\\Mail\\PendingMail.php(127): Illuminate\\Mail\\Mailer->send(Object(App\\Mail\\OrderConfirmedEmail))
#18 C:\\web\\Pizza_Builder_FinalProject_v3\\Pizza_Builder_Development\\app\\Http\\Controllers\\EmailController.php(25): Illuminate\\Mail\\PendingMail->send(Object(App\\Mail\\OrderConfirmedEmail))
#19 [internal function]: App\\Http\\Controllers\\EmailController->index('47')
#20 C:\\web\\Pizza_Builder_FinalProject_v3\\Pizza_Builder_Development\\vendor\\laravel\\framework\\src\\Illuminate\\Routing\\Controller.php(54): call_user_func_array(Array, Array)
#21 C:\\web\\Pizza_Builder_FinalProject_v3\\Pizza_Builder_Development\\vendor\\laravel\\framework\\src\\Illuminate\\Routing\\ControllerDispatcher.php(45): Illuminate\\Routing\\Controller->callAction('index', Array)
#22 C:\\web\\Pizza_Builder_FinalProject_v3\\Pizza_Builder_Development\\vendor\\laravel\\framework\\src\\Illuminate\\Routing\\Route.php(219): Illuminate\\Routing\\ControllerDispatcher->dispatch(Object(Illuminate\\Routing\\Route), Object(App\\Http\\Controllers\\EmailController), 'index')
#23 C:\\web\\Pizza_Builder_FinalProject_v3\\Pizza_Builder_Development\\vendor\\laravel\\framework\\src\\Illuminate\\Routing\\Route.php(176): Illuminate\\Routing\\Route->runController()
#24 C:\\web\\Pizza_Builder_FinalProject_v3\\Pizza_Builder_Development\\vendor\\laravel\\framework\\src\\Illuminate\\Routing\\Router.php(680): Illuminate\\Routing\\Route->run()
#25 C:\\web\\Pizza_Builder_FinalProject_v3\\Pizza_Builder_Development\\vendor\\laravel\\framework\\src\\Illuminate\\Pipeline\\Pipeline.php(130): Illuminate\\Routing\\Router->Illuminate\\Routing\\{closure}(Object(Illuminate\\Http\\Request))
#26 C:\\web\\Pizza_Builder_FinalProject_v3\\Pizza_Builder_Development\\vendor\\laravel\\framework\\src\\Illuminate\\Routing\\Middleware\\SubstituteBindings.php(41): Illuminate\\Pipeline\\Pipeline->Illuminate\\Pipeline\\{closure}(Object(Illuminate\\Http\\Request))
#27 C:\\web\\Pizza_Builder_FinalProject_v3\\Pizza_Builder_Development\\vendor\\laravel\\framework\\src\\Illuminate\\Pipeline\\Pipeline.php(171): Illuminate\\Routing\\Middleware\\SubstituteBindings->handle(Object(Illuminate\\Http\\Request), Object(Closure))
#28 C:\\web\\Pizza_Builder_FinalProject_v3\\Pizza_Builder_Development\\vendor\\laravel\\framework\\src\\Illuminate\\Foundation\\Http\\Middleware\\VerifyCsrfToken.php(76): Illuminate\\Pipeline\\Pipeline->Illuminate\\Pipeline\\{closure}(Object(Illuminate\\Http\\Request))
#29 C:\\web\\Pizza_Builder_FinalProject_v3\\Pizza_Builder_Development\\vendor\\laravel\\framework\\src\\Illuminate\\Pipeline\\Pipeline.php(171): Illuminate\\Foundation\\Http\\Middleware\\VerifyCsrfToken->handle(Object(Illuminate\\Http\\Request), Object(Closure))
#30 C:\\web\\Pizza_Builder_FinalProject_v3\\Pizza_Builder_Development\\vendor\\laravel\\framework\\src\\Illuminate\\View\\Middleware\\ShareErrorsFromSession.php(49): Illuminate\\Pipeline\\Pipeline->Illuminate\\Pipeline\\{closure}(Object(Illuminate\\Http\\Request))
#31 C:\\web\\Pizza_Builder_FinalProject_v3\\Pizza_Builder_Development\\vendor\\laravel\\framework\\src\\Illuminate\\Pipeline\\Pipeline.php(171): Illuminate\\View\\Middleware\\ShareErrorsFromSession->handle(Object(Illuminate\\Http\\Request), Object(Closure))
#32 C:\\web\\Pizza_Builder_FinalProject_v3\\Pizza_Builder_Development\\vendor\\laravel\\framework\\src\\Illuminate\\Session\\Middleware\\StartSession.php(56): Illuminate\\Pipeline\\Pipeline->Illuminate\\Pipeline\\{closure}(Object(Illuminate\\Http\\Request))
#33 C:\\web\\Pizza_Builder_FinalProject_v3\\Pizza_Builder_Development\\vendor\\laravel\\framework\\src\\Illuminate\\Pipeline\\Pipeline.php(171): Illuminate\\Session\\Middleware\\StartSession->handle(Object(Illuminate\\Http\\Request), Object(Closure))
#34 C:\\web\\Pizza_Builder_FinalProject_v3\\Pizza_Builder_Development\\vendor\\laravel\\framework\\src\\Illuminate\\Cookie\\Middleware\\AddQueuedCookiesToResponse.php(37): Illuminate\\Pipeline\\Pipeline->Illuminate\\Pipeline\\{closure}(Object(Illuminate\\Http\\Request))
#35 C:\\web\\Pizza_Builder_FinalProject_v3\\Pizza_Builder_Development\\vendor\\laravel\\framework\\src\\Illuminate\\Pipeline\\Pipeline.php(171): Illuminate\\Cookie\\Middleware\\AddQueuedCookiesToResponse->handle(Object(Illuminate\\Http\\Request), Object(Closure))
#36 C:\\web\\Pizza_Builder_FinalProject_v3\\Pizza_Builder_Development\\vendor\\laravel\\framework\\src\\Illuminate\\Cookie\\Middleware\\EncryptCookies.php(66): Illuminate\\Pipeline\\Pipeline->Illuminate\\Pipeline\\{closure}(Object(Illuminate\\Http\\Request))
#37 C:\\web\\Pizza_Builder_FinalProject_v3\\Pizza_Builder_Development\\vendor\\laravel\\framework\\src\\Illuminate\\Pipeline\\Pipeline.php(171): Illuminate\\Cookie\\Middleware\\EncryptCookies->handle(Object(Illuminate\\Http\\Request), Object(Closure))
#38 C:\\web\\Pizza_Builder_FinalProject_v3\\Pizza_Builder_Development\\vendor\\laravel\\framework\\src\\Illuminate\\Pipeline\\Pipeline.php(105): Illuminate\\Pipeline\\Pipeline->Illuminate\\Pipeline\\{closure}(Object(Illuminate\\Http\\Request))
#39 C:\\web\\Pizza_Builder_FinalProject_v3\\Pizza_Builder_Development\\vendor\\laravel\\framework\\src\\Illuminate\\Routing\\Router.php(682): Illuminate\\Pipeline\\Pipeline->then(Object(Closure))
#40 C:\\web\\Pizza_Builder_FinalProject_v3\\Pizza_Builder_Development\\vendor\\laravel\\framework\\src\\Illuminate\\Routing\\Router.php(657): Illuminate\\Routing\\Router->runRouteWithinStack(Object(Illuminate\\Routing\\Route), Object(Illuminate\\Http\\Request))
#41 C:\\web\\Pizza_Builder_FinalProject_v3\\Pizza_Builder_Development\\vendor\\laravel\\framework\\src\\Illuminate\\Routing\\Router.php(623): Illuminate\\Routing\\Router->runRoute(Object(Illuminate\\Http\\Request), Object(Illuminate\\Routing\\Route))
#42 C:\\web\\Pizza_Builder_FinalProject_v3\\Pizza_Builder_Development\\vendor\\laravel\\framework\\src\\Illuminate\\Routing\\Router.php(612): Illuminate\\Routing\\Router->dispatchToRoute(Object(Illuminate\\Http\\Request))
#43 C:\\web\\Pizza_Builder_FinalProject_v3\\Pizza_Builder_Development\\vendor\\laravel\\framework\\src\\Illuminate\\Foundation\\Http\\Kernel.php(176): Illuminate\\Routing\\Router->dispatch(Object(Illuminate\\Http\\Request))
#44 C:\\web\\Pizza_Builder_FinalProject_v3\\Pizza_Builder_Development\\vendor\\laravel\\framework\\src\\Illuminate\\Pipeline\\Pipeline.php(130): Illuminate\\Foundation\\Http\\Kernel->Illuminate\\Foundation\\Http\\{closure}(Object(Illuminate\\Http\\Request))
#45 C:\\web\\Pizza_Builder_FinalProject_v3\\Pizza_Builder_Development\\vendor\\laravel\\framework\\src\\Illuminate\\Foundation\\Http\\Middleware\\TransformsRequest.php(21): Illuminate\\Pipeline\\Pipeline->Illuminate\\Pipeline\\{closure}(Object(Illuminate\\Http\\Request))
#46 C:\\web\\Pizza_Builder_FinalProject_v3\\Pizza_Builder_Development\\vendor\\laravel\\framework\\src\\Illuminate\\Pipeline\\Pipeline.php(171): Illuminate\\Foundation\\Http\\Middleware\\TransformsRequest->handle(Object(Illuminate\\Http\\Request), Object(Closure))
#47 C:\\web\\Pizza_Builder_FinalProject_v3\\Pizza_Builder_Development\\vendor\\laravel\\framework\\src\\Illuminate\\Foundation\\Http\\Middleware\\TransformsRequest.php(21): Illuminate\\Pipeline\\Pipeline->Illuminate\\Pipeline\\{closure}(Object(Illuminate\\Http\\Request))
#48 C:\\web\\Pizza_Builder_FinalProject_v3\\Pizza_Builder_Development\\vendor\\laravel\\framework\\src\\Illuminate\\Pipeline\\Pipeline.php(171): Illuminate\\Foundation\\Http\\Middleware\\TransformsRequest->handle(Object(Illuminate\\Http\\Request), Object(Closure))
#49 C:\\web\\Pizza_Builder_FinalProject_v3\\Pizza_Builder_Development\\vendor\\laravel\\framework\\src\\Illuminate\\Foundation\\Http\\Middleware\\ValidatePostSize.php(27): Illuminate\\Pipeline\\Pipeline->Illuminate\\Pipeline\\{closure}(Object(Illuminate\\Http\\Request))
#50 C:\\web\\Pizza_Builder_FinalProject_v3\\Pizza_Builder_Development\\vendor\\laravel\\framework\\src\\Illuminate\\Pipeline\\Pipeline.php(171): Illuminate\\Foundation\\Http\\Middleware\\ValidatePostSize->handle(Object(Illuminate\\Http\\Request), Object(Closure))
#51 C:\\web\\Pizza_Builder_FinalProject_v3\\Pizza_Builder_Development\\vendor\\laravel\\framework\\src\\Illuminate\\Foundation\\Http\\Middleware\\CheckForMaintenanceMode.php(62): Illuminate\\Pipeline\\Pipeline->Illuminate\\Pipeline\\{closure}(Object(Illuminate\\Http\\Request))
#52 C:\\web\\Pizza_Builder_FinalProject_v3\\Pizza_Builder_Development\\vendor\\laravel\\framework\\src\\Illuminate\\Pipeline\\Pipeline.php(171): Illuminate\\Foundation\\Http\\Middleware\\CheckForMaintenanceMode->handle(Object(Illuminate\\Http\\Request), Object(Closure))
#53 C:\\web\\Pizza_Builder_FinalProject_v3\\Pizza_Builder_Development\\vendor\\fideloper\\proxy\\src\\TrustProxies.php(57): Illuminate\\Pipeline\\Pipeline->Illuminate\\Pipeline\\{closure}(Object(Illuminate\\Http\\Request))
#54 C:\\web\\Pizza_Builder_FinalProject_v3\\Pizza_Builder_Development\\vendor\\laravel\\framework\\src\\Illuminate\\Pipeline\\Pipeline.php(171): Fideloper\\Proxy\\TrustProxies->handle(Object(Illuminate\\Http\\Request), Object(Closure))
#55 C:\\web\\Pizza_Builder_FinalProject_v3\\Pizza_Builder_Development\\vendor\\laravel\\framework\\src\\Illuminate\\Pipeline\\Pipeline.php(105): Illuminate\\Pipeline\\Pipeline->Illuminate\\Pipeline\\{closure}(Object(Illuminate\\Http\\Request))
#56 C:\\web\\Pizza_Builder_FinalProject_v3\\Pizza_Builder_Development\\vendor\\laravel\\framework\\src\\Illuminate\\Foundation\\Http\\Kernel.php(151): Illuminate\\Pipeline\\Pipeline->then(Object(Closure))
#57 C:\\web\\Pizza_Builder_FinalProject_v3\\Pizza_Builder_Development\\vendor\\laravel\\framework\\src\\Illuminate\\Foundation\\Http\\Kernel.php(116): Illuminate\\Foundation\\Http\\Kernel->sendRequestThroughRouter(Object(Illuminate\\Http\\Request))
#58 C:\\web\\Pizza_Builder_FinalProject_v3\\Pizza_Builder_Development\\public\\index.php(55): Illuminate\\Foundation\\Http\\Kernel->handle(Object(Illuminate\\Http\\Request))
#59 C:\\web\\Pizza_Builder_FinalProject_v3\\Pizza_Builder_Development\\server.php(21): require_once('C:\\\\web\\\\Pizza_Bu...')
#60 {main}
"} 
